2026-05-12 11:59:17.022 +08:00 [WRN] Entity 'Equipment' has a global query filter defined and is the required end of a relationship with the entity 'MaintenancePlan'. This may lead to unexpected results when the required entity is filtered out. Either configure the navigation as optional, or define matching query filters for both entities in the navigation. See https://go.microsoft.com/fwlink/?linkid=2131316 for more information.
2026-05-12 11:59:17.050 +08:00 [WRN] Entity 'Material' has a global query filter defined and is the required end of a relationship with the entity 'MaterialTrace'. This may lead to unexpected results when the required entity is filtered out. Either configure the navigation as optional, or define matching query filters for both entities in the navigation. See https://go.microsoft.com/fwlink/?linkid=2131316 for more information.
2026-05-12 11:59:17.051 +08:00 [WRN] Entity 'Routing' has a global query filter defined and is the required end of a relationship with the entity 'RoutingStep'. This may lead to unexpected results when the required entity is filtered out. Either configure the navigation as optional, or define matching query filters for both entities in the navigation. See https://go.microsoft.com/fwlink/?linkid=2131316 for more information.
2026-05-12 11:59:17.052 +08:00 [WRN] Entity 'WorkOrder' has a global query filter defined and is the required end of a relationship with the entity 'WorkOrderStep'. This may lead to unexpected results when the required entity is filtered out. Either configure the navigation as optional, or define matching query filters for both entities in the navigation. See https://go.microsoft.com/fwlink/?linkid=2131316 for more information.
2026-05-12 11:59:17.053 +08:00 [WRN] Entity 'WorkOrder' has a global query filter defined and is the required end of a relationship with the entity 'WorkReport'. This may lead to unexpected results when the required entity is filtered out. Either configure the navigation as optional, or define matching query filters for both entities in the navigation. See https://go.microsoft.com/fwlink/?linkid=2131316 for more information.
2026-05-12 11:59:17.102 +08:00 [WRN] The 'EquipmentStatus' property 'Status' on entity type 'Equipment' is configured with a database-generated default, but has no configured sentinel value. The database-generated default will always be used for inserts when the property has the value 'RUNNING', since this is the CLR default for the 'EquipmentStatus' type. Consider using a nullable type, using a nullable backing field, or setting the sentinel value for the property to ensure the database default is used when, and only when, appropriate. See https://aka.ms/efcore-docs-default-values for more information.
2026-05-12 11:59:17.104 +08:00 [WRN] The 'QcResult' property 'InspectResult' on entity type 'QcInspection' is configured with a database-generated default, but has no configured sentinel value. The database-generated default will always be used for inserts when the property has the value 'PASS', since this is the CLR default for the 'QcResult' type. Consider using a nullable type, using a nullable backing field, or setting the sentinel value for the property to ensure the database default is used when, and only when, appropriate. See https://aka.ms/efcore-docs-default-values for more information.
2026-05-12 11:59:17.105 +08:00 [WRN] The 'QcResult' property 'Result' on entity type 'QcInspectionItem' is configured with a database-generated default, but has no configured sentinel value. The database-generated default will always be used for inserts when the property has the value 'PASS', since this is the CLR default for the 'QcResult' type. Consider using a nullable type, using a nullable backing field, or setting the sentinel value for the property to ensure the database default is used when, and only when, appropriate. See https://aka.ms/efcore-docs-default-values for more information.
2026-05-12 11:59:17.107 +08:00 [WRN] The 'Priority' property 'Priority' on entity type 'WorkOrder' is configured with a database-generated default, but has no configured sentinel value. The database-generated default will always be used for inserts when the property has the value 'LOW', since this is the CLR default for the 'Priority' type. Consider using a nullable type, using a nullable backing field, or setting the sentinel value for the property to ensure the database default is used when, and only when, appropriate. See https://aka.ms/efcore-docs-default-values for more information.
2026-05-12 12:00:03.053 +08:00 [WRN] Entity 'Equipment' has a global query filter defined and is the required end of a relationship with the entity 'MaintenancePlan'. This may lead to unexpected results when the required entity is filtered out. Either configure the navigation as optional, or define matching query filters for both entities in the navigation. See https://go.microsoft.com/fwlink/?linkid=2131316 for more information.
2026-05-12 12:00:03.084 +08:00 [WRN] Entity 'Material' has a global query filter defined and is the required end of a relationship with the entity 'MaterialTrace'. This may lead to unexpected results when the required entity is filtered out. Either configure the navigation as optional, or define matching query filters for both entities in the navigation. See https://go.microsoft.com/fwlink/?linkid=2131316 for more information.
2026-05-12 12:00:03.084 +08:00 [WRN] Entity 'Routing' has a global query filter defined and is the required end of a relationship with the entity 'RoutingStep'. This may lead to unexpected results when the required entity is filtered out. Either configure the navigation as optional, or define matching query filters for both entities in the navigation. See https://go.microsoft.com/fwlink/?linkid=2131316 for more information.
2026-05-12 12:00:03.084 +08:00 [WRN] Entity 'WorkOrder' has a global query filter defined and is the required end of a relationship with the entity 'WorkOrderStep'. This may lead to unexpected results when the required entity is filtered out. Either configure the navigation as optional, or define matching query filters for both entities in the navigation. See https://go.microsoft.com/fwlink/?linkid=2131316 for more information.
2026-05-12 12:00:03.084 +08:00 [WRN] Entity 'WorkOrder' has a global query filter defined and is the required end of a relationship with the entity 'WorkReport'. This may lead to unexpected results when the required entity is filtered out. Either configure the navigation as optional, or define matching query filters for both entities in the navigation. See https://go.microsoft.com/fwlink/?linkid=2131316 for more information.
2026-05-12 12:00:03.150 +08:00 [WRN] The 'EquipmentStatus' property 'Status' on entity type 'Equipment' is configured with a database-generated default, but has no configured sentinel value. The database-generated default will always be used for inserts when the property has the value 'RUNNING', since this is the CLR default for the 'EquipmentStatus' type. Consider using a nullable type, using a nullable backing field, or setting the sentinel value for the property to ensure the database default is used when, and only when, appropriate. See https://aka.ms/efcore-docs-default-values for more information.
2026-05-12 12:00:03.151 +08:00 [WRN] The 'QcResult' property 'InspectResult' on entity type 'QcInspection' is configured with a database-generated default, but has no configured sentinel value. The database-generated default will always be used for inserts when the property has the value 'PASS', since this is the CLR default for the 'QcResult' type. Consider using a nullable type, using a nullable backing field, or setting the sentinel value for the property to ensure the database default is used when, and only when, appropriate. See https://aka.ms/efcore-docs-default-values for more information.
2026-05-12 12:00:03.151 +08:00 [WRN] The 'QcResult' property 'Result' on entity type 'QcInspectionItem' is configured with a database-generated default, but has no configured sentinel value. The database-generated default will always be used for inserts when the property has the value 'PASS', since this is the CLR default for the 'QcResult' type. Consider using a nullable type, using a nullable backing field, or setting the sentinel value for the property to ensure the database default is used when, and only when, appropriate. See https://aka.ms/efcore-docs-default-values for more information.
2026-05-12 12:00:03.151 +08:00 [WRN] The 'Priority' property 'Priority' on entity type 'WorkOrder' is configured with a database-generated default, but has no configured sentinel value. The database-generated default will always be used for inserts when the property has the value 'LOW', since this is the CLR default for the 'Priority' type. Consider using a nullable type, using a nullable backing field, or setting the sentinel value for the property to ensure the database default is used when, and only when, appropriate. See https://aka.ms/efcore-docs-default-values for more information.
2026-05-12 12:00:49.727 +08:00 [WRN] Entity 'Equipment' has a global query filter defined and is the required end of a relationship with the entity 'MaintenancePlan'. This may lead to unexpected results when the required entity is filtered out. Either configure the navigation as optional, or define matching query filters for both entities in the navigation. See https://go.microsoft.com/fwlink/?linkid=2131316 for more information.
2026-05-12 12:00:49.755 +08:00 [WRN] Entity 'Material' has a global query filter defined and is the required end of a relationship with the entity 'MaterialTrace'. This may lead to unexpected results when the required entity is filtered out. Either configure the navigation as optional, or define matching query filters for both entities in the navigation. See https://go.microsoft.com/fwlink/?linkid=2131316 for more information.
2026-05-12 12:00:49.755 +08:00 [WRN] Entity 'Routing' has a global query filter defined and is the required end of a relationship with the entity 'RoutingStep'. This may lead to unexpected results when the required entity is filtered out. Either configure the navigation as optional, or define matching query filters for both entities in the navigation. See https://go.microsoft.com/fwlink/?linkid=2131316 for more information.
2026-05-12 12:00:49.755 +08:00 [WRN] Entity 'WorkOrder' has a global query filter defined and is the required end of a relationship with the entity 'WorkOrderStep'. This may lead to unexpected results when the required entity is filtered out. Either configure the navigation as optional, or define matching query filters for both entities in the navigation. See https://go.microsoft.com/fwlink/?linkid=2131316 for more information.
2026-05-12 12:00:49.755 +08:00 [WRN] Entity 'WorkOrder' has a global query filter defined and is the required end of a relationship with the entity 'WorkReport'. This may lead to unexpected results when the required entity is filtered out. Either configure the navigation as optional, or define matching query filters for both entities in the navigation. See https://go.microsoft.com/fwlink/?linkid=2131316 for more information.
2026-05-12 12:00:49.814 +08:00 [WRN] The 'EquipmentStatus' property 'Status' on entity type 'Equipment' is configured with a database-generated default, but has no configured sentinel value. The database-generated default will always be used for inserts when the property has the value 'RUNNING', since this is the CLR default for the 'EquipmentStatus' type. Consider using a nullable type, using a nullable backing field, or setting the sentinel value for the property to ensure the database default is used when, and only when, appropriate. See https://aka.ms/efcore-docs-default-values for more information.
2026-05-12 12:00:49.814 +08:00 [WRN] The 'QcResult' property 'InspectResult' on entity type 'QcInspection' is configured with a database-generated default, but has no configured sentinel value. The database-generated default will always be used for inserts when the property has the value 'PASS', since this is the CLR default for the 'QcResult' type. Consider using a nullable type, using a nullable backing field, or setting the sentinel value for the property to ensure the database default is used when, and only when, appropriate. See https://aka.ms/efcore-docs-default-values for more information.
2026-05-12 12:00:49.814 +08:00 [WRN] The 'QcResult' property 'Result' on entity type 'QcInspectionItem' is configured with a database-generated default, but has no configured sentinel value. The database-generated default will always be used for inserts when the property has the value 'PASS', since this is the CLR default for the 'QcResult' type. Consider using a nullable type, using a nullable backing field, or setting the sentinel value for the property to ensure the database default is used when, and only when, appropriate. See https://aka.ms/efcore-docs-default-values for more information.
2026-05-12 12:00:49.814 +08:00 [WRN] The 'Priority' property 'Priority' on entity type 'WorkOrder' is configured with a database-generated default, but has no configured sentinel value. The database-generated default will always be used for inserts when the property has the value 'LOW', since this is the CLR default for the 'Priority' type. Consider using a nullable type, using a nullable backing field, or setting the sentinel value for the property to ensure the database default is used when, and only when, appropriate. See https://aka.ms/efcore-docs-default-values for more information.
2026-05-12 12:00:50.087 +08:00 [INF] Executed DbCommand (19ms) [Parameters=[], CommandType='"Text"', CommandTimeout='30']
SELECT 1
2026-05-12 12:00:50.127 +08:00 [INF] Executed DbCommand (32ms) [Parameters=[], CommandType='"Text"', CommandTimeout='30']
SELECT CASE WHEN COUNT(*) = 0 THEN FALSE ELSE TRUE END
FROM pg_class AS cls
JOIN pg_namespace AS ns ON ns.oid = cls.relnamespace
WHERE
        cls.relkind IN ('r', 'v', 'm', 'f', 'p') AND
        ns.nspname NOT IN ('pg_catalog', 'information_schema') AND
        -- Exclude tables which are members of PG extensions
        NOT EXISTS (
            SELECT 1 FROM pg_depend WHERE
                classid=(
                    SELECT cls.oid
                    FROM pg_class AS cls
                             JOIN pg_namespace AS ns ON ns.oid = cls.relnamespace
                    WHERE relname='pg_class' AND ns.nspname='pg_catalog'
                ) AND
                objid=cls.oid AND
                deptype IN ('e', 'x')
        )
2026-05-12 12:01:31.374 +08:00 [WRN] Entity 'Equipment' has a global query filter defined and is the required end of a relationship with the entity 'MaintenancePlan'. This may lead to unexpected results when the required entity is filtered out. Either configure the navigation as optional, or define matching query filters for both entities in the navigation. See https://go.microsoft.com/fwlink/?linkid=2131316 for more information.
2026-05-12 12:01:31.399 +08:00 [WRN] Entity 'Material' has a global query filter defined and is the required end of a relationship with the entity 'MaterialTrace'. This may lead to unexpected results when the required entity is filtered out. Either configure the navigation as optional, or define matching query filters for both entities in the navigation. See https://go.microsoft.com/fwlink/?linkid=2131316 for more information.
2026-05-12 12:01:31.399 +08:00 [WRN] Entity 'Routing' has a global query filter defined and is the required end of a relationship with the entity 'RoutingStep'. This may lead to unexpected results when the required entity is filtered out. Either configure the navigation as optional, or define matching query filters for both entities in the navigation. See https://go.microsoft.com/fwlink/?linkid=2131316 for more information.
2026-05-12 12:01:31.399 +08:00 [WRN] Entity 'WorkOrder' has a global query filter defined and is the required end of a relationship with the entity 'WorkOrderStep'. This may lead to unexpected results when the required entity is filtered out. Either configure the navigation as optional, or define matching query filters for both entities in the navigation. See https://go.microsoft.com/fwlink/?linkid=2131316 for more information.
2026-05-12 12:01:31.399 +08:00 [WRN] Entity 'WorkOrder' has a global query filter defined and is the required end of a relationship with the entity 'WorkReport'. This may lead to unexpected results when the required entity is filtered out. Either configure the navigation as optional, or define matching query filters for both entities in the navigation. See https://go.microsoft.com/fwlink/?linkid=2131316 for more information.
2026-05-12 12:01:31.446 +08:00 [WRN] The 'EquipmentStatus' property 'Status' on entity type 'Equipment' is configured with a database-generated default, but has no configured sentinel value. The database-generated default will always be used for inserts when the property has the value 'RUNNING', since this is the CLR default for the 'EquipmentStatus' type. Consider using a nullable type, using a nullable backing field, or setting the sentinel value for the property to ensure the database default is used when, and only when, appropriate. See https://aka.ms/efcore-docs-default-values for more information.
2026-05-12 12:01:31.446 +08:00 [WRN] The 'QcResult' property 'InspectResult' on entity type 'QcInspection' is configured with a database-generated default, but has no configured sentinel value. The database-generated default will always be used for inserts when the property has the value 'PASS', since this is the CLR default for the 'QcResult' type. Consider using a nullable type, using a nullable backing field, or setting the sentinel value for the property to ensure the database default is used when, and only when, appropriate. See https://aka.ms/efcore-docs-default-values for more information.
2026-05-12 12:01:31.446 +08:00 [WRN] The 'QcResult' property 'Result' on entity type 'QcInspectionItem' is configured with a database-generated default, but has no configured sentinel value. The database-generated default will always be used for inserts when the property has the value 'PASS', since this is the CLR default for the 'QcResult' type. Consider using a nullable type, using a nullable backing field, or setting the sentinel value for the property to ensure the database default is used when, and only when, appropriate. See https://aka.ms/efcore-docs-default-values for more information.
2026-05-12 12:01:31.446 +08:00 [WRN] The 'Priority' property 'Priority' on entity type 'WorkOrder' is configured with a database-generated default, but has no configured sentinel value. The database-generated default will always be used for inserts when the property has the value 'LOW', since this is the CLR default for the 'Priority' type. Consider using a nullable type, using a nullable backing field, or setting the sentinel value for the property to ensure the database default is used when, and only when, appropriate. See https://aka.ms/efcore-docs-default-values for more information.
2026-05-12 12:01:31.699 +08:00 [INF] Executed DbCommand (19ms) [Parameters=[], CommandType='"Text"', CommandTimeout='30']
SELECT 1
2026-05-12 12:01:31.734 +08:00 [INF] Executed DbCommand (27ms) [Parameters=[], CommandType='"Text"', CommandTimeout='30']
SELECT CASE WHEN COUNT(*) = 0 THEN FALSE ELSE TRUE END
FROM pg_class AS cls
JOIN pg_namespace AS ns ON ns.oid = cls.relnamespace
WHERE
        cls.relkind IN ('r', 'v', 'm', 'f', 'p') AND
        ns.nspname NOT IN ('pg_catalog', 'information_schema') AND
        -- Exclude tables which are members of PG extensions
        NOT EXISTS (
            SELECT 1 FROM pg_depend WHERE
                classid=(
                    SELECT cls.oid
                    FROM pg_class AS cls
                             JOIN pg_namespace AS ns ON ns.oid = cls.relnamespace
                    WHERE relname='pg_class' AND ns.nspname='pg_catalog'
                ) AND
                objid=cls.oid AND
                deptype IN ('e', 'x')
        )
2026-05-12 12:01:32.015 +08:00 [INF] Executed DbCommand (3ms) [Parameters=[], CommandType='"Text"', CommandTimeout='30']
SELECT EXISTS (
    SELECT 1
    FROM mes_user AS m
    WHERE NOT (m.is_deleted))
2026-05-12 12:01:32.022 +08:00 [INF] MES API starting on http://localhost:5180
2026-05-12 12:01:32.035 +08:00 [INF] User profile is available. Using 'C:\Users\xudon\AppData\Local\ASP.NET\DataProtection-Keys' as key repository and Windows DPAPI to encrypt keys at rest.
2026-05-12 12:01:32.102 +08:00 [INF] Now listening on: http://localhost:5180
2026-05-12 12:01:32.104 +08:00 [INF] Application started. Press Ctrl+C to shut down.
2026-05-12 12:01:32.104 +08:00 [INF] Hosting environment: Development
2026-05-12 12:01:32.104 +08:00 [INF] Content root path: D:\Project\MES-Framework\src\MES.Api
