2026-05-12 12:02:25.663 +08:00 [WRN] Entity 'Equipment' has a global query filter defined and is the required end of a relationship with the entity 'MaintenancePlan'. This may lead to unexpected results when the required entity is filtered out. Either configure the navigation as optional, or define matching query filters for both entities in the navigation. See https://go.microsoft.com/fwlink/?linkid=2131316 for more information.
2026-05-12 12:02:25.695 +08:00 [WRN] Entity 'Material' has a global query filter defined and is the required end of a relationship with the entity 'MaterialTrace'. This may lead to unexpected results when the required entity is filtered out. Either configure the navigation as optional, or define matching query filters for both entities in the navigation. See https://go.microsoft.com/fwlink/?linkid=2131316 for more information.
2026-05-12 12:02:25.695 +08:00 [WRN] Entity 'Routing' has a global query filter defined and is the required end of a relationship with the entity 'RoutingStep'. This may lead to unexpected results when the required entity is filtered out. Either configure the navigation as optional, or define matching query filters for both entities in the navigation. See https://go.microsoft.com/fwlink/?linkid=2131316 for more information.
2026-05-12 12:02:25.696 +08:00 [WRN] Entity 'WorkOrder' has a global query filter defined and is the required end of a relationship with the entity 'WorkOrderStep'. This may lead to unexpected results when the required entity is filtered out. Either configure the navigation as optional, or define matching query filters for both entities in the navigation. See https://go.microsoft.com/fwlink/?linkid=2131316 for more information.
2026-05-12 12:02:25.696 +08:00 [WRN] Entity 'WorkOrder' has a global query filter defined and is the required end of a relationship with the entity 'WorkReport'. This may lead to unexpected results when the required entity is filtered out. Either configure the navigation as optional, or define matching query filters for both entities in the navigation. See https://go.microsoft.com/fwlink/?linkid=2131316 for more information.
2026-05-12 12:02:25.758 +08:00 [WRN] The 'EquipmentStatus' property 'Status' on entity type 'Equipment' is configured with a database-generated default, but has no configured sentinel value. The database-generated default will always be used for inserts when the property has the value 'RUNNING', since this is the CLR default for the 'EquipmentStatus' type. Consider using a nullable type, using a nullable backing field, or setting the sentinel value for the property to ensure the database default is used when, and only when, appropriate. See https://aka.ms/efcore-docs-default-values for more information.
2026-05-12 12:02:25.758 +08:00 [WRN] The 'QcResult' property 'InspectResult' on entity type 'QcInspection' is configured with a database-generated default, but has no configured sentinel value. The database-generated default will always be used for inserts when the property has the value 'PASS', since this is the CLR default for the 'QcResult' type. Consider using a nullable type, using a nullable backing field, or setting the sentinel value for the property to ensure the database default is used when, and only when, appropriate. See https://aka.ms/efcore-docs-default-values for more information.
2026-05-12 12:02:25.758 +08:00 [WRN] The 'QcResult' property 'Result' on entity type 'QcInspectionItem' is configured with a database-generated default, but has no configured sentinel value. The database-generated default will always be used for inserts when the property has the value 'PASS', since this is the CLR default for the 'QcResult' type. Consider using a nullable type, using a nullable backing field, or setting the sentinel value for the property to ensure the database default is used when, and only when, appropriate. See https://aka.ms/efcore-docs-default-values for more information.
2026-05-12 12:02:25.758 +08:00 [WRN] The 'Priority' property 'Priority' on entity type 'WorkOrder' is configured with a database-generated default, but has no configured sentinel value. The database-generated default will always be used for inserts when the property has the value 'LOW', since this is the CLR default for the 'Priority' type. Consider using a nullable type, using a nullable backing field, or setting the sentinel value for the property to ensure the database default is used when, and only when, appropriate. See https://aka.ms/efcore-docs-default-values for more information.
2026-05-12 12:02:26.017 +08:00 [INF] Executed DbCommand (20ms) [Parameters=[], CommandType='"Text"', CommandTimeout='30']
SELECT 1
2026-05-12 12:02:26.056 +08:00 [INF] Executed DbCommand (31ms) [Parameters=[], CommandType='"Text"', CommandTimeout='30']
SELECT CASE WHEN COUNT(*) = 0 THEN FALSE ELSE TRUE END
FROM pg_class AS cls
JOIN pg_namespace AS ns ON ns.oid = cls.relnamespace
WHERE
        cls.relkind IN ('r', 'v', 'm', 'f', 'p') AND
        ns.nspname NOT IN ('pg_catalog', 'information_schema') AND
        -- Exclude tables which are members of PG extensions
        NOT EXISTS (
            SELECT 1 FROM pg_depend WHERE
                classid=(
                    SELECT cls.oid
                    FROM pg_class AS cls
                             JOIN pg_namespace AS ns ON ns.oid = cls.relnamespace
                    WHERE relname='pg_class' AND ns.nspname='pg_catalog'
                ) AND
                objid=cls.oid AND
                deptype IN ('e', 'x')
        )
2026-05-12 12:02:26.334 +08:00 [INF] Executed DbCommand (1ms) [Parameters=[], CommandType='"Text"', CommandTimeout='30']
SELECT EXISTS (
    SELECT 1
    FROM mes_user AS m
    WHERE NOT (m.is_deleted))
2026-05-12 12:02:26.342 +08:00 [INF] MES API starting on http://localhost:5180
2026-05-12 12:02:26.353 +08:00 [INF] User profile is available. Using 'C:\Users\xudon\AppData\Local\ASP.NET\DataProtection-Keys' as key repository and Windows DPAPI to encrypt keys at rest.
2026-05-12 12:02:26.406 +08:00 [ERR] Hosting failed to start
System.IO.IOException: Failed to bind to address http://127.0.0.1:5180: address already in use.
 ---> Microsoft.AspNetCore.Connections.AddressInUseException: 通常每个套接字地址(协议/网络地址/端口)只允许使用一次。
 ---> System.Net.Sockets.SocketException (10048): 通常每个套接字地址(协议/网络地址/端口)只允许使用一次。
   at System.Net.Sockets.Socket.UpdateStatusAfterSocketErrorAndThrowException(SocketError error, Boolean disconnectOnFailure, String callerName)
   at System.Net.Sockets.Socket.DoBind(EndPoint endPointSnapshot, SocketAddress socketAddress)
   at System.Net.Sockets.Socket.Bind(EndPoint localEP)
   at Microsoft.AspNetCore.Server.Kestrel.Transport.Sockets.SocketTransportOptions.CreateDefaultBoundListenSocket(EndPoint endpoint)
   at Microsoft.AspNetCore.Server.Kestrel.Transport.Sockets.SocketConnectionListener.Bind()
   --- End of inner exception stack trace ---
   at Microsoft.AspNetCore.Server.Kestrel.Transport.Sockets.SocketConnectionListener.Bind()
   at Microsoft.AspNetCore.Server.Kestrel.Transport.Sockets.SocketTransportFactory.BindAsync(EndPoint endpoint, CancellationToken cancellationToken)
   at Microsoft.AspNetCore.Server.Kestrel.Core.Internal.Infrastructure.TransportManager.BindAsync(EndPoint endPoint, ConnectionDelegate connectionDelegate, EndpointConfig endpointConfig, CancellationToken cancellationToken)
   at Microsoft.AspNetCore.Server.Kestrel.Core.KestrelServerImpl.<>c__DisplayClass28_0`1.<<StartAsync>g__OnBind|0>d.MoveNext()
--- End of stack trace from previous location ---
   at Microsoft.AspNetCore.Server.Kestrel.Core.Internal.AddressBinder.BindEndpointAsync(ListenOptions endpoint, AddressBindContext context, CancellationToken cancellationToken)
   --- End of inner exception stack trace ---
   at Microsoft.AspNetCore.Server.Kestrel.Core.Internal.AddressBinder.BindEndpointAsync(ListenOptions endpoint, AddressBindContext context, CancellationToken cancellationToken)
   at Microsoft.AspNetCore.Server.Kestrel.Core.LocalhostListenOptions.BindAsync(AddressBindContext context, CancellationToken cancellationToken)
   at Microsoft.AspNetCore.Server.Kestrel.Core.Internal.AddressBinder.AddressesStrategy.BindAsync(AddressBindContext context, CancellationToken cancellationToken)
   at Microsoft.AspNetCore.Server.Kestrel.Core.KestrelServerImpl.BindAsync(CancellationToken cancellationToken)
   at Microsoft.AspNetCore.Server.Kestrel.Core.KestrelServerImpl.StartAsync[TContext](IHttpApplication`1 application, CancellationToken cancellationToken)
   at Microsoft.AspNetCore.Hosting.GenericWebHostService.StartAsync(CancellationToken cancellationToken)
   at Microsoft.Extensions.Hosting.Internal.Host.<StartAsync>b__14_1(IHostedService service, CancellationToken token)
   at Microsoft.Extensions.Hosting.Internal.Host.ForeachService[T](IEnumerable`1 services, CancellationToken token, Boolean concurrent, Boolean abortOnFirstException, List`1 exceptions, Func`3 operation)
2026-05-12 12:02:49.889 +08:00 [WRN] Entity 'Equipment' has a global query filter defined and is the required end of a relationship with the entity 'MaintenancePlan'. This may lead to unexpected results when the required entity is filtered out. Either configure the navigation as optional, or define matching query filters for both entities in the navigation. See https://go.microsoft.com/fwlink/?linkid=2131316 for more information.
2026-05-12 12:02:49.916 +08:00 [WRN] Entity 'Material' has a global query filter defined and is the required end of a relationship with the entity 'MaterialTrace'. This may lead to unexpected results when the required entity is filtered out. Either configure the navigation as optional, or define matching query filters for both entities in the navigation. See https://go.microsoft.com/fwlink/?linkid=2131316 for more information.
2026-05-12 12:02:49.916 +08:00 [WRN] Entity 'Routing' has a global query filter defined and is the required end of a relationship with the entity 'RoutingStep'. This may lead to unexpected results when the required entity is filtered out. Either configure the navigation as optional, or define matching query filters for both entities in the navigation. See https://go.microsoft.com/fwlink/?linkid=2131316 for more information.
2026-05-12 12:02:49.916 +08:00 [WRN] Entity 'WorkOrder' has a global query filter defined and is the required end of a relationship with the entity 'WorkOrderStep'. This may lead to unexpected results when the required entity is filtered out. Either configure the navigation as optional, or define matching query filters for both entities in the navigation. See https://go.microsoft.com/fwlink/?linkid=2131316 for more information.
2026-05-12 12:02:49.916 +08:00 [WRN] Entity 'WorkOrder' has a global query filter defined and is the required end of a relationship with the entity 'WorkReport'. This may lead to unexpected results when the required entity is filtered out. Either configure the navigation as optional, or define matching query filters for both entities in the navigation. See https://go.microsoft.com/fwlink/?linkid=2131316 for more information.
2026-05-12 12:02:49.967 +08:00 [WRN] The 'EquipmentStatus' property 'Status' on entity type 'Equipment' is configured with a database-generated default, but has no configured sentinel value. The database-generated default will always be used for inserts when the property has the value 'RUNNING', since this is the CLR default for the 'EquipmentStatus' type. Consider using a nullable type, using a nullable backing field, or setting the sentinel value for the property to ensure the database default is used when, and only when, appropriate. See https://aka.ms/efcore-docs-default-values for more information.
2026-05-12 12:02:49.967 +08:00 [WRN] The 'QcResult' property 'InspectResult' on entity type 'QcInspection' is configured with a database-generated default, but has no configured sentinel value. The database-generated default will always be used for inserts when the property has the value 'PASS', since this is the CLR default for the 'QcResult' type. Consider using a nullable type, using a nullable backing field, or setting the sentinel value for the property to ensure the database default is used when, and only when, appropriate. See https://aka.ms/efcore-docs-default-values for more information.
2026-05-12 12:02:49.967 +08:00 [WRN] The 'QcResult' property 'Result' on entity type 'QcInspectionItem' is configured with a database-generated default, but has no configured sentinel value. The database-generated default will always be used for inserts when the property has the value 'PASS', since this is the CLR default for the 'QcResult' type. Consider using a nullable type, using a nullable backing field, or setting the sentinel value for the property to ensure the database default is used when, and only when, appropriate. See https://aka.ms/efcore-docs-default-values for more information.
2026-05-12 12:02:49.967 +08:00 [WRN] The 'Priority' property 'Priority' on entity type 'WorkOrder' is configured with a database-generated default, but has no configured sentinel value. The database-generated default will always be used for inserts when the property has the value 'LOW', since this is the CLR default for the 'Priority' type. Consider using a nullable type, using a nullable backing field, or setting the sentinel value for the property to ensure the database default is used when, and only when, appropriate. See https://aka.ms/efcore-docs-default-values for more information.
2026-05-12 12:02:50.230 +08:00 [INF] Executed DbCommand (19ms) [Parameters=[], CommandType='"Text"', CommandTimeout='30']
SELECT 1
2026-05-12 12:02:50.266 +08:00 [INF] Executed DbCommand (28ms) [Parameters=[], CommandType='"Text"', CommandTimeout='30']
SELECT CASE WHEN COUNT(*) = 0 THEN FALSE ELSE TRUE END
FROM pg_class AS cls
JOIN pg_namespace AS ns ON ns.oid = cls.relnamespace
WHERE
        cls.relkind IN ('r', 'v', 'm', 'f', 'p') AND
        ns.nspname NOT IN ('pg_catalog', 'information_schema') AND
        -- Exclude tables which are members of PG extensions
        NOT EXISTS (
            SELECT 1 FROM pg_depend WHERE
                classid=(
                    SELECT cls.oid
                    FROM pg_class AS cls
                             JOIN pg_namespace AS ns ON ns.oid = cls.relnamespace
                    WHERE relname='pg_class' AND ns.nspname='pg_catalog'
                ) AND
                objid=cls.oid AND
                deptype IN ('e', 'x')
        )
2026-05-12 12:02:50.560 +08:00 [INF] Executed DbCommand (1ms) [Parameters=[], CommandType='"Text"', CommandTimeout='30']
SELECT EXISTS (
    SELECT 1
    FROM mes_user AS m
    WHERE NOT (m.is_deleted))
2026-05-12 12:02:50.567 +08:00 [INF] MES API starting on http://localhost:5180
2026-05-12 12:02:50.579 +08:00 [INF] User profile is available. Using 'C:\Users\xudon\AppData\Local\ASP.NET\DataProtection-Keys' as key repository and Windows DPAPI to encrypt keys at rest.
2026-05-12 12:02:50.623 +08:00 [INF] Now listening on: http://localhost:5180
2026-05-12 12:02:50.624 +08:00 [INF] Application started. Press Ctrl+C to shut down.
2026-05-12 12:02:50.624 +08:00 [INF] Hosting environment: Development
2026-05-12 12:02:50.624 +08:00 [INF] Content root path: D:\Project\MES-Framework\src\MES.Api
2026-05-12 12:05:10.013 +08:00 [WRN] Entity 'Equipment' has a global query filter defined and is the required end of a relationship with the entity 'MaintenancePlan'. This may lead to unexpected results when the required entity is filtered out. Either configure the navigation as optional, or define matching query filters for both entities in the navigation. See https://go.microsoft.com/fwlink/?linkid=2131316 for more information.
2026-05-12 12:05:10.041 +08:00 [WRN] Entity 'Material' has a global query filter defined and is the required end of a relationship with the entity 'MaterialTrace'. This may lead to unexpected results when the required entity is filtered out. Either configure the navigation as optional, or define matching query filters for both entities in the navigation. See https://go.microsoft.com/fwlink/?linkid=2131316 for more information.
2026-05-12 12:05:10.042 +08:00 [WRN] Entity 'Routing' has a global query filter defined and is the required end of a relationship with the entity 'RoutingStep'. This may lead to unexpected results when the required entity is filtered out. Either configure the navigation as optional, or define matching query filters for both entities in the navigation. See https://go.microsoft.com/fwlink/?linkid=2131316 for more information.
2026-05-12 12:05:10.043 +08:00 [WRN] Entity 'WorkOrder' has a global query filter defined and is the required end of a relationship with the entity 'WorkOrderStep'. This may lead to unexpected results when the required entity is filtered out. Either configure the navigation as optional, or define matching query filters for both entities in the navigation. See https://go.microsoft.com/fwlink/?linkid=2131316 for more information.
2026-05-12 12:05:10.044 +08:00 [WRN] Entity 'WorkOrder' has a global query filter defined and is the required end of a relationship with the entity 'WorkReport'. This may lead to unexpected results when the required entity is filtered out. Either configure the navigation as optional, or define matching query filters for both entities in the navigation. See https://go.microsoft.com/fwlink/?linkid=2131316 for more information.
2026-05-12 12:05:10.096 +08:00 [WRN] The 'EquipmentStatus' property 'Status' on entity type 'Equipment' is configured with a database-generated default, but has no configured sentinel value. The database-generated default will always be used for inserts when the property has the value 'RUNNING', since this is the CLR default for the 'EquipmentStatus' type. Consider using a nullable type, using a nullable backing field, or setting the sentinel value for the property to ensure the database default is used when, and only when, appropriate. See https://aka.ms/efcore-docs-default-values for more information.
2026-05-12 12:05:10.097 +08:00 [WRN] The 'QcResult' property 'InspectResult' on entity type 'QcInspection' is configured with a database-generated default, but has no configured sentinel value. The database-generated default will always be used for inserts when the property has the value 'PASS', since this is the CLR default for the 'QcResult' type. Consider using a nullable type, using a nullable backing field, or setting the sentinel value for the property to ensure the database default is used when, and only when, appropriate. See https://aka.ms/efcore-docs-default-values for more information.
2026-05-12 12:05:10.098 +08:00 [WRN] The 'QcResult' property 'Result' on entity type 'QcInspectionItem' is configured with a database-generated default, but has no configured sentinel value. The database-generated default will always be used for inserts when the property has the value 'PASS', since this is the CLR default for the 'QcResult' type. Consider using a nullable type, using a nullable backing field, or setting the sentinel value for the property to ensure the database default is used when, and only when, appropriate. See https://aka.ms/efcore-docs-default-values for more information.
2026-05-12 12:05:10.100 +08:00 [WRN] The 'Priority' property 'Priority' on entity type 'WorkOrder' is configured with a database-generated default, but has no configured sentinel value. The database-generated default will always be used for inserts when the property has the value 'LOW', since this is the CLR default for the 'Priority' type. Consider using a nullable type, using a nullable backing field, or setting the sentinel value for the property to ensure the database default is used when, and only when, appropriate. See https://aka.ms/efcore-docs-default-values for more information.
2026-05-12 12:05:10.360 +08:00 [INF] Executed DbCommand (19ms) [Parameters=[], CommandType='"Text"', CommandTimeout='30']
SELECT 1
2026-05-12 12:05:10.397 +08:00 [INF] Executed DbCommand (28ms) [Parameters=[], CommandType='"Text"', CommandTimeout='30']
SELECT CASE WHEN COUNT(*) = 0 THEN FALSE ELSE TRUE END
FROM pg_class AS cls
JOIN pg_namespace AS ns ON ns.oid = cls.relnamespace
WHERE
        cls.relkind IN ('r', 'v', 'm', 'f', 'p') AND
        ns.nspname NOT IN ('pg_catalog', 'information_schema') AND
        -- Exclude tables which are members of PG extensions
        NOT EXISTS (
            SELECT 1 FROM pg_depend WHERE
                classid=(
                    SELECT cls.oid
                    FROM pg_class AS cls
                             JOIN pg_namespace AS ns ON ns.oid = cls.relnamespace
                    WHERE relname='pg_class' AND ns.nspname='pg_catalog'
                ) AND
                objid=cls.oid AND
                deptype IN ('e', 'x')
        )
2026-05-12 12:05:10.671 +08:00 [INF] Executed DbCommand (2ms) [Parameters=[], CommandType='"Text"', CommandTimeout='30']
SELECT EXISTS (
    SELECT 1
    FROM mes_user AS m
    WHERE NOT (m.is_deleted))
2026-05-12 12:05:10.680 +08:00 [INF] MES API starting on http://localhost:5180
2026-05-12 12:05:10.692 +08:00 [INF] User profile is available. Using 'C:\Users\xudon\AppData\Local\ASP.NET\DataProtection-Keys' as key repository and Windows DPAPI to encrypt keys at rest.
2026-05-12 12:05:10.735 +08:00 [INF] Now listening on: http://localhost:5180
2026-05-12 12:05:10.737 +08:00 [INF] Application started. Press Ctrl+C to shut down.
2026-05-12 12:05:10.738 +08:00 [INF] Hosting environment: Development
2026-05-12 12:05:10.739 +08:00 [INF] Content root path: D:\Project\MES-Framework\src\MES.Api
2026-05-12 12:05:31.381 +08:00 [INF] Request starting HTTP/1.1 GET http://localhost:5180/api/v1/factories - null null
2026-05-12 12:05:32.319 +08:00 [INF] Authorization failed. These requirements were not met:
DenyAnonymousAuthorizationRequirement: Requires an authenticated user.
2026-05-12 12:05:32.323 +08:00 [INF] AuthenticationScheme: Bearer was challenged.
2026-05-12 12:05:32.324 +08:00 [INF] GET /api/v1/factories responded 401 in 918ms
2026-05-12 12:05:32.331 +08:00 [INF] Request finished HTTP/1.1 GET http://localhost:5180/api/v1/factories - 401 0 null 951.2181ms
2026-05-12 12:05:37.649 +08:00 [INF] Request starting HTTP/1.1 POST http://localhost:5180/api/v1/auth/login - application/json 45
2026-05-12 12:05:37.655 +08:00 [INF] Executing endpoint 'MES.Api.Controllers.AuthController.Login (MES.Api)'
2026-05-12 12:05:37.669 +08:00 [INF] Route matched with {action = "Login", controller = "Auth"}. Executing controller action with signature System.Threading.Tasks.Task`1[Microsoft.AspNetCore.Mvc.IActionResult] Login(MES.Api.Dtos.LoginRequest) on controller MES.Api.Controllers.AuthController (MES.Api).
2026-05-12 12:05:37.790 +08:00 [INF] Executed DbCommand (14ms) [Parameters=[@request_Username='?'], CommandType='"Text"', CommandTimeout='30']
SELECT m.id, m.created_at, m.created_by, m.display_name, m.email, m.is_deleted, m.last_login_time, m.password_hash, m.phone, m.status, m.updated_at, m.updated_by, m.username
FROM mes_user AS m
WHERE NOT (m.is_deleted) AND m.username = @request_Username AND NOT (m.is_deleted)
LIMIT 1
2026-05-12 12:05:37.930 +08:00 [INF] Executed DbCommand (6ms) [Parameters=[@p2='?' (DbType = Int64), @p0='?' (DbType = DateTime), @p1='?' (DbType = DateTime)], CommandType='"Text"', CommandTimeout='30']
UPDATE mes_user SET last_login_time = @p0, updated_at = @p1
WHERE id = @p2;
2026-05-12 12:05:37.980 +08:00 [INF] Executing OkObjectResult, writing value of type 'MES.Api.Middleware.ApiResponse'.
2026-05-12 12:05:37.995 +08:00 [INF] Executed action MES.Api.Controllers.AuthController.Login (MES.Api) in 322.5147ms
2026-05-12 12:05:37.997 +08:00 [INF] Executed endpoint 'MES.Api.Controllers.AuthController.Login (MES.Api)'
2026-05-12 12:05:37.999 +08:00 [INF] POST /api/v1/auth/login responded 200 in 346ms
2026-05-12 12:05:38.004 +08:00 [INF] Request finished HTTP/1.1 POST http://localhost:5180/api/v1/auth/login - 200 null application/json; charset=utf-8 354.2923ms
2026-05-12 12:05:38.086 +08:00 [INF] Request starting HTTP/1.1 GET http://localhost:5180/api/v1/factories - application/json null
2026-05-12 12:05:38.118 +08:00 [INF] Executing endpoint 'MES.Api.Controllers.FactoryController.GetAll (MES.Api)'
2026-05-12 12:05:38.123 +08:00 [INF] Route matched with {action = "GetAll", controller = "Factory"}. Executing controller action with signature System.Threading.Tasks.Task`1[Microsoft.AspNetCore.Mvc.IActionResult] GetAll() on controller MES.Api.Controllers.FactoryController (MES.Api).
2026-05-12 12:05:38.187 +08:00 [INF] Executed DbCommand (3ms) [Parameters=[], CommandType='"Text"', CommandTimeout='30']
SELECT m.id, m.address, m.code, m.created_at, m.created_by, m.is_deleted, m.name, m.status, m.updated_at, m.updated_by
FROM mes_factory AS m
WHERE NOT (m.is_deleted)
2026-05-12 12:05:38.204 +08:00 [INF] Executing OkObjectResult, writing value of type 'MES.Api.Middleware.ApiResponse'.
2026-05-12 12:05:38.221 +08:00 [INF] Executed action MES.Api.Controllers.FactoryController.GetAll (MES.Api) in 96.4012ms
2026-05-12 12:05:38.223 +08:00 [INF] Executed endpoint 'MES.Api.Controllers.FactoryController.GetAll (MES.Api)'
2026-05-12 12:05:38.224 +08:00 [INF] GET /api/v1/factories responded 200 in 135ms
2026-05-12 12:05:38.225 +08:00 [INF] Request finished HTTP/1.1 GET http://localhost:5180/api/v1/factories - 200 null application/json; charset=utf-8 138.732ms
2026-05-12 12:05:38.246 +08:00 [INF] Request starting HTTP/1.1 GET http://localhost:5180/api/v1/workshops - application/json null
2026-05-12 12:05:38.250 +08:00 [INF] Executing endpoint 'MES.Api.Controllers.WorkshopController.GetAll (MES.Api)'
2026-05-12 12:05:38.254 +08:00 [INF] Route matched with {action = "GetAll", controller = "Workshop"}. Executing controller action with signature System.Threading.Tasks.Task`1[Microsoft.AspNetCore.Mvc.IActionResult] GetAll() on controller MES.Api.Controllers.WorkshopController (MES.Api).
2026-05-12 12:05:38.264 +08:00 [INF] Executed DbCommand (2ms) [Parameters=[], CommandType='"Text"', CommandTimeout='30']
SELECT m.id, m.code, m.created_at, m.created_by, m.factory_id, m.is_deleted, m.name, m.status, m.updated_at, m.updated_by
FROM mes_workshop AS m
WHERE NOT (m.is_deleted)
2026-05-12 12:05:38.277 +08:00 [INF] Executing OkObjectResult, writing value of type 'MES.Api.Middleware.ApiResponse'.
2026-05-12 12:05:38.280 +08:00 [INF] Executed action MES.Api.Controllers.WorkshopController.GetAll (MES.Api) in 23.836ms
2026-05-12 12:05:38.281 +08:00 [INF] Executed endpoint 'MES.Api.Controllers.WorkshopController.GetAll (MES.Api)'
2026-05-12 12:05:38.282 +08:00 [INF] GET /api/v1/workshops responded 200 in 34ms
2026-05-12 12:05:38.283 +08:00 [INF] Request finished HTTP/1.1 GET http://localhost:5180/api/v1/workshops - 200 null application/json; charset=utf-8 37.5212ms
2026-05-12 12:05:38.298 +08:00 [INF] Request starting HTTP/1.1 GET http://localhost:5180/api/v1/production-lines - application/json null
2026-05-12 12:05:38.301 +08:00 [INF] Executing endpoint 'MES.Api.Controllers.ProductionLineController.GetAll (MES.Api)'
2026-05-12 12:05:38.305 +08:00 [INF] Route matched with {action = "GetAll", controller = "ProductionLine"}. Executing controller action with signature System.Threading.Tasks.Task`1[Microsoft.AspNetCore.Mvc.IActionResult] GetAll() on controller MES.Api.Controllers.ProductionLineController (MES.Api).
2026-05-12 12:05:38.317 +08:00 [INF] Executed DbCommand (3ms) [Parameters=[], CommandType='"Text"', CommandTimeout='30']
SELECT m.id, m.code, m.created_at, m.created_by, m.is_deleted, m.line_type, m.name, m.status, m.updated_at, m.updated_by, m.workshop_id
FROM mes_production_line AS m
WHERE NOT (m.is_deleted)
2026-05-12 12:05:38.333 +08:00 [INF] Executing OkObjectResult, writing value of type 'MES.Api.Middleware.ApiResponse'.
2026-05-12 12:05:38.337 +08:00 [INF] Executed action MES.Api.Controllers.ProductionLineController.GetAll (MES.Api) in 29.545ms
2026-05-12 12:05:38.338 +08:00 [INF] Executed endpoint 'MES.Api.Controllers.ProductionLineController.GetAll (MES.Api)'
2026-05-12 12:05:38.339 +08:00 [INF] GET /api/v1/production-lines responded 200 in 38ms
2026-05-12 12:05:38.340 +08:00 [INF] Request finished HTTP/1.1 GET http://localhost:5180/api/v1/production-lines - 200 null application/json; charset=utf-8 41.7073ms
2026-05-12 12:05:38.356 +08:00 [INF] Request starting HTTP/1.1 GET http://localhost:5180/api/v1/workstations - application/json null
2026-05-12 12:05:38.358 +08:00 [INF] Executing endpoint 'MES.Api.Controllers.WorkstationController.GetAll (MES.Api)'
2026-05-12 12:05:38.362 +08:00 [INF] Route matched with {action = "GetAll", controller = "Workstation"}. Executing controller action with signature System.Threading.Tasks.Task`1[Microsoft.AspNetCore.Mvc.IActionResult] GetAll() on controller MES.Api.Controllers.WorkstationController (MES.Api).
2026-05-12 12:05:38.373 +08:00 [INF] Executed DbCommand (2ms) [Parameters=[], CommandType='"Text"', CommandTimeout='30']
SELECT m.id, m.code, m.created_at, m.created_by, m.is_deleted, m.line_id, m.name, m.seq_no, m.status, m.updated_at, m.updated_by
FROM mes_workstation AS m
WHERE NOT (m.is_deleted)
2026-05-12 12:05:38.388 +08:00 [INF] Executing OkObjectResult, writing value of type 'MES.Api.Middleware.ApiResponse'.
2026-05-12 12:05:38.390 +08:00 [INF] Executed action MES.Api.Controllers.WorkstationController.GetAll (MES.Api) in 26.0514ms
2026-05-12 12:05:38.391 +08:00 [INF] Executed endpoint 'MES.Api.Controllers.WorkstationController.GetAll (MES.Api)'
2026-05-12 12:05:38.392 +08:00 [INF] GET /api/v1/workstations responded 200 in 34ms
2026-05-12 12:05:38.394 +08:00 [INF] Request finished HTTP/1.1 GET http://localhost:5180/api/v1/workstations - 200 null application/json; charset=utf-8 38.1406ms
2026-05-12 12:05:38.409 +08:00 [INF] Request starting HTTP/1.1 GET http://localhost:5180/api/v1/materials - application/json null
2026-05-12 12:05:38.411 +08:00 [INF] Executing endpoint 'MES.Api.Controllers.MaterialController.GetAll (MES.Api)'
2026-05-12 12:05:38.416 +08:00 [INF] Route matched with {action = "GetAll", controller = "Material"}. Executing controller action with signature System.Threading.Tasks.Task`1[Microsoft.AspNetCore.Mvc.IActionResult] GetAll() on controller MES.Api.Controllers.MaterialController (MES.Api).
2026-05-12 12:05:38.426 +08:00 [INF] Executed DbCommand (2ms) [Parameters=[], CommandType='"Text"', CommandTimeout='30']
SELECT m.id, m.bom_level, m.category, m.code, m.created_at, m.created_by, m.is_deleted, m.name, m.spec, m.status, m.stock_qty, m.unit, m.updated_at, m.updated_by
FROM mes_material AS m
WHERE NOT (m.is_deleted)
2026-05-12 12:05:38.451 +08:00 [INF] Executing OkObjectResult, writing value of type 'MES.Api.Middleware.ApiResponse'.
2026-05-12 12:05:38.460 +08:00 [INF] Executed action MES.Api.Controllers.MaterialController.GetAll (MES.Api) in 41.341ms
2026-05-12 12:05:38.461 +08:00 [INF] Executed endpoint 'MES.Api.Controllers.MaterialController.GetAll (MES.Api)'
2026-05-12 12:05:38.462 +08:00 [INF] GET /api/v1/materials responded 200 in 50ms
2026-05-12 12:05:38.463 +08:00 [INF] Request finished HTTP/1.1 GET http://localhost:5180/api/v1/materials - 200 null application/json; charset=utf-8 53.9814ms
2026-05-12 12:05:38.478 +08:00 [INF] Request starting HTTP/1.1 GET http://localhost:5180/api/v1/routings - application/json null
2026-05-12 12:05:38.480 +08:00 [INF] Executing endpoint 'MES.Api.Controllers.RoutingController.GetAll (MES.Api)'
2026-05-12 12:05:38.485 +08:00 [INF] Route matched with {action = "GetAll", controller = "Routing"}. Executing controller action with signature System.Threading.Tasks.Task`1[Microsoft.AspNetCore.Mvc.IActionResult] GetAll() on controller MES.Api.Controllers.RoutingController (MES.Api).
2026-05-12 12:05:38.553 +08:00 [INF] Executed DbCommand (4ms) [Parameters=[], CommandType='"Text"', CommandTimeout='30']
SELECT m.id, m.created_at, m.created_by, m.is_deleted, m.material_id, m.routing_code, m.routing_name, m.status, m.updated_at, m.updated_by, m.version, m0.id, m0.created_at, m0.created_by, m0.is_deleted, m0.is_qc_point, m0.is_scrap_point, m0.routing_id, m0.standard_time, m0.step_name, m0.step_no, m0.updated_at, m0.updated_by, m0.workstation_type
FROM mes_routing AS m
LEFT JOIN mes_routing_step AS m0 ON m.id = m0.routing_id
WHERE NOT (m.is_deleted)
ORDER BY m.id
2026-05-12 12:05:38.591 +08:00 [INF] Executing OkObjectResult, writing value of type 'MES.Api.Middleware.ApiResponse'.
2026-05-12 12:05:38.596 +08:00 [INF] Executed action MES.Api.Controllers.RoutingController.GetAll (MES.Api) in 108.6052ms
2026-05-12 12:05:38.597 +08:00 [INF] Executed endpoint 'MES.Api.Controllers.RoutingController.GetAll (MES.Api)'
2026-05-12 12:05:38.598 +08:00 [INF] GET /api/v1/routings responded 200 in 117ms
2026-05-12 12:05:38.599 +08:00 [INF] Request finished HTTP/1.1 GET http://localhost:5180/api/v1/routings - 200 null application/json; charset=utf-8 121.055ms
2026-05-12 12:05:38.614 +08:00 [INF] Request starting HTTP/1.1 GET http://localhost:5180/api/v1/boms - application/json null
2026-05-12 12:05:38.617 +08:00 [INF] Executing endpoint 'MES.Api.Controllers.BomController.GetAll (MES.Api)'
2026-05-12 12:05:38.621 +08:00 [INF] Route matched with {action = "GetAll", controller = "Bom"}. Executing controller action with signature System.Threading.Tasks.Task`1[Microsoft.AspNetCore.Mvc.IActionResult] GetAll() on controller MES.Api.Controllers.BomController (MES.Api).
2026-05-12 12:05:38.631 +08:00 [INF] Executed DbCommand (2ms) [Parameters=[], CommandType='"Text"', CommandTimeout='30']
SELECT m.id, m.created_at, m.created_by, m.is_deleted, m.material_id, m.product_id, m.quantity, m.scrap_rate, m.seq_no, m.status, m.updated_at, m.updated_by, m.valid_from, m.valid_to
FROM mes_bom AS m
WHERE NOT (m.is_deleted)
2026-05-12 12:05:38.647 +08:00 [INF] Executing OkObjectResult, writing value of type 'MES.Api.Middleware.ApiResponse'.
2026-05-12 12:05:38.653 +08:00 [INF] Executed action MES.Api.Controllers.BomController.GetAll (MES.Api) in 30.0054ms
2026-05-12 12:05:38.654 +08:00 [INF] Executed endpoint 'MES.Api.Controllers.BomController.GetAll (MES.Api)'
2026-05-12 12:05:38.655 +08:00 [INF] GET /api/v1/boms responded 200 in 38ms
2026-05-12 12:05:38.657 +08:00 [INF] Request finished HTTP/1.1 GET http://localhost:5180/api/v1/boms - 200 null application/json; charset=utf-8 42.4418ms
2026-05-12 12:05:38.672 +08:00 [INF] Request starting HTTP/1.1 GET http://localhost:5180/api/v1/work-orders - application/json null
2026-05-12 12:05:38.674 +08:00 [INF] Executing endpoint 'MES.Api.Controllers.WorkOrderController.GetAll (MES.Api)'
2026-05-12 12:05:38.679 +08:00 [INF] Route matched with {action = "GetAll", controller = "WorkOrder"}. Executing controller action with signature System.Threading.Tasks.Task`1[Microsoft.AspNetCore.Mvc.IActionResult] GetAll() on controller MES.Api.Controllers.WorkOrderController (MES.Api).
2026-05-12 12:05:38.692 +08:00 [INF] Executed DbCommand (2ms) [Parameters=[], CommandType='"Text"', CommandTimeout='30']
SELECT m.id, m.actual_end_time, m.actual_start_time, m.assignee, m.completed_qty, m.created_at, m.created_by, m.factory_id, m.is_deleted, m.line_id, m.material_id, m.order_no, m.plan_end_time, m.plan_start_time, m.planned_qty, m.priority, m.remark, m.rework_from_id, m.routing_id, m.scrap_qty, m.source_ref, m.source_type, m.status, m.updated_at, m.updated_by, m.workshop_id
FROM mes_work_order AS m
WHERE NOT (m.is_deleted)
2026-05-12 12:05:38.734 +08:00 [INF] Executing OkObjectResult, writing value of type 'MES.Api.Middleware.ApiResponse'.
2026-05-12 12:05:38.754 +08:00 [INF] Executed action MES.Api.Controllers.WorkOrderController.GetAll (MES.Api) in 73.21ms
2026-05-12 12:05:38.755 +08:00 [INF] Executed endpoint 'MES.Api.Controllers.WorkOrderController.GetAll (MES.Api)'
2026-05-12 12:05:38.756 +08:00 [INF] GET /api/v1/work-orders responded 200 in 82ms
2026-05-12 12:05:38.757 +08:00 [INF] Request finished HTTP/1.1 GET http://localhost:5180/api/v1/work-orders - 200 null application/json; charset=utf-8 85.2829ms
2026-05-12 12:05:38.823 +08:00 [INF] Request starting HTTP/1.1 POST http://localhost:5180/api/v1/work-orders/6/hold - application/json 0
2026-05-12 12:05:38.825 +08:00 [INF] Executing endpoint 'MES.Api.Controllers.WorkOrderController.Hold (MES.Api)'
2026-05-12 12:05:38.831 +08:00 [INF] Route matched with {action = "Hold", controller = "WorkOrder"}. Executing controller action with signature System.Threading.Tasks.Task`1[Microsoft.AspNetCore.Mvc.IActionResult] Hold(Int64) on controller MES.Api.Controllers.WorkOrderController (MES.Api).
2026-05-12 12:05:38.851 +08:00 [INF] Executed DbCommand (1ms) [Parameters=[@p='?' (DbType = Int64)], CommandType='"Text"', CommandTimeout='30']
SELECT m.id, m.actual_end_time, m.actual_start_time, m.assignee, m.completed_qty, m.created_at, m.created_by, m.factory_id, m.is_deleted, m.line_id, m.material_id, m.order_no, m.plan_end_time, m.plan_start_time, m.planned_qty, m.priority, m.remark, m.rework_from_id, m.routing_id, m.scrap_qty, m.source_ref, m.source_type, m.status, m.updated_at, m.updated_by, m.workshop_id
FROM mes_work_order AS m
WHERE NOT (m.is_deleted) AND m.id = @p
LIMIT 1
2026-05-12 12:05:38.897 +08:00 [INF] Executed DbCommand (7ms) [Parameters=[@p25='?' (DbType = Int64), @p0='?' (DbType = DateTime), @p1='?' (DbType = DateTime), @p2='?' (DbType = Int64), @p3='?' (DbType = Decimal), @p4='?' (DbType = DateTime), @p5='?' (DbType = Int64), @p6='?' (DbType = Int64), @p7='?' (DbType = Boolean), @p8='?' (DbType = Int64), @p9='?' (DbType = Int64), @p10='?', @p11='?' (DbType = DateTime), @p12='?' (DbType = DateTime), @p13='?' (DbType = Decimal), @p14='?' (DbType = Int32), @p15='?', @p16='?' (DbType = Int64), @p17='?' (DbType = Int64), @p18='?' (DbType = Decimal), @p19='?', @p20='?' (DbType = Int32), @p21='?' (DbType = Int32), @p22='?' (DbType = DateTime), @p23='?' (DbType = Int64), @p24='?' (DbType = Int64)], CommandType='"Text"', CommandTimeout='30']
UPDATE mes_work_order SET actual_end_time = @p0, actual_start_time = @p1, assignee = @p2, completed_qty = @p3, created_at = @p4, created_by = @p5, factory_id = @p6, is_deleted = @p7, line_id = @p8, material_id = @p9, order_no = @p10, plan_end_time = @p11, plan_start_time = @p12, planned_qty = @p13, priority = @p14, remark = @p15, rework_from_id = @p16, routing_id = @p17, scrap_qty = @p18, source_ref = @p19, source_type = @p20, status = @p21, updated_at = @p22, updated_by = @p23, workshop_id = @p24
WHERE id = @p25;
2026-05-12 12:05:38.902 +08:00 [INF] Executing OkObjectResult, writing value of type 'MES.Api.Middleware.ApiResponse'.
2026-05-12 12:05:38.906 +08:00 [INF] Executed action MES.Api.Controllers.WorkOrderController.Hold (MES.Api) in 73.2489ms
2026-05-12 12:05:38.907 +08:00 [INF] Executed endpoint 'MES.Api.Controllers.WorkOrderController.Hold (MES.Api)'
2026-05-12 12:05:38.908 +08:00 [INF] POST /api/v1/work-orders/6/hold responded 200 in 83ms
2026-05-12 12:05:38.910 +08:00 [INF] Request finished HTTP/1.1 POST http://localhost:5180/api/v1/work-orders/6/hold - 200 null application/json; charset=utf-8 86.5936ms
2026-05-12 12:05:38.926 +08:00 [INF] Request starting HTTP/1.1 POST http://localhost:5180/api/v1/work-orders/6/resume - application/json 0
2026-05-12 12:05:38.929 +08:00 [INF] Executing endpoint 'MES.Api.Controllers.WorkOrderController.Resume (MES.Api)'
2026-05-12 12:05:38.935 +08:00 [INF] Route matched with {action = "Resume", controller = "WorkOrder"}. Executing controller action with signature System.Threading.Tasks.Task`1[Microsoft.AspNetCore.Mvc.IActionResult] Resume(Int64) on controller MES.Api.Controllers.WorkOrderController (MES.Api).
2026-05-12 12:05:38.946 +08:00 [INF] Executed DbCommand (1ms) [Parameters=[@p='?' (DbType = Int64)], CommandType='"Text"', CommandTimeout='30']
SELECT m.id, m.actual_end_time, m.actual_start_time, m.assignee, m.completed_qty, m.created_at, m.created_by, m.factory_id, m.is_deleted, m.line_id, m.material_id, m.order_no, m.plan_end_time, m.plan_start_time, m.planned_qty, m.priority, m.remark, m.rework_from_id, m.routing_id, m.scrap_qty, m.source_ref, m.source_type, m.status, m.updated_at, m.updated_by, m.workshop_id
FROM mes_work_order AS m
WHERE NOT (m.is_deleted) AND m.id = @p
LIMIT 1
2026-05-12 12:05:38.951 +08:00 [INF] Executed DbCommand (3ms) [Parameters=[@p25='?' (DbType = Int64), @p0='?' (DbType = DateTime), @p1='?' (DbType = DateTime), @p2='?' (DbType = Int64), @p3='?' (DbType = Decimal), @p4='?' (DbType = DateTime), @p5='?' (DbType = Int64), @p6='?' (DbType = Int64), @p7='?' (DbType = Boolean), @p8='?' (DbType = Int64), @p9='?' (DbType = Int64), @p10='?', @p11='?' (DbType = DateTime), @p12='?' (DbType = DateTime), @p13='?' (DbType = Decimal), @p14='?' (DbType = Int32), @p15='?', @p16='?' (DbType = Int64), @p17='?' (DbType = Int64), @p18='?' (DbType = Decimal), @p19='?', @p20='?' (DbType = Int32), @p21='?' (DbType = Int32), @p22='?' (DbType = DateTime), @p23='?' (DbType = Int64), @p24='?' (DbType = Int64)], CommandType='"Text"', CommandTimeout='30']
UPDATE mes_work_order SET actual_end_time = @p0, actual_start_time = @p1, assignee = @p2, completed_qty = @p3, created_at = @p4, created_by = @p5, factory_id = @p6, is_deleted = @p7, line_id = @p8, material_id = @p9, order_no = @p10, plan_end_time = @p11, plan_start_time = @p12, planned_qty = @p13, priority = @p14, remark = @p15, rework_from_id = @p16, routing_id = @p17, scrap_qty = @p18, source_ref = @p19, source_type = @p20, status = @p21, updated_at = @p22, updated_by = @p23, workshop_id = @p24
WHERE id = @p25;
2026-05-12 12:05:38.954 +08:00 [INF] Executing OkObjectResult, writing value of type 'MES.Api.Middleware.ApiResponse'.
2026-05-12 12:05:38.956 +08:00 [INF] Executed action MES.Api.Controllers.WorkOrderController.Resume (MES.Api) in 18.7138ms
2026-05-12 12:05:38.957 +08:00 [INF] Executed endpoint 'MES.Api.Controllers.WorkOrderController.Resume (MES.Api)'
2026-05-12 12:05:38.958 +08:00 [INF] POST /api/v1/work-orders/6/resume responded 200 in 28ms
2026-05-12 12:05:38.959 +08:00 [INF] Request finished HTTP/1.1 POST http://localhost:5180/api/v1/work-orders/6/resume - 200 null application/json; charset=utf-8 32.7357ms
2026-05-12 12:05:38.975 +08:00 [INF] Request starting HTTP/1.1 GET http://localhost:5180/api/v1/work-orders - application/json null
2026-05-12 12:05:38.978 +08:00 [INF] Executing endpoint 'MES.Api.Controllers.WorkOrderController.GetAll (MES.Api)'
2026-05-12 12:05:38.978 +08:00 [INF] Route matched with {action = "GetAll", controller = "WorkOrder"}. Executing controller action with signature System.Threading.Tasks.Task`1[Microsoft.AspNetCore.Mvc.IActionResult] GetAll() on controller MES.Api.Controllers.WorkOrderController (MES.Api).
2026-05-12 12:05:38.981 +08:00 [INF] Executed DbCommand (1ms) [Parameters=[], CommandType='"Text"', CommandTimeout='30']
SELECT m.id, m.actual_end_time, m.actual_start_time, m.assignee, m.completed_qty, m.created_at, m.created_by, m.factory_id, m.is_deleted, m.line_id, m.material_id, m.order_no, m.plan_end_time, m.plan_start_time, m.planned_qty, m.priority, m.remark, m.rework_from_id, m.routing_id, m.scrap_qty, m.source_ref, m.source_type, m.status, m.updated_at, m.updated_by, m.workshop_id
FROM mes_work_order AS m
WHERE NOT (m.is_deleted)
2026-05-12 12:05:38.984 +08:00 [INF] Executing OkObjectResult, writing value of type 'MES.Api.Middleware.ApiResponse'.
2026-05-12 12:05:38.985 +08:00 [INF] Executed action MES.Api.Controllers.WorkOrderController.GetAll (MES.Api) in 5.2909ms
2026-05-12 12:05:38.986 +08:00 [INF] Executed endpoint 'MES.Api.Controllers.WorkOrderController.GetAll (MES.Api)'
2026-05-12 12:05:38.987 +08:00 [INF] GET /api/v1/work-orders responded 200 in 9ms
2026-05-12 12:05:38.989 +08:00 [INF] Request finished HTTP/1.1 GET http://localhost:5180/api/v1/work-orders - 200 null application/json; charset=utf-8 13.4091ms
2026-05-12 12:05:39.020 +08:00 [INF] Request starting HTTP/1.1 GET http://localhost:5180/api/v1/work-orders - application/json null
2026-05-12 12:05:39.023 +08:00 [INF] Executing endpoint 'MES.Api.Controllers.WorkOrderController.GetAll (MES.Api)'
2026-05-12 12:05:39.024 +08:00 [INF] Route matched with {action = "GetAll", controller = "WorkOrder"}. Executing controller action with signature System.Threading.Tasks.Task`1[Microsoft.AspNetCore.Mvc.IActionResult] GetAll() on controller MES.Api.Controllers.WorkOrderController (MES.Api).
2026-05-12 12:05:39.027 +08:00 [INF] Executed DbCommand (1ms) [Parameters=[], CommandType='"Text"', CommandTimeout='30']
SELECT m.id, m.actual_end_time, m.actual_start_time, m.assignee, m.completed_qty, m.created_at, m.created_by, m.factory_id, m.is_deleted, m.line_id, m.material_id, m.order_no, m.plan_end_time, m.plan_start_time, m.planned_qty, m.priority, m.remark, m.rework_from_id, m.routing_id, m.scrap_qty, m.source_ref, m.source_type, m.status, m.updated_at, m.updated_by, m.workshop_id
FROM mes_work_order AS m
WHERE NOT (m.is_deleted)
2026-05-12 12:05:39.029 +08:00 [INF] Executing OkObjectResult, writing value of type 'MES.Api.Middleware.ApiResponse'.
2026-05-12 12:05:39.029 +08:00 [INF] Executed action MES.Api.Controllers.WorkOrderController.GetAll (MES.Api) in 4.4881ms
2026-05-12 12:05:39.031 +08:00 [INF] Executed endpoint 'MES.Api.Controllers.WorkOrderController.GetAll (MES.Api)'
2026-05-12 12:05:39.031 +08:00 [INF] GET /api/v1/work-orders responded 200 in 9ms
2026-05-12 12:05:39.033 +08:00 [INF] Request finished HTTP/1.1 GET http://localhost:5180/api/v1/work-orders - 200 null application/json; charset=utf-8 13.1003ms
2026-05-12 12:05:39.065 +08:00 [INF] Request starting HTTP/1.1 GET http://localhost:5180/api/v1/work-orders - application/json null
2026-05-12 12:05:39.068 +08:00 [INF] Executing endpoint 'MES.Api.Controllers.WorkOrderController.GetAll (MES.Api)'
2026-05-12 12:05:39.070 +08:00 [INF] Route matched with {action = "GetAll", controller = "WorkOrder"}. Executing controller action with signature System.Threading.Tasks.Task`1[Microsoft.AspNetCore.Mvc.IActionResult] GetAll() on controller MES.Api.Controllers.WorkOrderController (MES.Api).
2026-05-12 12:05:39.074 +08:00 [INF] Executed DbCommand (1ms) [Parameters=[], CommandType='"Text"', CommandTimeout='30']
SELECT m.id, m.actual_end_time, m.actual_start_time, m.assignee, m.completed_qty, m.created_at, m.created_by, m.factory_id, m.is_deleted, m.line_id, m.material_id, m.order_no, m.plan_end_time, m.plan_start_time, m.planned_qty, m.priority, m.remark, m.rework_from_id, m.routing_id, m.scrap_qty, m.source_ref, m.source_type, m.status, m.updated_at, m.updated_by, m.workshop_id
FROM mes_work_order AS m
WHERE NOT (m.is_deleted)
2026-05-12 12:05:39.076 +08:00 [INF] Executing OkObjectResult, writing value of type 'MES.Api.Middleware.ApiResponse'.
2026-05-12 12:05:39.078 +08:00 [INF] Executed action MES.Api.Controllers.WorkOrderController.GetAll (MES.Api) in 5.6536ms
2026-05-12 12:05:39.079 +08:00 [INF] Executed endpoint 'MES.Api.Controllers.WorkOrderController.GetAll (MES.Api)'
2026-05-12 12:05:39.080 +08:00 [INF] GET /api/v1/work-orders responded 200 in 11ms
2026-05-12 12:05:39.081 +08:00 [INF] Request finished HTTP/1.1 GET http://localhost:5180/api/v1/work-orders - 200 null application/json; charset=utf-8 15.9442ms
2026-05-12 12:05:39.104 +08:00 [INF] Request starting HTTP/1.1 GET http://localhost:5180/api/v1/work-orders - application/json null
2026-05-12 12:05:39.107 +08:00 [INF] Executing endpoint 'MES.Api.Controllers.WorkOrderController.GetAll (MES.Api)'
2026-05-12 12:05:39.108 +08:00 [INF] Route matched with {action = "GetAll", controller = "WorkOrder"}. Executing controller action with signature System.Threading.Tasks.Task`1[Microsoft.AspNetCore.Mvc.IActionResult] GetAll() on controller MES.Api.Controllers.WorkOrderController (MES.Api).
2026-05-12 12:05:39.112 +08:00 [INF] Executed DbCommand (1ms) [Parameters=[], CommandType='"Text"', CommandTimeout='30']
SELECT m.id, m.actual_end_time, m.actual_start_time, m.assignee, m.completed_qty, m.created_at, m.created_by, m.factory_id, m.is_deleted, m.line_id, m.material_id, m.order_no, m.plan_end_time, m.plan_start_time, m.planned_qty, m.priority, m.remark, m.rework_from_id, m.routing_id, m.scrap_qty, m.source_ref, m.source_type, m.status, m.updated_at, m.updated_by, m.workshop_id
FROM mes_work_order AS m
WHERE NOT (m.is_deleted)
2026-05-12 12:05:39.116 +08:00 [INF] Executing OkObjectResult, writing value of type 'MES.Api.Middleware.ApiResponse'.
2026-05-12 12:05:39.118 +08:00 [INF] Executed action MES.Api.Controllers.WorkOrderController.GetAll (MES.Api) in 7.2306ms
2026-05-12 12:05:39.119 +08:00 [INF] Executed endpoint 'MES.Api.Controllers.WorkOrderController.GetAll (MES.Api)'
2026-05-12 12:05:39.121 +08:00 [INF] GET /api/v1/work-orders responded 200 in 14ms
2026-05-12 12:05:39.123 +08:00 [INF] Request finished HTTP/1.1 GET http://localhost:5180/api/v1/work-orders - 200 null application/json; charset=utf-8 19.0603ms
2026-05-12 12:05:39.160 +08:00 [INF] Request starting HTTP/1.1 POST http://localhost:5180/api/v1/work-reports/pda-scan - application/json 143
2026-05-12 12:05:39.162 +08:00 [INF] Executing endpoint 'MES.Api.Controllers.WorkReportController.PdaScan (MES.Api)'
2026-05-12 12:05:39.167 +08:00 [INF] Route matched with {action = "PdaScan", controller = "WorkReport"}. Executing controller action with signature System.Threading.Tasks.Task`1[Microsoft.AspNetCore.Mvc.IActionResult] PdaScan(MES.Application.Services.PdaScanReportRequest) on controller MES.Api.Controllers.WorkReportController (MES.Api).
2026-05-12 12:05:39.327 +08:00 [INF] Executed DbCommand (1ms) [Parameters=[@request_ScanCode='?'], CommandType='"Text"', CommandTimeout='30']
SELECT m.id, m.actual_end_time, m.actual_start_time, m.assignee, m.completed_qty, m.created_at, m.created_by, m.factory_id, m.is_deleted, m.line_id, m.material_id, m.order_no, m.plan_end_time, m.plan_start_time, m.planned_qty, m.priority, m.remark, m.rework_from_id, m.routing_id, m.scrap_qty, m.source_ref, m.source_type, m.status, m.updated_at, m.updated_by, m.workshop_id
FROM mes_work_order AS m
WHERE NOT (m.is_deleted) AND m.order_no = @request_ScanCode
2026-05-12 12:05:39.338 +08:00 [INF] Executed DbCommand (1ms) [Parameters=[@request_WorkstationCode='?'], CommandType='"Text"', CommandTimeout='30']
SELECT m.id, m.code, m.created_at, m.created_by, m.is_deleted, m.line_id, m.name, m.seq_no, m.status, m.updated_at, m.updated_by
FROM mes_workstation AS m
WHERE NOT (m.is_deleted) AND m.code = @request_WorkstationCode
2026-05-12 12:05:39.347 +08:00 [INF] Executed DbCommand (1ms) [Parameters=[@request_OperatorCode='?'], CommandType='"Text"', CommandTimeout='30']
SELECT m.id, m.created_at, m.created_by, m.display_name, m.email, m.is_deleted, m.last_login_time, m.password_hash, m.phone, m.status, m.updated_at, m.updated_by, m.username
FROM mes_user AS m
WHERE NOT (m.is_deleted) AND m.username = @request_OperatorCode
2026-05-12 12:05:39.360 +08:00 [INF] Executed DbCommand (2ms) [Parameters=[@wo_Id='?' (DbType = Int64), @request_StepName='?'], CommandType='"Text"', CommandTimeout='30']
SELECT m.id, m.completed_qty, m.created_at, m.created_by, m.is_deleted, m.plan_end_time, m.plan_start_time, m.planned_qty, m.scrap_qty, m.status, m.step_name, m.step_no, m.updated_at, m.updated_by, m.work_order_id, m.workstation_id
FROM mes_work_order_step AS m
WHERE m.work_order_id = @wo_Id AND m.step_name = @request_StepName
2026-05-12 12:05:39.393 +08:00 [INF] Executed DbCommand (2ms) [Parameters=[@p25='?' (DbType = Int64), @p0='?' (DbType = DateTime), @p1='?' (DbType = DateTime), @p2='?' (DbType = Int64), @p3='?' (DbType = Decimal), @p4='?' (DbType = DateTime), @p5='?' (DbType = Int64), @p6='?' (DbType = Int64), @p7='?' (DbType = Boolean), @p8='?' (DbType = Int64), @p9='?' (DbType = Int64), @p10='?', @p11='?' (DbType = DateTime), @p12='?' (DbType = DateTime), @p13='?' (DbType = Decimal), @p14='?' (DbType = Int32), @p15='?', @p16='?' (DbType = Int64), @p17='?' (DbType = Int64), @p18='?' (DbType = Decimal), @p19='?', @p20='?' (DbType = Int32), @p21='?' (DbType = Int32), @p22='?' (DbType = DateTime), @p23='?' (DbType = Int64), @p24='?' (DbType = Int64)], CommandType='"Text"', CommandTimeout='30']
UPDATE mes_work_order SET actual_end_time = @p0, actual_start_time = @p1, assignee = @p2, completed_qty = @p3, created_at = @p4, created_by = @p5, factory_id = @p6, is_deleted = @p7, line_id = @p8, material_id = @p9, order_no = @p10, plan_end_time = @p11, plan_start_time = @p12, planned_qty = @p13, priority = @p14, remark = @p15, rework_from_id = @p16, routing_id = @p17, scrap_qty = @p18, source_ref = @p19, source_type = @p20, status = @p21, updated_at = @p22, updated_by = @p23, workshop_id = @p24
WHERE id = @p25;
2026-05-12 12:05:39.489 +08:00 [INF] Executed DbCommand (7ms) [Parameters=[@p0='?', @p1='?' (DbType = DateTime), @p2='?' (DbType = Int64), @p3='?' (DbType = Int32), @p4='?' (DbType = Decimal), @p5='?' (DbType = Boolean), @p6='?' (DbType = Int64), @p7='?', @p8='?', @p9='?' (DbType = DateTime), @p10='?' (DbType = Decimal), @p11='?' (DbType = Int64), @p12='?' (DbType = DateTime), @p13='?' (DbType = Int64), @p14='?' (DbType = Int64), @p15='?' (DbType = Int64)], CommandType='"Text"', CommandTimeout='30']
INSERT INTO mes_work_report (batch_no, created_at, created_by, duration_min, good_qty, is_deleted, operator_id, remark, report_no, report_time, scrap_qty, step_id, updated_at, updated_by, work_order_id, workstation_id)
VALUES (@p0, @p1, @p2, @p3, @p4, @p5, @p6, @p7, @p8, @p9, @p10, @p11, @p12, @p13, @p14, @p15)
RETURNING id, report_type, rework_qty;
2026-05-12 12:05:39.508 +08:00 [INF] Executing OkObjectResult, writing value of type 'MES.Api.Middleware.ApiResponse'.
2026-05-12 12:05:39.519 +08:00 [INF] Executed action MES.Api.Controllers.WorkReportController.PdaScan (MES.Api) in 349.7149ms
2026-05-12 12:05:39.521 +08:00 [INF] Executed endpoint 'MES.Api.Controllers.WorkReportController.PdaScan (MES.Api)'
2026-05-12 12:05:39.522 +08:00 [INF] POST /api/v1/work-reports/pda-scan responded 200 in 360ms
2026-05-12 12:05:39.524 +08:00 [INF] Request finished HTTP/1.1 POST http://localhost:5180/api/v1/work-reports/pda-scan - 200 null application/json; charset=utf-8 364.3848ms
2026-05-12 12:05:39.547 +08:00 [INF] Request starting HTTP/1.1 POST http://localhost:5180/api/v1/qc/inspections - application/json 134
2026-05-12 12:05:39.550 +08:00 [INF] Executing endpoint 'MES.Api.Controllers.QcController.CreateInspection (MES.Api)'
2026-05-12 12:05:39.555 +08:00 [INF] Route matched with {action = "CreateInspection", controller = "Qc"}. Executing controller action with signature System.Threading.Tasks.Task`1[Microsoft.AspNetCore.Mvc.IActionResult] CreateInspection(MES.Domain.Entities.QcInspection) on controller MES.Api.Controllers.QcController (MES.Api).
2026-05-12 12:05:39.619 +08:00 [INF] Executed DbCommand (4ms) [Parameters=[@p0='?' (DbType = DateTime), @p1='?' (DbType = Int64), @p2='?' (DbType = DateTime), @p3='?', @p4='?', @p5='?', @p6='?' (DbType = Int32), @p7='?' (DbType = DateTime), @p8='?' (DbType = Int64), @p9='?' (DbType = Boolean), @p10='?' (DbType = Int64), @p11='?', @p12='?', @p13='?' (DbType = DateTime), @p14='?' (DbType = Int64), @p15='?' (DbType = Int64)], CommandType='"Text"', CommandTimeout='30']
INSERT INTO mes_qc_inspection (created_at, created_by, handled_at, handling_action, handling_remark, inspect_no, inspect_result, inspect_time, inspector, is_deleted, material_id, remark, source_ref, updated_at, updated_by, work_order_id)
VALUES (@p0, @p1, @p2, @p3, @p4, @p5, @p6, @p7, @p8, @p9, @p10, @p11, @p12, @p13, @p14, @p15)
RETURNING id, source_type;
2026-05-12 12:05:39.626 +08:00 [INF] Executing OkObjectResult, writing value of type 'MES.Api.Middleware.ApiResponse'.
2026-05-12 12:05:39.631 +08:00 [INF] Executed action MES.Api.Controllers.QcController.CreateInspection (MES.Api) in 73.8283ms
2026-05-12 12:05:39.632 +08:00 [INF] Executed endpoint 'MES.Api.Controllers.QcController.CreateInspection (MES.Api)'
2026-05-12 12:05:39.633 +08:00 [INF] POST /api/v1/qc/inspections responded 200 in 83ms
2026-05-12 12:05:39.635 +08:00 [INF] Request finished HTTP/1.1 POST http://localhost:5180/api/v1/qc/inspections - 200 null application/json; charset=utf-8 87.4384ms
2026-05-12 12:05:39.651 +08:00 [INF] Request starting HTTP/1.1 POST http://localhost:5180/api/v1/qc/inspections/8/verify - application/json 17
2026-05-12 12:05:39.653 +08:00 [INF] Executing endpoint 'MES.Api.Controllers.QcController.VerifyInspection (MES.Api)'
2026-05-12 12:05:39.658 +08:00 [INF] Route matched with {action = "VerifyInspection", controller = "Qc"}. Executing controller action with signature System.Threading.Tasks.Task`1[Microsoft.AspNetCore.Mvc.IActionResult] VerifyInspection(Int64, MES.Api.Controllers.VerifyRequest) on controller MES.Api.Controllers.QcController (MES.Api).
2026-05-12 12:05:39.672 +08:00 [INF] Executed DbCommand (1ms) [Parameters=[@p='?' (DbType = Int64)], CommandType='"Text"', CommandTimeout='30']
SELECT m.id, m.created_at, m.created_by, m.handled_at, m.handling_action, m.handling_remark, m.inspect_no, m.inspect_result, m.inspect_time, m.inspector, m.is_deleted, m.material_id, m.remark, m.source_ref, m.source_type, m.updated_at, m.updated_by, m.work_order_id
FROM mes_qc_inspection AS m
WHERE m.id = @p
LIMIT 1
2026-05-12 12:05:39.679 +08:00 [INF] Executed DbCommand (4ms) [Parameters=[@p17='?' (DbType = Int64), @p0='?' (DbType = DateTime), @p1='?' (DbType = Int64), @p2='?' (DbType = DateTime), @p3='?', @p4='?', @p5='?', @p6='?' (DbType = Int32), @p7='?' (DbType = DateTime), @p8='?' (DbType = Int64), @p9='?' (DbType = Boolean), @p10='?' (DbType = Int64), @p11='?', @p12='?', @p13='?' (DbType = Int32), @p14='?' (DbType = DateTime), @p15='?' (DbType = Int64), @p16='?' (DbType = Int64)], CommandType='"Text"', CommandTimeout='30']
UPDATE mes_qc_inspection SET created_at = @p0, created_by = @p1, handled_at = @p2, handling_action = @p3, handling_remark = @p4, inspect_no = @p5, inspect_result = @p6, inspect_time = @p7, inspector = @p8, is_deleted = @p9, material_id = @p10, remark = @p11, source_ref = @p12, source_type = @p13, updated_at = @p14, updated_by = @p15, work_order_id = @p16
WHERE id = @p17;
2026-05-12 12:05:39.682 +08:00 [INF] Executing OkObjectResult, writing value of type 'MES.Api.Middleware.ApiResponse'.
2026-05-12 12:05:39.683 +08:00 [INF] Executed action MES.Api.Controllers.QcController.VerifyInspection (MES.Api) in 22.7795ms
2026-05-12 12:05:39.684 +08:00 [INF] Executed endpoint 'MES.Api.Controllers.QcController.VerifyInspection (MES.Api)'
2026-05-12 12:05:39.685 +08:00 [INF] POST /api/v1/qc/inspections/8/verify responded 200 in 32ms
2026-05-12 12:05:39.686 +08:00 [INF] Request finished HTTP/1.1 POST http://localhost:5180/api/v1/qc/inspections/8/verify - 200 null application/json; charset=utf-8 35.8351ms
2026-05-12 12:05:39.701 +08:00 [INF] Request starting HTTP/1.1 POST http://localhost:5180/api/v1/qc/inspections/8/items - application/json 65
2026-05-12 12:05:39.704 +08:00 [INF] Executing endpoint 'MES.Api.Controllers.QcController.AddItem (MES.Api)'
2026-05-12 12:05:39.709 +08:00 [INF] Route matched with {action = "AddItem", controller = "Qc"}. Executing controller action with signature System.Threading.Tasks.Task`1[Microsoft.AspNetCore.Mvc.IActionResult] AddItem(Int64, MES.Domain.Entities.QcInspectionItem) on controller MES.Api.Controllers.QcController (MES.Api).
2026-05-12 12:05:39.717 +08:00 [INF] Executed DbCommand (1ms) [Parameters=[@p='?' (DbType = Int64)], CommandType='"Text"', CommandTimeout='30']
SELECT m.id, m.created_at, m.created_by, m.handled_at, m.handling_action, m.handling_remark, m.inspect_no, m.inspect_result, m.inspect_time, m.inspector, m.is_deleted, m.material_id, m.remark, m.source_ref, m.source_type, m.updated_at, m.updated_by, m.work_order_id
FROM mes_qc_inspection AS m
WHERE m.id = @p
LIMIT 1
2026-05-12 12:05:39.743 +08:00 [INF] Executed DbCommand (3ms) [Parameters=[@p0='?', @p1='?' (DbType = DateTime), @p2='?' (DbType = Int64), @p3='?' (DbType = Int64), @p4='?' (DbType = Boolean), @p5='?', @p6='?', @p7='?' (DbType = DateTime), @p8='?' (DbType = Int64)], CommandType='"Text"', CommandTimeout='30']
INSERT INTO mes_qc_inspection_item (actual_value, created_at, created_by, inspection_id, is_deleted, item_name, spec_value, updated_at, updated_by)
VALUES (@p0, @p1, @p2, @p3, @p4, @p5, @p6, @p7, @p8)
RETURNING id, result;
2026-05-12 12:05:39.749 +08:00 [INF] Executing OkObjectResult, writing value of type 'MES.Api.Middleware.ApiResponse'.
2026-05-12 12:05:39.751 +08:00 [INF] Executed action MES.Api.Controllers.QcController.AddItem (MES.Api) in 40.9784ms
2026-05-12 12:05:39.752 +08:00 [INF] Executed endpoint 'MES.Api.Controllers.QcController.AddItem (MES.Api)'
2026-05-12 12:05:39.753 +08:00 [INF] POST /api/v1/qc/inspections/8/items responded 200 in 50ms
2026-05-12 12:05:39.755 +08:00 [INF] Request finished HTTP/1.1 POST http://localhost:5180/api/v1/qc/inspections/8/items - 200 null application/json; charset=utf-8 53.7825ms
2026-05-12 12:05:39.769 +08:00 [INF] Request starting HTTP/1.1 POST http://localhost:5180/api/v1/qc/inspections - application/json 139
2026-05-12 12:05:39.772 +08:00 [INF] Executing endpoint 'MES.Api.Controllers.QcController.CreateInspection (MES.Api)'
2026-05-12 12:05:39.772 +08:00 [INF] Route matched with {action = "CreateInspection", controller = "Qc"}. Executing controller action with signature System.Threading.Tasks.Task`1[Microsoft.AspNetCore.Mvc.IActionResult] CreateInspection(MES.Domain.Entities.QcInspection) on controller MES.Api.Controllers.QcController (MES.Api).
2026-05-12 12:05:39.779 +08:00 [INF] Executed DbCommand (3ms) [Parameters=[@p0='?' (DbType = DateTime), @p1='?' (DbType = Int64), @p2='?' (DbType = DateTime), @p3='?', @p4='?', @p5='?', @p6='?' (DbType = Int32), @p7='?' (DbType = DateTime), @p8='?' (DbType = Int64), @p9='?' (DbType = Boolean), @p10='?' (DbType = Int64), @p11='?', @p12='?', @p13='?' (DbType = DateTime), @p14='?' (DbType = Int64), @p15='?' (DbType = Int64)], CommandType='"Text"', CommandTimeout='30']
INSERT INTO mes_qc_inspection (created_at, created_by, handled_at, handling_action, handling_remark, inspect_no, inspect_result, inspect_time, inspector, is_deleted, material_id, remark, source_ref, updated_at, updated_by, work_order_id)
VALUES (@p0, @p1, @p2, @p3, @p4, @p5, @p6, @p7, @p8, @p9, @p10, @p11, @p12, @p13, @p14, @p15)
RETURNING id, source_type;
2026-05-12 12:05:39.782 +08:00 [INF] Executing OkObjectResult, writing value of type 'MES.Api.Middleware.ApiResponse'.
2026-05-12 12:05:39.783 +08:00 [INF] Executed action MES.Api.Controllers.QcController.CreateInspection (MES.Api) in 8.9657ms
2026-05-12 12:05:39.784 +08:00 [INF] Executed endpoint 'MES.Api.Controllers.QcController.CreateInspection (MES.Api)'
2026-05-12 12:05:39.785 +08:00 [INF] POST /api/v1/qc/inspections responded 200 in 13ms
2026-05-12 12:05:39.786 +08:00 [INF] Request finished HTTP/1.1 POST http://localhost:5180/api/v1/qc/inspections - 200 null application/json; charset=utf-8 17.0327ms
2026-05-12 12:05:39.802 +08:00 [INF] Request starting HTTP/1.1 POST http://localhost:5180/api/v1/qc/inspections/9/verify - application/json 17
2026-05-12 12:05:39.804 +08:00 [INF] Executing endpoint 'MES.Api.Controllers.QcController.VerifyInspection (MES.Api)'
2026-05-12 12:05:39.804 +08:00 [INF] Route matched with {action = "VerifyInspection", controller = "Qc"}. Executing controller action with signature System.Threading.Tasks.Task`1[Microsoft.AspNetCore.Mvc.IActionResult] VerifyInspection(Int64, MES.Api.Controllers.VerifyRequest) on controller MES.Api.Controllers.QcController (MES.Api).
2026-05-12 12:05:39.808 +08:00 [INF] Executed DbCommand (1ms) [Parameters=[@p='?' (DbType = Int64)], CommandType='"Text"', CommandTimeout='30']
SELECT m.id, m.created_at, m.created_by, m.handled_at, m.handling_action, m.handling_remark, m.inspect_no, m.inspect_result, m.inspect_time, m.inspector, m.is_deleted, m.material_id, m.remark, m.source_ref, m.source_type, m.updated_at, m.updated_by, m.work_order_id
FROM mes_qc_inspection AS m
WHERE m.id = @p
LIMIT 1
2026-05-12 12:05:39.813 +08:00 [INF] Executed DbCommand (3ms) [Parameters=[@p17='?' (DbType = Int64), @p0='?' (DbType = DateTime), @p1='?' (DbType = Int64), @p2='?' (DbType = DateTime), @p3='?', @p4='?', @p5='?', @p6='?' (DbType = Int32), @p7='?' (DbType = DateTime), @p8='?' (DbType = Int64), @p9='?' (DbType = Boolean), @p10='?' (DbType = Int64), @p11='?', @p12='?', @p13='?' (DbType = Int32), @p14='?' (DbType = DateTime), @p15='?' (DbType = Int64), @p16='?' (DbType = Int64)], CommandType='"Text"', CommandTimeout='30']
UPDATE mes_qc_inspection SET created_at = @p0, created_by = @p1, handled_at = @p2, handling_action = @p3, handling_remark = @p4, inspect_no = @p5, inspect_result = @p6, inspect_time = @p7, inspector = @p8, is_deleted = @p9, material_id = @p10, remark = @p11, source_ref = @p12, source_type = @p13, updated_at = @p14, updated_by = @p15, work_order_id = @p16
WHERE id = @p17;
2026-05-12 12:05:39.821 +08:00 [INF] Executed DbCommand (1ms) [Parameters=[@inspection_WorkOrderId_Value='?' (DbType = Int64)], CommandType='"Text"', CommandTimeout='30']
SELECT m.id, m.completed_qty, m.created_at, m.created_by, m.is_deleted, m.plan_end_time, m.plan_start_time, m.planned_qty, m.scrap_qty, m.status, m.step_name, m.step_no, m.updated_at, m.updated_by, m.work_order_id, m.workstation_id
FROM mes_work_order_step AS m
WHERE m.work_order_id = @inspection_WorkOrderId_Value
2026-05-12 12:05:39.823 +08:00 [INF] Executing OkObjectResult, writing value of type 'MES.Api.Middleware.ApiResponse'.
2026-05-12 12:05:39.824 +08:00 [INF] Executed action MES.Api.Controllers.QcController.VerifyInspection (MES.Api) in 18.5276ms
2026-05-12 12:05:39.825 +08:00 [INF] Executed endpoint 'MES.Api.Controllers.QcController.VerifyInspection (MES.Api)'
2026-05-12 12:05:39.826 +08:00 [INF] POST /api/v1/qc/inspections/9/verify responded 200 in 22ms
2026-05-12 12:05:39.828 +08:00 [INF] Request finished HTTP/1.1 POST http://localhost:5180/api/v1/qc/inspections/9/verify - 200 null application/json; charset=utf-8 25.8707ms
2026-05-12 12:05:39.843 +08:00 [INF] Request starting HTTP/1.1 POST http://localhost:5180/api/v1/qc/inspections/9/handle-nonconforming - application/json 37
2026-05-12 12:05:39.845 +08:00 [INF] Executing endpoint 'MES.Api.Controllers.QcController.HandleNonconforming (MES.Api)'
2026-05-12 12:05:39.850 +08:00 [INF] Route matched with {action = "HandleNonconforming", controller = "Qc"}. Executing controller action with signature System.Threading.Tasks.Task`1[Microsoft.AspNetCore.Mvc.IActionResult] HandleNonconforming(Int64, MES.Api.Controllers.HandleNonconformingRequest) on controller MES.Api.Controllers.QcController (MES.Api).
2026-05-12 12:05:39.857 +08:00 [INF] Executed DbCommand (1ms) [Parameters=[@p='?' (DbType = Int64)], CommandType='"Text"', CommandTimeout='30']
SELECT m.id, m.created_at, m.created_by, m.handled_at, m.handling_action, m.handling_remark, m.inspect_no, m.inspect_result, m.inspect_time, m.inspector, m.is_deleted, m.material_id, m.remark, m.source_ref, m.source_type, m.updated_at, m.updated_by, m.work_order_id
FROM mes_qc_inspection AS m
WHERE m.id = @p
LIMIT 1
2026-05-12 12:05:39.860 +08:00 [INF] Executed DbCommand (1ms) [Parameters=[@p='?' (DbType = Int64)], CommandType='"Text"', CommandTimeout='30']
SELECT m.id, m.actual_end_time, m.actual_start_time, m.assignee, m.completed_qty, m.created_at, m.created_by, m.factory_id, m.is_deleted, m.line_id, m.material_id, m.order_no, m.plan_end_time, m.plan_start_time, m.planned_qty, m.priority, m.remark, m.rework_from_id, m.routing_id, m.scrap_qty, m.source_ref, m.source_type, m.status, m.updated_at, m.updated_by, m.workshop_id
FROM mes_work_order AS m
WHERE NOT (m.is_deleted) AND m.id = @p
LIMIT 1
2026-05-12 12:05:39.865 +08:00 [INF] Executed DbCommand (3ms) [Parameters=[@p17='?' (DbType = Int64), @p0='?' (DbType = DateTime), @p1='?' (DbType = Int64), @p2='?' (DbType = DateTime), @p3='?', @p4='?', @p5='?', @p6='?' (DbType = Int32), @p7='?' (DbType = DateTime), @p8='?' (DbType = Int64), @p9='?' (DbType = Boolean), @p10='?' (DbType = Int64), @p11='?', @p12='?', @p13='?' (DbType = Int32), @p14='?' (DbType = DateTime), @p15='?' (DbType = Int64), @p16='?' (DbType = Int64)], CommandType='"Text"', CommandTimeout='30']
UPDATE mes_qc_inspection SET created_at = @p0, created_by = @p1, handled_at = @p2, handling_action = @p3, handling_remark = @p4, inspect_no = @p5, inspect_result = @p6, inspect_time = @p7, inspector = @p8, is_deleted = @p9, material_id = @p10, remark = @p11, source_ref = @p12, source_type = @p13, updated_at = @p14, updated_by = @p15, work_order_id = @p16
WHERE id = @p17;
2026-05-12 12:05:39.868 +08:00 [INF] Executing OkObjectResult, writing value of type 'MES.Api.Middleware.ApiResponse'.
2026-05-12 12:05:39.869 +08:00 [INF] Executed action MES.Api.Controllers.QcController.HandleNonconforming (MES.Api) in 17.6038ms
2026-05-12 12:05:39.871 +08:00 [INF] Executed endpoint 'MES.Api.Controllers.QcController.HandleNonconforming (MES.Api)'
2026-05-12 12:05:39.871 +08:00 [INF] POST /api/v1/qc/inspections/9/handle-nonconforming responded 200 in 26ms
2026-05-12 12:05:39.873 +08:00 [INF] Request finished HTTP/1.1 POST http://localhost:5180/api/v1/qc/inspections/9/handle-nonconforming - 200 null application/json; charset=utf-8 30.2484ms
2026-05-12 12:05:39.890 +08:00 [INF] Request starting HTTP/1.1 GET http://localhost:5180/api/v1/dashboard/orders/today - application/json null
2026-05-12 12:05:39.892 +08:00 [INF] Executing endpoint 'MES.Api.Controllers.DashboardController.TodayOrders (MES.Api)'
2026-05-12 12:05:39.897 +08:00 [INF] Route matched with {action = "TodayOrders", controller = "Dashboard"}. Executing controller action with signature System.Threading.Tasks.Task`1[Microsoft.AspNetCore.Mvc.IActionResult] TodayOrders() on controller MES.Api.Controllers.DashboardController (MES.Api).
2026-05-12 12:05:39.908 +08:00 [INF] Executed DbCommand (1ms) [Parameters=[@today='?' (DbType = DateTime)], CommandType='"Text"', CommandTimeout='30']
SELECT m.id, m.actual_end_time, m.actual_start_time, m.assignee, m.completed_qty, m.created_at, m.created_by, m.factory_id, m.is_deleted, m.line_id, m.material_id, m.order_no, m.plan_end_time, m.plan_start_time, m.planned_qty, m.priority, m.remark, m.rework_from_id, m.routing_id, m.scrap_qty, m.source_ref, m.source_type, m.status, m.updated_at, m.updated_by, m.workshop_id
FROM mes_work_order AS m
WHERE NOT (m.is_deleted) AND m.created_at >= @today
2026-05-12 12:05:39.910 +08:00 [INF] Executing OkObjectResult, writing value of type 'MES.Api.Middleware.ApiResponse'.
2026-05-12 12:05:39.915 +08:00 [INF] Executed action MES.Api.Controllers.DashboardController.TodayOrders (MES.Api) in 16.3272ms
2026-05-12 12:05:39.916 +08:00 [INF] Executed endpoint 'MES.Api.Controllers.DashboardController.TodayOrders (MES.Api)'
2026-05-12 12:05:39.917 +08:00 [INF] GET /api/v1/dashboard/orders/today responded 200 in 25ms
2026-05-12 12:05:39.919 +08:00 [INF] Request finished HTTP/1.1 GET http://localhost:5180/api/v1/dashboard/orders/today - 200 null application/json; charset=utf-8 28.9604ms
2026-05-12 12:05:39.936 +08:00 [INF] Request starting HTTP/1.1 GET http://localhost:5180/api/v1/dashboard/orders/status - application/json null
2026-05-12 12:05:39.940 +08:00 [INF] Executing endpoint 'MES.Api.Controllers.DashboardController.OrderStatus (MES.Api)'
2026-05-12 12:05:39.944 +08:00 [INF] Route matched with {action = "OrderStatus", controller = "Dashboard"}. Executing controller action with signature System.Threading.Tasks.Task`1[Microsoft.AspNetCore.Mvc.IActionResult] OrderStatus() on controller MES.Api.Controllers.DashboardController (MES.Api).
2026-05-12 12:05:39.949 +08:00 [INF] Executed DbCommand (1ms) [Parameters=[], CommandType='"Text"', CommandTimeout='30']
SELECT m.id, m.actual_end_time, m.actual_start_time, m.assignee, m.completed_qty, m.created_at, m.created_by, m.factory_id, m.is_deleted, m.line_id, m.material_id, m.order_no, m.plan_end_time, m.plan_start_time, m.planned_qty, m.priority, m.remark, m.rework_from_id, m.routing_id, m.scrap_qty, m.source_ref, m.source_type, m.status, m.updated_at, m.updated_by, m.workshop_id
FROM mes_work_order AS m
WHERE NOT (m.is_deleted)
2026-05-12 12:05:39.952 +08:00 [INF] Executing OkObjectResult, writing value of type 'MES.Api.Middleware.ApiResponse'.
2026-05-12 12:05:39.958 +08:00 [INF] Executed action MES.Api.Controllers.DashboardController.OrderStatus (MES.Api) in 11.4958ms
2026-05-12 12:05:39.959 +08:00 [INF] Executed endpoint 'MES.Api.Controllers.DashboardController.OrderStatus (MES.Api)'
2026-05-12 12:05:39.960 +08:00 [INF] GET /api/v1/dashboard/orders/status responded 200 in 20ms
2026-05-12 12:05:39.961 +08:00 [INF] Request finished HTTP/1.1 GET http://localhost:5180/api/v1/dashboard/orders/status - 200 null application/json; charset=utf-8 24.5434ms
2026-05-12 12:05:39.978 +08:00 [INF] Request starting HTTP/1.1 GET http://localhost:5180/api/v1/dashboard/output - application/json null
2026-05-12 12:05:39.980 +08:00 [INF] Executing endpoint 'MES.Api.Controllers.DashboardController.Output (MES.Api)'
2026-05-12 12:05:39.985 +08:00 [INF] Route matched with {action = "Output", controller = "Dashboard"}. Executing controller action with signature System.Threading.Tasks.Task`1[Microsoft.AspNetCore.Mvc.IActionResult] Output() on controller MES.Api.Controllers.DashboardController (MES.Api).
2026-05-12 12:05:39.990 +08:00 [INF] Executed DbCommand (1ms) [Parameters=[@today='?' (DbType = DateTime)], CommandType='"Text"', CommandTimeout='30']
SELECT m.id, m.actual_end_time, m.actual_start_time, m.assignee, m.completed_qty, m.created_at, m.created_by, m.factory_id, m.is_deleted, m.line_id, m.material_id, m.order_no, m.plan_end_time, m.plan_start_time, m.planned_qty, m.priority, m.remark, m.rework_from_id, m.routing_id, m.scrap_qty, m.source_ref, m.source_type, m.status, m.updated_at, m.updated_by, m.workshop_id
FROM mes_work_order AS m
WHERE NOT (m.is_deleted) AND m.created_at >= @today
2026-05-12 12:05:39.993 +08:00 [INF] Executing OkObjectResult, writing value of type 'MES.Api.Middleware.ApiResponse'.
2026-05-12 12:05:39.995 +08:00 [INF] Executed action MES.Api.Controllers.DashboardController.Output (MES.Api) in 9.0952ms
2026-05-12 12:05:39.997 +08:00 [INF] Executed endpoint 'MES.Api.Controllers.DashboardController.Output (MES.Api)'
2026-05-12 12:05:39.998 +08:00 [INF] GET /api/v1/dashboard/output responded 200 in 18ms
2026-05-12 12:05:39.999 +08:00 [INF] Request finished HTTP/1.1 GET http://localhost:5180/api/v1/dashboard/output - 200 null application/json; charset=utf-8 21.2118ms
2026-05-12 12:05:40.016 +08:00 [INF] Request starting HTTP/1.1 GET http://localhost:5180/api/v1/dashboard/equipment - application/json null
2026-05-12 12:05:40.018 +08:00 [INF] Executing endpoint 'MES.Api.Controllers.DashboardController.Equipment (MES.Api)'
2026-05-12 12:05:40.023 +08:00 [INF] Route matched with {action = "Equipment", controller = "Dashboard"}. Executing controller action with signature System.Threading.Tasks.Task`1[Microsoft.AspNetCore.Mvc.IActionResult] Equipment() on controller MES.Api.Controllers.DashboardController (MES.Api).
2026-05-12 12:05:40.034 +08:00 [INF] Executed DbCommand (2ms) [Parameters=[], CommandType='"Text"', CommandTimeout='30']
SELECT m.id, m.code, m.created_at, m.created_by, m.factory_id, m.install_date, m.is_deleted, m.last_maintain_date, m.line_id, m.maintain_cycle, m.model, m.name, m.next_maintain_date, m.planned_run_time, m.status, m.theoretical_cycle_time, m.updated_at, m.updated_by, m.workshop_id
FROM mes_equipment AS m
WHERE NOT (m.is_deleted)
2026-05-12 12:05:40.037 +08:00 [INF] Executing OkObjectResult, writing value of type 'MES.Api.Middleware.ApiResponse'.
2026-05-12 12:05:40.039 +08:00 [INF] Executed action MES.Api.Controllers.DashboardController.Equipment (MES.Api) in 14.2766ms
2026-05-12 12:05:40.040 +08:00 [INF] Executed endpoint 'MES.Api.Controllers.DashboardController.Equipment (MES.Api)'
2026-05-12 12:05:40.041 +08:00 [INF] GET /api/v1/dashboard/equipment responded 200 in 23ms
2026-05-12 12:05:40.043 +08:00 [INF] Request finished HTTP/1.1 GET http://localhost:5180/api/v1/dashboard/equipment - 200 null application/json; charset=utf-8 26.7558ms
2026-05-12 12:05:40.060 +08:00 [INF] Request starting HTTP/1.1 GET http://localhost:5180/api/v1/work-reports - application/json null
2026-05-12 12:05:40.062 +08:00 [INF] Executing endpoint 'MES.Api.Controllers.WorkReportController.GetAll (MES.Api)'
2026-05-12 12:05:40.066 +08:00 [INF] Route matched with {action = "GetAll", controller = "WorkReport"}. Executing controller action with signature System.Threading.Tasks.Task`1[Microsoft.AspNetCore.Mvc.IActionResult] GetAll() on controller MES.Api.Controllers.WorkReportController (MES.Api).
2026-05-12 12:05:40.076 +08:00 [INF] Executed DbCommand (1ms) [Parameters=[], CommandType='"Text"', CommandTimeout='30']
SELECT m.id, m.batch_no, m.created_at, m.created_by, m.duration_min, m.good_qty, m.is_deleted, m.operator_id, m.remark, m.report_no, m.report_time, m.report_type, m.rework_qty, m.scrap_qty, m.step_id, m.updated_at, m.updated_by, m.work_order_id, m.workstation_id
FROM mes_work_report AS m
2026-05-12 12:05:40.079 +08:00 [INF] Executing OkObjectResult, writing value of type 'MES.Api.Middleware.ApiResponse'.
2026-05-12 12:05:40.080 +08:00 [INF] Executed action MES.Api.Controllers.WorkReportController.GetAll (MES.Api) in 12.041ms
2026-05-12 12:05:40.081 +08:00 [INF] Executed endpoint 'MES.Api.Controllers.WorkReportController.GetAll (MES.Api)'
2026-05-12 12:05:40.082 +08:00 [INF] GET /api/v1/work-reports responded 200 in 20ms
2026-05-12 12:05:40.084 +08:00 [INF] Request finished HTTP/1.1 GET http://localhost:5180/api/v1/work-reports - 200 null application/json; charset=utf-8 24.416ms
2026-05-12 12:05:40.103 +08:00 [INF] Request starting HTTP/1.1 GET http://localhost:5180/api/v1/trace/by-batch/BAT20260511-0001 - application/json null
2026-05-12 12:05:40.105 +08:00 [INF] Executing endpoint 'MES.Api.Controllers.TraceController.ByBatch (MES.Api)'
2026-05-12 12:05:40.110 +08:00 [INF] Route matched with {action = "ByBatch", controller = "Trace"}. Executing controller action with signature System.Threading.Tasks.Task`1[Microsoft.AspNetCore.Mvc.IActionResult] ByBatch(System.String) on controller MES.Api.Controllers.TraceController (MES.Api).
2026-05-12 12:05:40.124 +08:00 [INF] Executed DbCommand (2ms) [Parameters=[@batchNo='?'], CommandType='"Text"', CommandTimeout='30']
SELECT m.id, m.batch_no, m.created_at, m.created_by, m.direction, m.is_deleted, m.material_id, m.operate_time, m.operator, m.qty, m.remark, m.serial_no, m.src_work_order_id, m.updated_at, m.updated_by, m.work_order_id
FROM mes_material_trace AS m
WHERE m.batch_no = @batchNo
2026-05-12 12:05:40.127 +08:00 [INF] Executing OkObjectResult, writing value of type 'MES.Api.Middleware.ApiResponse'.
2026-05-12 12:05:40.129 +08:00 [INF] Executed action MES.Api.Controllers.TraceController.ByBatch (MES.Api) in 17.7215ms
2026-05-12 12:05:40.131 +08:00 [INF] Executed endpoint 'MES.Api.Controllers.TraceController.ByBatch (MES.Api)'
2026-05-12 12:05:40.131 +08:00 [INF] GET /api/v1/trace/by-batch/BAT20260511-0001 responded 200 in 26ms
2026-05-12 12:05:40.133 +08:00 [INF] Request finished HTTP/1.1 GET http://localhost:5180/api/v1/trace/by-batch/BAT20260511-0001 - 200 null application/json; charset=utf-8 30.2741ms
2026-05-12 12:05:40.148 +08:00 [INF] Request starting HTTP/1.1 POST http://localhost:5180/api/v1/scheduling/auto-schedule - application/json 0
2026-05-12 12:05:40.151 +08:00 [INF] Executing endpoint 'MES.Api.Controllers.SchedulingController.AutoSchedule (MES.Api)'
2026-05-12 12:05:40.156 +08:00 [INF] Route matched with {action = "AutoSchedule", controller = "Scheduling"}. Executing controller action with signature System.Threading.Tasks.Task`1[Microsoft.AspNetCore.Mvc.IActionResult] AutoSchedule() on controller MES.Api.Controllers.SchedulingController (MES.Api).
2026-05-12 12:05:40.167 +08:00 [INF] Executed DbCommand (1ms) [Parameters=[], CommandType='"Text"', CommandTimeout='30']
SELECT m.id, m.actual_end_time, m.actual_start_time, m.assignee, m.completed_qty, m.created_at, m.created_by, m.factory_id, m.is_deleted, m.line_id, m.material_id, m.order_no, m.plan_end_time, m.plan_start_time, m.planned_qty, m.priority, m.remark, m.rework_from_id, m.routing_id, m.scrap_qty, m.source_ref, m.source_type, m.status, m.updated_at, m.updated_by, m.workshop_id
FROM mes_work_order AS m
WHERE NOT (m.is_deleted) AND m.status = 1 AND m.line_id IS NULL
2026-05-12 12:05:40.170 +08:00 [INF] Executing OkObjectResult, writing value of type 'MES.Api.Middleware.ApiResponse'.
2026-05-12 12:05:40.171 +08:00 [INF] Executed action MES.Api.Controllers.SchedulingController.AutoSchedule (MES.Api) in 13.8881ms
2026-05-12 12:05:40.172 +08:00 [INF] Executed endpoint 'MES.Api.Controllers.SchedulingController.AutoSchedule (MES.Api)'
2026-05-12 12:05:40.173 +08:00 [INF] POST /api/v1/scheduling/auto-schedule responded 200 in 22ms
2026-05-12 12:05:40.174 +08:00 [INF] Request finished HTTP/1.1 POST http://localhost:5180/api/v1/scheduling/auto-schedule - 200 null application/json; charset=utf-8 26.2268ms
2026-05-12 12:05:40.189 +08:00 [INF] Request starting HTTP/1.1 GET http://localhost:5180/api/v1/scheduling/line/5/scheduled-orders - application/json null
2026-05-12 12:05:40.192 +08:00 [INF] Executing endpoint 'MES.Api.Controllers.SchedulingController.GetLineScheduledOrders (MES.Api)'
2026-05-12 12:05:40.197 +08:00 [INF] Route matched with {action = "GetLineScheduledOrders", controller = "Scheduling"}. Executing controller action with signature System.Threading.Tasks.Task`1[Microsoft.AspNetCore.Mvc.IActionResult] GetLineScheduledOrders(Int64) on controller MES.Api.Controllers.SchedulingController (MES.Api).
2026-05-12 12:05:40.215 +08:00 [INF] Executed DbCommand (1ms) [Parameters=[@lineId='?' (DbType = Int64)], CommandType='"Text"', CommandTimeout='30']
SELECT m.id, m.actual_end_time, m.actual_start_time, m.assignee, m.completed_qty, m.created_at, m.created_by, m.factory_id, m.is_deleted, m.line_id, m.material_id, m.order_no, m.plan_end_time, m.plan_start_time, m.planned_qty, m.priority, m.remark, m.rework_from_id, m.routing_id, m.scrap_qty, m.source_ref, m.source_type, m.status, m.updated_at, m.updated_by, m.workshop_id
FROM mes_work_order AS m
WHERE NOT (m.is_deleted) AND m.line_id = @lineId AND m.status IN (2, 3)
2026-05-12 12:05:40.224 +08:00 [INF] Executed DbCommand (1ms) [Parameters=[@wo_Id='?' (DbType = Int64)], CommandType='"Text"', CommandTimeout='30']
SELECT m.id, m.completed_qty, m.created_at, m.created_by, m.is_deleted, m.plan_end_time, m.plan_start_time, m.planned_qty, m.scrap_qty, m.status, m.step_name, m.step_no, m.updated_at, m.updated_by, m.work_order_id, m.workstation_id
FROM mes_work_order_step AS m
WHERE m.work_order_id = @wo_Id
2026-05-12 12:05:40.227 +08:00 [INF] Executing OkObjectResult, writing value of type 'MES.Api.Middleware.ApiResponse'.
2026-05-12 12:05:40.228 +08:00 [INF] Executed action MES.Api.Controllers.SchedulingController.GetLineScheduledOrders (MES.Api) in 29.3802ms
2026-05-12 12:05:40.229 +08:00 [INF] Executed endpoint 'MES.Api.Controllers.SchedulingController.GetLineScheduledOrders (MES.Api)'
2026-05-12 12:05:40.230 +08:00 [INF] GET /api/v1/scheduling/line/5/scheduled-orders responded 200 in 38ms
2026-05-12 12:05:40.232 +08:00 [INF] Request finished HTTP/1.1 GET http://localhost:5180/api/v1/scheduling/line/5/scheduled-orders - 200 null application/json; charset=utf-8 42.3557ms
2026-05-12 12:05:40.247 +08:00 [INF] Request starting HTTP/1.1 GET http://localhost:5180/api/v1/andon/events - application/json null
2026-05-12 12:05:40.249 +08:00 [INF] Executing endpoint 'MES.Api.Controllers.AndonController.GetAll (MES.Api)'
2026-05-12 12:05:40.254 +08:00 [INF] Route matched with {action = "GetAll", controller = "Andon"}. Executing controller action with signature System.Threading.Tasks.Task`1[Microsoft.AspNetCore.Mvc.IActionResult] GetAll() on controller MES.Api.Controllers.AndonController (MES.Api).
2026-05-12 12:05:40.257 +08:00 [INF] Executing OkObjectResult, writing value of type 'MES.Api.Middleware.ApiResponse'.
2026-05-12 12:05:40.264 +08:00 [INF] Executed action MES.Api.Controllers.AndonController.GetAll (MES.Api) in 7.7844ms
2026-05-12 12:05:40.265 +08:00 [INF] Executed endpoint 'MES.Api.Controllers.AndonController.GetAll (MES.Api)'
2026-05-12 12:05:40.266 +08:00 [INF] GET /api/v1/andon/events responded 200 in 17ms
2026-05-12 12:05:40.267 +08:00 [INF] Request finished HTTP/1.1 GET http://localhost:5180/api/v1/andon/events - 200 null application/json; charset=utf-8 20.8051ms
2026-05-12 12:05:40.283 +08:00 [INF] Request starting HTTP/1.1 POST http://localhost:5180/api/v1/andon/trigger - application/json 85
2026-05-12 12:05:40.286 +08:00 [INF] Executing endpoint 'MES.Api.Controllers.AndonController.Trigger (MES.Api)'
2026-05-12 12:05:40.291 +08:00 [INF] Route matched with {action = "Trigger", controller = "Andon"}. Executing controller action with signature System.Threading.Tasks.Task`1[Microsoft.AspNetCore.Mvc.IActionResult] Trigger(MES.Api.Controllers.TriggerAndonRequest) on controller MES.Api.Controllers.AndonController (MES.Api).
2026-05-12 12:05:40.295 +08:00 [INF] Executing OkObjectResult, writing value of type 'MES.Api.Middleware.ApiResponse'.
2026-05-12 12:05:40.298 +08:00 [INF] Executed action MES.Api.Controllers.AndonController.Trigger (MES.Api) in 6.2521ms
2026-05-12 12:05:40.300 +08:00 [INF] Executed endpoint 'MES.Api.Controllers.AndonController.Trigger (MES.Api)'
2026-05-12 12:05:40.301 +08:00 [INF] POST /api/v1/andon/trigger responded 200 in 15ms
2026-05-12 12:05:40.302 +08:00 [INF] Request finished HTTP/1.1 POST http://localhost:5180/api/v1/andon/trigger - 200 null application/json; charset=utf-8 19.5258ms
2026-05-12 12:05:40.317 +08:00 [INF] Request starting HTTP/1.1 GET http://localhost:5180/api/v1/andon/active - application/json null
2026-05-12 12:05:40.320 +08:00 [INF] Executing endpoint 'MES.Api.Controllers.AndonController.GetActive (MES.Api)'
2026-05-12 12:05:40.324 +08:00 [INF] Route matched with {action = "GetActive", controller = "Andon"}. Executing controller action with signature System.Threading.Tasks.Task`1[Microsoft.AspNetCore.Mvc.IActionResult] GetActive() on controller MES.Api.Controllers.AndonController (MES.Api).
2026-05-12 12:05:40.326 +08:00 [INF] Executing OkObjectResult, writing value of type 'MES.Api.Middleware.ApiResponse'.
2026-05-12 12:05:40.328 +08:00 [INF] Executed action MES.Api.Controllers.AndonController.GetActive (MES.Api) in 2.5329ms
2026-05-12 12:05:40.330 +08:00 [INF] Executed endpoint 'MES.Api.Controllers.AndonController.GetActive (MES.Api)'
2026-05-12 12:05:40.330 +08:00 [INF] GET /api/v1/andon/active responded 200 in 11ms
2026-05-12 12:05:40.332 +08:00 [INF] Request finished HTTP/1.1 GET http://localhost:5180/api/v1/andon/active - 200 null application/json; charset=utf-8 14.513ms
