2026-05-26 14:02:44.737 +08:00 [WRN] Entity 'Equipment' has a global query filter defined and is the required end of a relationship with the entity 'MaintenancePlan'. This may lead to unexpected results when the required entity is filtered out. Either configure the navigation as optional, or define matching query filters for both entities in the navigation. See https://go.microsoft.com/fwlink/?linkid=2131316 for more information.
2026-05-26 14:02:44.766 +08:00 [WRN] Entity 'Material' has a global query filter defined and is the required end of a relationship with the entity 'MaterialTrace'. This may lead to unexpected results when the required entity is filtered out. Either configure the navigation as optional, or define matching query filters for both entities in the navigation. See https://go.microsoft.com/fwlink/?linkid=2131316 for more information.
2026-05-26 14:02:44.767 +08:00 [WRN] Entity 'Routing' has a global query filter defined and is the required end of a relationship with the entity 'RoutingStep'. This may lead to unexpected results when the required entity is filtered out. Either configure the navigation as optional, or define matching query filters for both entities in the navigation. See https://go.microsoft.com/fwlink/?linkid=2131316 for more information.
2026-05-26 14:02:44.768 +08:00 [WRN] Entity 'WorkOrder' has a global query filter defined and is the required end of a relationship with the entity 'WorkOrderStep'. This may lead to unexpected results when the required entity is filtered out. Either configure the navigation as optional, or define matching query filters for both entities in the navigation. See https://go.microsoft.com/fwlink/?linkid=2131316 for more information.
2026-05-26 14:02:44.769 +08:00 [WRN] Entity 'WorkOrder' has a global query filter defined and is the required end of a relationship with the entity 'WorkReport'. This may lead to unexpected results when the required entity is filtered out. Either configure the navigation as optional, or define matching query filters for both entities in the navigation. See https://go.microsoft.com/fwlink/?linkid=2131316 for more information.
2026-05-26 14:02:44.817 +08:00 [WRN] The 'EquipmentStatus' property 'Status' on entity type 'Equipment' is configured with a database-generated default, but has no configured sentinel value. The database-generated default will always be used for inserts when the property has the value 'RUNNING', since this is the CLR default for the 'EquipmentStatus' type. Consider using a nullable type, using a nullable backing field, or setting the sentinel value for the property to ensure the database default is used when, and only when, appropriate. See https://aka.ms/efcore-docs-default-values for more information.
2026-05-26 14:02:44.819 +08:00 [WRN] The 'QcResult' property 'InspectResult' on entity type 'QcInspection' is configured with a database-generated default, but has no configured sentinel value. The database-generated default will always be used for inserts when the property has the value 'PASS', since this is the CLR default for the 'QcResult' type. Consider using a nullable type, using a nullable backing field, or setting the sentinel value for the property to ensure the database default is used when, and only when, appropriate. See https://aka.ms/efcore-docs-default-values for more information.
2026-05-26 14:02:44.820 +08:00 [WRN] The 'QcResult' property 'Result' on entity type 'QcInspectionItem' is configured with a database-generated default, but has no configured sentinel value. The database-generated default will always be used for inserts when the property has the value 'PASS', since this is the CLR default for the 'QcResult' type. Consider using a nullable type, using a nullable backing field, or setting the sentinel value for the property to ensure the database default is used when, and only when, appropriate. See https://aka.ms/efcore-docs-default-values for more information.
2026-05-26 14:02:44.822 +08:00 [WRN] The 'Priority' property 'Priority' on entity type 'WorkOrder' is configured with a database-generated default, but has no configured sentinel value. The database-generated default will always be used for inserts when the property has the value 'LOW', since this is the CLR default for the 'Priority' type. Consider using a nullable type, using a nullable backing field, or setting the sentinel value for the property to ensure the database default is used when, and only when, appropriate. See https://aka.ms/efcore-docs-default-values for more information.
2026-05-26 14:02:45.142 +08:00 [INF] Executed DbCommand (22ms) [Parameters=[], CommandType='"Text"', CommandTimeout='30']
SELECT 1
2026-05-26 14:02:45.188 +08:00 [INF] Executed DbCommand (35ms) [Parameters=[], CommandType='"Text"', CommandTimeout='30']
SELECT CASE WHEN COUNT(*) = 0 THEN FALSE ELSE TRUE END
FROM pg_class AS cls
JOIN pg_namespace AS ns ON ns.oid = cls.relnamespace
WHERE
        cls.relkind IN ('r', 'v', 'm', 'f', 'p') AND
        ns.nspname NOT IN ('pg_catalog', 'information_schema') AND
        -- Exclude tables which are members of PG extensions
        NOT EXISTS (
            SELECT 1 FROM pg_depend WHERE
                classid=(
                    SELECT cls.oid
                    FROM pg_class AS cls
                             JOIN pg_namespace AS ns ON ns.oid = cls.relnamespace
                    WHERE relname='pg_class' AND ns.nspname='pg_catalog'
                ) AND
                objid=cls.oid AND
                deptype IN ('e', 'x')
        )
2026-05-26 14:02:45.568 +08:00 [INF] Executed DbCommand (4ms) [Parameters=[], CommandType='"Text"', CommandTimeout='30']
SELECT EXISTS (
    SELECT 1
    FROM mes_user AS m
    WHERE NOT (m.is_deleted))
2026-05-26 14:02:45.580 +08:00 [INF] MES API starting on http://localhost:5180
2026-05-26 14:02:45.595 +08:00 [INF] User profile is available. Using 'C:\Users\xudon\AppData\Local\ASP.NET\DataProtection-Keys' as key repository and Windows DPAPI to encrypt keys at rest.
2026-05-26 14:02:45.659 +08:00 [INF] Now listening on: http://localhost:5180
2026-05-26 14:02:45.661 +08:00 [INF] Application started. Press Ctrl+C to shut down.
2026-05-26 14:02:45.662 +08:00 [INF] Hosting environment: Development
2026-05-26 14:02:45.663 +08:00 [INF] Content root path: D:\Project\MES-Framework\src\MES.Api
2026-05-26 14:12:15.928 +08:00 [WRN] Entity 'Equipment' has a global query filter defined and is the required end of a relationship with the entity 'MaintenancePlan'. This may lead to unexpected results when the required entity is filtered out. Either configure the navigation as optional, or define matching query filters for both entities in the navigation. See https://go.microsoft.com/fwlink/?linkid=2131316 for more information.
2026-05-26 14:12:15.955 +08:00 [WRN] Entity 'Material' has a global query filter defined and is the required end of a relationship with the entity 'MaterialTrace'. This may lead to unexpected results when the required entity is filtered out. Either configure the navigation as optional, or define matching query filters for both entities in the navigation. See https://go.microsoft.com/fwlink/?linkid=2131316 for more information.
2026-05-26 14:12:15.957 +08:00 [WRN] Entity 'Routing' has a global query filter defined and is the required end of a relationship with the entity 'RoutingStep'. This may lead to unexpected results when the required entity is filtered out. Either configure the navigation as optional, or define matching query filters for both entities in the navigation. See https://go.microsoft.com/fwlink/?linkid=2131316 for more information.
2026-05-26 14:12:15.958 +08:00 [WRN] Entity 'WorkOrder' has a global query filter defined and is the required end of a relationship with the entity 'WorkOrderStep'. This may lead to unexpected results when the required entity is filtered out. Either configure the navigation as optional, or define matching query filters for both entities in the navigation. See https://go.microsoft.com/fwlink/?linkid=2131316 for more information.
2026-05-26 14:12:15.959 +08:00 [WRN] Entity 'WorkOrder' has a global query filter defined and is the required end of a relationship with the entity 'WorkReport'. This may lead to unexpected results when the required entity is filtered out. Either configure the navigation as optional, or define matching query filters for both entities in the navigation. See https://go.microsoft.com/fwlink/?linkid=2131316 for more information.
2026-05-26 14:12:16.006 +08:00 [WRN] The 'EquipmentStatus' property 'Status' on entity type 'Equipment' is configured with a database-generated default, but has no configured sentinel value. The database-generated default will always be used for inserts when the property has the value 'RUNNING', since this is the CLR default for the 'EquipmentStatus' type. Consider using a nullable type, using a nullable backing field, or setting the sentinel value for the property to ensure the database default is used when, and only when, appropriate. See https://aka.ms/efcore-docs-default-values for more information.
2026-05-26 14:12:16.008 +08:00 [WRN] The 'QcResult' property 'InspectResult' on entity type 'QcInspection' is configured with a database-generated default, but has no configured sentinel value. The database-generated default will always be used for inserts when the property has the value 'PASS', since this is the CLR default for the 'QcResult' type. Consider using a nullable type, using a nullable backing field, or setting the sentinel value for the property to ensure the database default is used when, and only when, appropriate. See https://aka.ms/efcore-docs-default-values for more information.
2026-05-26 14:12:16.010 +08:00 [WRN] The 'QcResult' property 'Result' on entity type 'QcInspectionItem' is configured with a database-generated default, but has no configured sentinel value. The database-generated default will always be used for inserts when the property has the value 'PASS', since this is the CLR default for the 'QcResult' type. Consider using a nullable type, using a nullable backing field, or setting the sentinel value for the property to ensure the database default is used when, and only when, appropriate. See https://aka.ms/efcore-docs-default-values for more information.
2026-05-26 14:12:16.012 +08:00 [WRN] The 'Priority' property 'Priority' on entity type 'WorkOrder' is configured with a database-generated default, but has no configured sentinel value. The database-generated default will always be used for inserts when the property has the value 'LOW', since this is the CLR default for the 'Priority' type. Consider using a nullable type, using a nullable backing field, or setting the sentinel value for the property to ensure the database default is used when, and only when, appropriate. See https://aka.ms/efcore-docs-default-values for more information.
2026-05-26 14:12:16.303 +08:00 [INF] Executed DbCommand (27ms) [Parameters=[], CommandType='"Text"', CommandTimeout='30']
SELECT 1
2026-05-26 14:12:16.350 +08:00 [INF] Executed DbCommand (37ms) [Parameters=[], CommandType='"Text"', CommandTimeout='30']
SELECT CASE WHEN COUNT(*) = 0 THEN FALSE ELSE TRUE END
FROM pg_class AS cls
JOIN pg_namespace AS ns ON ns.oid = cls.relnamespace
WHERE
        cls.relkind IN ('r', 'v', 'm', 'f', 'p') AND
        ns.nspname NOT IN ('pg_catalog', 'information_schema') AND
        -- Exclude tables which are members of PG extensions
        NOT EXISTS (
            SELECT 1 FROM pg_depend WHERE
                classid=(
                    SELECT cls.oid
                    FROM pg_class AS cls
                             JOIN pg_namespace AS ns ON ns.oid = cls.relnamespace
                    WHERE relname='pg_class' AND ns.nspname='pg_catalog'
                ) AND
                objid=cls.oid AND
                deptype IN ('e', 'x')
        )
2026-05-26 14:12:16.654 +08:00 [INF] Executed DbCommand (1ms) [Parameters=[], CommandType='"Text"', CommandTimeout='30']
SELECT EXISTS (
    SELECT 1
    FROM mes_user AS m
    WHERE NOT (m.is_deleted))
2026-05-26 14:12:16.665 +08:00 [INF] MES API starting on http://localhost:5180
2026-05-26 14:12:16.677 +08:00 [INF] User profile is available. Using 'C:\Users\xudon\AppData\Local\ASP.NET\DataProtection-Keys' as key repository and Windows DPAPI to encrypt keys at rest.
2026-05-26 14:12:16.736 +08:00 [INF] Now listening on: http://localhost:5180
2026-05-26 14:12:16.738 +08:00 [INF] Application started. Press Ctrl+C to shut down.
2026-05-26 14:12:16.739 +08:00 [INF] Hosting environment: Development
2026-05-26 14:12:16.740 +08:00 [INF] Content root path: D:\Project\MES-Framework\src\MES.Api
2026-05-26 14:15:20.939 +08:00 [WRN] Entity 'Equipment' has a global query filter defined and is the required end of a relationship with the entity 'MaintenancePlan'. This may lead to unexpected results when the required entity is filtered out. Either configure the navigation as optional, or define matching query filters for both entities in the navigation. See https://go.microsoft.com/fwlink/?linkid=2131316 for more information.
2026-05-26 14:15:20.968 +08:00 [WRN] Entity 'Material' has a global query filter defined and is the required end of a relationship with the entity 'MaterialTrace'. This may lead to unexpected results when the required entity is filtered out. Either configure the navigation as optional, or define matching query filters for both entities in the navigation. See https://go.microsoft.com/fwlink/?linkid=2131316 for more information.
2026-05-26 14:15:20.969 +08:00 [WRN] Entity 'Routing' has a global query filter defined and is the required end of a relationship with the entity 'RoutingStep'. This may lead to unexpected results when the required entity is filtered out. Either configure the navigation as optional, or define matching query filters for both entities in the navigation. See https://go.microsoft.com/fwlink/?linkid=2131316 for more information.
2026-05-26 14:15:20.970 +08:00 [WRN] Entity 'WorkOrder' has a global query filter defined and is the required end of a relationship with the entity 'WorkOrderStep'. This may lead to unexpected results when the required entity is filtered out. Either configure the navigation as optional, or define matching query filters for both entities in the navigation. See https://go.microsoft.com/fwlink/?linkid=2131316 for more information.
2026-05-26 14:15:20.971 +08:00 [WRN] Entity 'WorkOrder' has a global query filter defined and is the required end of a relationship with the entity 'WorkReport'. This may lead to unexpected results when the required entity is filtered out. Either configure the navigation as optional, or define matching query filters for both entities in the navigation. See https://go.microsoft.com/fwlink/?linkid=2131316 for more information.
2026-05-26 14:15:21.020 +08:00 [WRN] The 'EquipmentStatus' property 'Status' on entity type 'Equipment' is configured with a database-generated default, but has no configured sentinel value. The database-generated default will always be used for inserts when the property has the value 'RUNNING', since this is the CLR default for the 'EquipmentStatus' type. Consider using a nullable type, using a nullable backing field, or setting the sentinel value for the property to ensure the database default is used when, and only when, appropriate. See https://aka.ms/efcore-docs-default-values for more information.
2026-05-26 14:15:21.022 +08:00 [WRN] The 'QcResult' property 'InspectResult' on entity type 'QcInspection' is configured with a database-generated default, but has no configured sentinel value. The database-generated default will always be used for inserts when the property has the value 'PASS', since this is the CLR default for the 'QcResult' type. Consider using a nullable type, using a nullable backing field, or setting the sentinel value for the property to ensure the database default is used when, and only when, appropriate. See https://aka.ms/efcore-docs-default-values for more information.
2026-05-26 14:15:21.023 +08:00 [WRN] The 'QcResult' property 'Result' on entity type 'QcInspectionItem' is configured with a database-generated default, but has no configured sentinel value. The database-generated default will always be used for inserts when the property has the value 'PASS', since this is the CLR default for the 'QcResult' type. Consider using a nullable type, using a nullable backing field, or setting the sentinel value for the property to ensure the database default is used when, and only when, appropriate. See https://aka.ms/efcore-docs-default-values for more information.
2026-05-26 14:15:21.025 +08:00 [WRN] The 'Priority' property 'Priority' on entity type 'WorkOrder' is configured with a database-generated default, but has no configured sentinel value. The database-generated default will always be used for inserts when the property has the value 'LOW', since this is the CLR default for the 'Priority' type. Consider using a nullable type, using a nullable backing field, or setting the sentinel value for the property to ensure the database default is used when, and only when, appropriate. See https://aka.ms/efcore-docs-default-values for more information.
2026-05-26 14:15:21.323 +08:00 [INF] Executed DbCommand (24ms) [Parameters=[], CommandType='"Text"', CommandTimeout='30']
SELECT 1
2026-05-26 14:15:21.364 +08:00 [INF] Executed DbCommand (30ms) [Parameters=[], CommandType='"Text"', CommandTimeout='30']
SELECT CASE WHEN COUNT(*) = 0 THEN FALSE ELSE TRUE END
FROM pg_class AS cls
JOIN pg_namespace AS ns ON ns.oid = cls.relnamespace
WHERE
        cls.relkind IN ('r', 'v', 'm', 'f', 'p') AND
        ns.nspname NOT IN ('pg_catalog', 'information_schema') AND
        -- Exclude tables which are members of PG extensions
        NOT EXISTS (
            SELECT 1 FROM pg_depend WHERE
                classid=(
                    SELECT cls.oid
                    FROM pg_class AS cls
                             JOIN pg_namespace AS ns ON ns.oid = cls.relnamespace
                    WHERE relname='pg_class' AND ns.nspname='pg_catalog'
                ) AND
                objid=cls.oid AND
                deptype IN ('e', 'x')
        )
2026-05-26 14:15:21.647 +08:00 [INF] Executed DbCommand (1ms) [Parameters=[], CommandType='"Text"', CommandTimeout='30']
SELECT EXISTS (
    SELECT 1
    FROM mes_user AS m
    WHERE NOT (m.is_deleted))
2026-05-26 14:15:21.656 +08:00 [INF] MES API starting on http://localhost:5180
2026-05-26 14:15:21.669 +08:00 [INF] User profile is available. Using 'C:\Users\xudon\AppData\Local\ASP.NET\DataProtection-Keys' as key repository and Windows DPAPI to encrypt keys at rest.
2026-05-26 14:15:21.715 +08:00 [INF] Now listening on: http://localhost:5180
2026-05-26 14:15:21.716 +08:00 [INF] Application started. Press Ctrl+C to shut down.
2026-05-26 14:15:21.717 +08:00 [INF] Hosting environment: Development
2026-05-26 14:15:21.718 +08:00 [INF] Content root path: D:\Project\MES-Framework\src\MES.Api
2026-05-26 14:16:58.088 +08:00 [INF] Request starting HTTP/1.1 GET http://localhost:5180/swagger/index.html - null null
2026-05-26 14:16:58.177 +08:00 [INF] GET /swagger/index.html responded 200 in 62ms
2026-05-26 14:16:58.181 +08:00 [INF] Request finished HTTP/1.1 GET http://localhost:5180/swagger/index.html - 200 null text/html;charset=utf-8 93.8002ms
2026-05-26 14:18:12.547 +08:00 [INF] Request starting HTTP/1.1 POST http://localhost:5180/api/v1/auth/login - application/json 45
2026-05-26 14:18:13.613 +08:00 [INF] Executing endpoint 'MES.Api.Controllers.AuthController.Login (MES.Api)'
2026-05-26 14:18:13.637 +08:00 [INF] Route matched with {action = "Login", controller = "Auth"}. Executing controller action with signature System.Threading.Tasks.Task`1[Microsoft.AspNetCore.Mvc.IActionResult] Login(MES.Api.Dtos.LoginRequest) on controller MES.Api.Controllers.AuthController (MES.Api).
2026-05-26 14:18:13.762 +08:00 [INF] Executed DbCommand (15ms) [Parameters=[@request_Username='?'], CommandType='"Text"', CommandTimeout='30']
SELECT m.id, m.created_at, m.created_by, m.display_name, m.email, m.is_deleted, m.last_login_time, m.password_hash, m.phone, m.status, m.updated_at, m.updated_by, m.username
FROM mes_user AS m
WHERE NOT (m.is_deleted) AND m.username = @request_Username AND NOT (m.is_deleted)
LIMIT 1
2026-05-26 14:18:13.892 +08:00 [INF] Executed DbCommand (7ms) [Parameters=[@p2='?' (DbType = Int64), @p0='?' (DbType = DateTime), @p1='?' (DbType = DateTime)], CommandType='"Text"', CommandTimeout='30']
UPDATE mes_user SET last_login_time = @p0, updated_at = @p1
WHERE id = @p2;
2026-05-26 14:18:13.943 +08:00 [INF] Executing OkObjectResult, writing value of type 'MES.Api.Middleware.ApiResponse'.
2026-05-26 14:18:13.956 +08:00 [INF] Executed action MES.Api.Controllers.AuthController.Login (MES.Api) in 315.742ms
2026-05-26 14:18:13.958 +08:00 [INF] Executed endpoint 'MES.Api.Controllers.AuthController.Login (MES.Api)'
2026-05-26 14:18:13.960 +08:00 [INF] POST /api/v1/auth/login responded 200 in 1409ms
2026-05-26 14:18:13.964 +08:00 [INF] Request finished HTTP/1.1 POST http://localhost:5180/api/v1/auth/login - 200 null application/json; charset=utf-8 1417.0584ms
2026-05-26 14:18:14.049 +08:00 [INF] Request starting HTTP/1.1 GET http://localhost:5180/api/v1/factories - application/json null
2026-05-26 14:18:14.085 +08:00 [INF] Executing endpoint 'MES.Api.Controllers.FactoryController.GetAll (MES.Api)'
2026-05-26 14:18:14.090 +08:00 [INF] Route matched with {action = "GetAll", controller = "Factory"}. Executing controller action with signature System.Threading.Tasks.Task`1[Microsoft.AspNetCore.Mvc.IActionResult] GetAll() on controller MES.Api.Controllers.FactoryController (MES.Api).
2026-05-26 14:18:14.155 +08:00 [INF] Executed DbCommand (3ms) [Parameters=[], CommandType='"Text"', CommandTimeout='30']
SELECT m.id, m.address, m.code, m.created_at, m.created_by, m.is_deleted, m.name, m.status, m.updated_at, m.updated_by
FROM mes_factory AS m
WHERE NOT (m.is_deleted)
2026-05-26 14:18:14.171 +08:00 [INF] Executing OkObjectResult, writing value of type 'MES.Api.Middleware.ApiResponse'.
2026-05-26 14:18:14.186 +08:00 [INF] Executed action MES.Api.Controllers.FactoryController.GetAll (MES.Api) in 94.1402ms
2026-05-26 14:18:14.187 +08:00 [INF] Executed endpoint 'MES.Api.Controllers.FactoryController.GetAll (MES.Api)'
2026-05-26 14:18:14.188 +08:00 [INF] GET /api/v1/factories responded 200 in 135ms
2026-05-26 14:18:14.189 +08:00 [INF] Request finished HTTP/1.1 GET http://localhost:5180/api/v1/factories - 200 null application/json; charset=utf-8 139.7068ms
2026-05-26 14:18:14.208 +08:00 [INF] Request starting HTTP/1.1 GET http://localhost:5180/api/v1/workshops - application/json null
2026-05-26 14:18:14.213 +08:00 [INF] Executing endpoint 'MES.Api.Controllers.WorkshopController.GetAll (MES.Api)'
2026-05-26 14:18:14.218 +08:00 [INF] Route matched with {action = "GetAll", controller = "Workshop"}. Executing controller action with signature System.Threading.Tasks.Task`1[Microsoft.AspNetCore.Mvc.IActionResult] GetAll() on controller MES.Api.Controllers.WorkshopController (MES.Api).
2026-05-26 14:18:14.228 +08:00 [INF] Executed DbCommand (2ms) [Parameters=[], CommandType='"Text"', CommandTimeout='30']
SELECT m.id, m.code, m.created_at, m.created_by, m.factory_id, m.is_deleted, m.name, m.status, m.updated_at, m.updated_by
FROM mes_workshop AS m
WHERE NOT (m.is_deleted)
2026-05-26 14:18:14.243 +08:00 [INF] Executing OkObjectResult, writing value of type 'MES.Api.Middleware.ApiResponse'.
2026-05-26 14:18:14.245 +08:00 [INF] Executed action MES.Api.Controllers.WorkshopController.GetAll (MES.Api) in 25.4282ms
2026-05-26 14:18:14.246 +08:00 [INF] Executed endpoint 'MES.Api.Controllers.WorkshopController.GetAll (MES.Api)'
2026-05-26 14:18:14.246 +08:00 [INF] GET /api/v1/workshops responded 200 in 36ms
2026-05-26 14:18:14.248 +08:00 [INF] Request finished HTTP/1.1 GET http://localhost:5180/api/v1/workshops - 200 null application/json; charset=utf-8 39.5732ms
2026-05-26 14:18:14.261 +08:00 [INF] Request starting HTTP/1.1 GET http://localhost:5180/api/v1/production-lines - application/json null
2026-05-26 14:18:14.264 +08:00 [INF] Executing endpoint 'MES.Api.Controllers.ProductionLineController.GetAll (MES.Api)'
2026-05-26 14:18:14.269 +08:00 [INF] Route matched with {action = "GetAll", controller = "ProductionLine"}. Executing controller action with signature System.Threading.Tasks.Task`1[Microsoft.AspNetCore.Mvc.IActionResult] GetAll() on controller MES.Api.Controllers.ProductionLineController (MES.Api).
2026-05-26 14:18:14.280 +08:00 [INF] Executed DbCommand (2ms) [Parameters=[], CommandType='"Text"', CommandTimeout='30']
SELECT m.id, m.code, m.created_at, m.created_by, m.is_deleted, m.line_type, m.name, m.status, m.updated_at, m.updated_by, m.workshop_id
FROM mes_production_line AS m
WHERE NOT (m.is_deleted)
2026-05-26 14:18:14.298 +08:00 [INF] Executing OkObjectResult, writing value of type 'MES.Api.Middleware.ApiResponse'.
2026-05-26 14:18:14.301 +08:00 [INF] Executed action MES.Api.Controllers.ProductionLineController.GetAll (MES.Api) in 30.7167ms
2026-05-26 14:18:14.302 +08:00 [INF] Executed endpoint 'MES.Api.Controllers.ProductionLineController.GetAll (MES.Api)'
2026-05-26 14:18:14.303 +08:00 [INF] GET /api/v1/production-lines responded 200 in 40ms
2026-05-26 14:18:14.304 +08:00 [INF] Request finished HTTP/1.1 GET http://localhost:5180/api/v1/production-lines - 200 null application/json; charset=utf-8 42.9194ms
2026-05-26 14:18:14.318 +08:00 [INF] Request starting HTTP/1.1 GET http://localhost:5180/api/v1/workstations - application/json null
2026-05-26 14:18:14.320 +08:00 [INF] Executing endpoint 'MES.Api.Controllers.WorkstationController.GetAll (MES.Api)'
2026-05-26 14:18:14.325 +08:00 [INF] Route matched with {action = "GetAll", controller = "Workstation"}. Executing controller action with signature System.Threading.Tasks.Task`1[Microsoft.AspNetCore.Mvc.IActionResult] GetAll() on controller MES.Api.Controllers.WorkstationController (MES.Api).
2026-05-26 14:18:14.335 +08:00 [INF] Executed DbCommand (3ms) [Parameters=[], CommandType='"Text"', CommandTimeout='30']
SELECT m.id, m.code, m.created_at, m.created_by, m.is_deleted, m.line_id, m.name, m.seq_no, m.status, m.updated_at, m.updated_by
FROM mes_workstation AS m
WHERE NOT (m.is_deleted)
2026-05-26 14:18:14.351 +08:00 [INF] Executing OkObjectResult, writing value of type 'MES.Api.Middleware.ApiResponse'.
2026-05-26 14:18:14.353 +08:00 [INF] Executed action MES.Api.Controllers.WorkstationController.GetAll (MES.Api) in 27.152ms
2026-05-26 14:18:14.354 +08:00 [INF] Executed endpoint 'MES.Api.Controllers.WorkstationController.GetAll (MES.Api)'
2026-05-26 14:18:14.355 +08:00 [INF] GET /api/v1/workstations responded 200 in 35ms
2026-05-26 14:18:14.356 +08:00 [INF] Request finished HTTP/1.1 GET http://localhost:5180/api/v1/workstations - 200 null application/json; charset=utf-8 38.0654ms
2026-05-26 14:18:14.373 +08:00 [INF] Request starting HTTP/1.1 GET http://localhost:5180/api/v1/materials - application/json null
2026-05-26 14:18:14.375 +08:00 [INF] Executing endpoint 'MES.Api.Controllers.MaterialController.GetAll (MES.Api)'
2026-05-26 14:18:14.379 +08:00 [INF] Route matched with {action = "GetAll", controller = "Material"}. Executing controller action with signature System.Threading.Tasks.Task`1[Microsoft.AspNetCore.Mvc.IActionResult] GetAll() on controller MES.Api.Controllers.MaterialController (MES.Api).
2026-05-26 14:18:14.390 +08:00 [INF] Executed DbCommand (2ms) [Parameters=[], CommandType='"Text"', CommandTimeout='30']
SELECT m.id, m.bom_level, m.category, m.code, m.created_at, m.created_by, m.is_deleted, m.name, m.spec, m.status, m.stock_qty, m.unit, m.updated_at, m.updated_by
FROM mes_material AS m
WHERE NOT (m.is_deleted)
2026-05-26 14:18:14.415 +08:00 [INF] Executing OkObjectResult, writing value of type 'MES.Api.Middleware.ApiResponse'.
2026-05-26 14:18:14.422 +08:00 [INF] Executed action MES.Api.Controllers.MaterialController.GetAll (MES.Api) in 41.6655ms
2026-05-26 14:18:14.423 +08:00 [INF] Executed endpoint 'MES.Api.Controllers.MaterialController.GetAll (MES.Api)'
2026-05-26 14:18:14.424 +08:00 [INF] GET /api/v1/materials responded 200 in 49ms
2026-05-26 14:18:14.425 +08:00 [INF] Request finished HTTP/1.1 GET http://localhost:5180/api/v1/materials - 200 null application/json; charset=utf-8 52.5541ms
2026-05-26 14:18:14.440 +08:00 [INF] Request starting HTTP/1.1 GET http://localhost:5180/api/v1/routings - application/json null
2026-05-26 14:18:14.442 +08:00 [INF] Executing endpoint 'MES.Api.Controllers.RoutingController.GetAll (MES.Api)'
2026-05-26 14:18:14.447 +08:00 [INF] Route matched with {action = "GetAll", controller = "Routing"}. Executing controller action with signature System.Threading.Tasks.Task`1[Microsoft.AspNetCore.Mvc.IActionResult] GetAll() on controller MES.Api.Controllers.RoutingController (MES.Api).
2026-05-26 14:18:14.522 +08:00 [INF] Executed DbCommand (5ms) [Parameters=[], CommandType='"Text"', CommandTimeout='30']
SELECT m.id, m.created_at, m.created_by, m.is_deleted, m.material_id, m.routing_code, m.routing_name, m.status, m.updated_at, m.updated_by, m.version, m0.id, m0.created_at, m0.created_by, m0.is_deleted, m0.is_qc_point, m0.is_scrap_point, m0.routing_id, m0.standard_time, m0.step_name, m0.step_no, m0.updated_at, m0.updated_by, m0.workstation_type
FROM mes_routing AS m
LEFT JOIN mes_routing_step AS m0 ON m.id = m0.routing_id
WHERE NOT (m.is_deleted)
ORDER BY m.id
2026-05-26 14:18:14.561 +08:00 [INF] Executing OkObjectResult, writing value of type 'MES.Api.Middleware.ApiResponse'.
2026-05-26 14:18:14.566 +08:00 [INF] Executed action MES.Api.Controllers.RoutingController.GetAll (MES.Api) in 117.3776ms
2026-05-26 14:18:14.567 +08:00 [INF] Executed endpoint 'MES.Api.Controllers.RoutingController.GetAll (MES.Api)'
2026-05-26 14:18:14.568 +08:00 [INF] GET /api/v1/routings responded 200 in 125ms
2026-05-26 14:18:14.569 +08:00 [INF] Request finished HTTP/1.1 GET http://localhost:5180/api/v1/routings - 200 null application/json; charset=utf-8 128.7495ms
2026-05-26 14:18:14.584 +08:00 [INF] Request starting HTTP/1.1 GET http://localhost:5180/api/v1/boms - application/json null
2026-05-26 14:18:14.587 +08:00 [INF] Executing endpoint 'MES.Api.Controllers.BomController.GetAll (MES.Api)'
2026-05-26 14:18:14.593 +08:00 [INF] Route matched with {action = "GetAll", controller = "Bom"}. Executing controller action with signature System.Threading.Tasks.Task`1[Microsoft.AspNetCore.Mvc.IActionResult] GetAll() on controller MES.Api.Controllers.BomController (MES.Api).
2026-05-26 14:18:14.603 +08:00 [INF] Executed DbCommand (3ms) [Parameters=[], CommandType='"Text"', CommandTimeout='30']
SELECT m.id, m.created_at, m.created_by, m.is_deleted, m.material_id, m.product_id, m.quantity, m.scrap_rate, m.seq_no, m.status, m.updated_at, m.updated_by, m.valid_from, m.valid_to
FROM mes_bom AS m
WHERE NOT (m.is_deleted)
2026-05-26 14:18:14.619 +08:00 [INF] Executing OkObjectResult, writing value of type 'MES.Api.Middleware.ApiResponse'.
2026-05-26 14:18:14.625 +08:00 [INF] Executed action MES.Api.Controllers.BomController.GetAll (MES.Api) in 30.902ms
2026-05-26 14:18:14.626 +08:00 [INF] Executed endpoint 'MES.Api.Controllers.BomController.GetAll (MES.Api)'
2026-05-26 14:18:14.627 +08:00 [INF] GET /api/v1/boms responded 200 in 40ms
2026-05-26 14:18:14.628 +08:00 [INF] Request finished HTTP/1.1 GET http://localhost:5180/api/v1/boms - 200 null application/json; charset=utf-8 43.7671ms
2026-05-26 14:18:14.644 +08:00 [INF] Request starting HTTP/1.1 GET http://localhost:5180/api/v1/work-orders - application/json null
2026-05-26 14:18:14.647 +08:00 [INF] Executing endpoint 'MES.Api.Controllers.WorkOrderController.GetAll (MES.Api)'
2026-05-26 14:18:14.653 +08:00 [INF] Route matched with {action = "GetAll", controller = "WorkOrder"}. Executing controller action with signature System.Threading.Tasks.Task`1[Microsoft.AspNetCore.Mvc.IActionResult] GetAll() on controller MES.Api.Controllers.WorkOrderController (MES.Api).
2026-05-26 14:18:14.666 +08:00 [INF] Executed DbCommand (3ms) [Parameters=[], CommandType='"Text"', CommandTimeout='30']
SELECT m.id, m.actual_end_time, m.actual_start_time, m.assignee, m.completed_qty, m.created_at, m.created_by, m.factory_id, m.is_deleted, m.line_id, m.material_id, m.order_no, m.plan_end_time, m.plan_start_time, m.planned_qty, m.priority, m.remark, m.rework_from_id, m.routing_id, m.scrap_qty, m.source_ref, m.source_type, m.status, m.updated_at, m.updated_by, m.workshop_id
FROM mes_work_order AS m
WHERE NOT (m.is_deleted)
2026-05-26 14:18:14.710 +08:00 [INF] Executing OkObjectResult, writing value of type 'MES.Api.Middleware.ApiResponse'.
2026-05-26 14:18:14.732 +08:00 [INF] Executed action MES.Api.Controllers.WorkOrderController.GetAll (MES.Api) in 77.3346ms
2026-05-26 14:18:14.733 +08:00 [INF] Executed endpoint 'MES.Api.Controllers.WorkOrderController.GetAll (MES.Api)'
2026-05-26 14:18:14.734 +08:00 [INF] GET /api/v1/work-orders responded 200 in 87ms
2026-05-26 14:18:14.735 +08:00 [INF] Request finished HTTP/1.1 GET http://localhost:5180/api/v1/work-orders - 200 null application/json; charset=utf-8 91.0794ms
2026-05-26 14:18:14.834 +08:00 [INF] Request starting HTTP/1.1 POST http://localhost:5180/api/v1/work-orders/5/hold - application/json 0
2026-05-26 14:18:14.837 +08:00 [INF] Executing endpoint 'MES.Api.Controllers.WorkOrderController.Hold (MES.Api)'
2026-05-26 14:18:14.845 +08:00 [INF] Route matched with {action = "Hold", controller = "WorkOrder"}. Executing controller action with signature System.Threading.Tasks.Task`1[Microsoft.AspNetCore.Mvc.IActionResult] Hold(Int64) on controller MES.Api.Controllers.WorkOrderController (MES.Api).
2026-05-26 14:18:14.873 +08:00 [INF] Executed DbCommand (2ms) [Parameters=[@p='?' (DbType = Int64)], CommandType='"Text"', CommandTimeout='30']
SELECT m.id, m.actual_end_time, m.actual_start_time, m.assignee, m.completed_qty, m.created_at, m.created_by, m.factory_id, m.is_deleted, m.line_id, m.material_id, m.order_no, m.plan_end_time, m.plan_start_time, m.planned_qty, m.priority, m.remark, m.rework_from_id, m.routing_id, m.scrap_qty, m.source_ref, m.source_type, m.status, m.updated_at, m.updated_by, m.workshop_id
FROM mes_work_order AS m
WHERE NOT (m.is_deleted) AND m.id = @p
LIMIT 1
2026-05-26 14:18:14.931 +08:00 [INF] Executed DbCommand (8ms) [Parameters=[@p25='?' (DbType = Int64), @p0='?' (DbType = DateTime), @p1='?' (DbType = DateTime), @p2='?' (DbType = Int64), @p3='?' (DbType = Decimal), @p4='?' (DbType = DateTime), @p5='?' (DbType = Int64), @p6='?' (DbType = Int64), @p7='?' (DbType = Boolean), @p8='?' (DbType = Int64), @p9='?' (DbType = Int64), @p10='?', @p11='?' (DbType = DateTime), @p12='?' (DbType = DateTime), @p13='?' (DbType = Decimal), @p14='?' (DbType = Int32), @p15='?', @p16='?' (DbType = Int64), @p17='?' (DbType = Int64), @p18='?' (DbType = Decimal), @p19='?', @p20='?' (DbType = Int32), @p21='?' (DbType = Int32), @p22='?' (DbType = DateTime), @p23='?' (DbType = Int64), @p24='?' (DbType = Int64)], CommandType='"Text"', CommandTimeout='30']
UPDATE mes_work_order SET actual_end_time = @p0, actual_start_time = @p1, assignee = @p2, completed_qty = @p3, created_at = @p4, created_by = @p5, factory_id = @p6, is_deleted = @p7, line_id = @p8, material_id = @p9, order_no = @p10, plan_end_time = @p11, plan_start_time = @p12, planned_qty = @p13, priority = @p14, remark = @p15, rework_from_id = @p16, routing_id = @p17, scrap_qty = @p18, source_ref = @p19, source_type = @p20, status = @p21, updated_at = @p22, updated_by = @p23, workshop_id = @p24
WHERE id = @p25;
2026-05-26 14:18:14.934 +08:00 [INF] Executing OkObjectResult, writing value of type 'MES.Api.Middleware.ApiResponse'.
2026-05-26 14:18:14.939 +08:00 [INF] Executed action MES.Api.Controllers.WorkOrderController.Hold (MES.Api) in 92.5873ms
2026-05-26 14:18:14.942 +08:00 [INF] Executed endpoint 'MES.Api.Controllers.WorkOrderController.Hold (MES.Api)'
2026-05-26 14:18:14.943 +08:00 [INF] POST /api/v1/work-orders/5/hold responded 200 in 105ms
2026-05-26 14:18:14.945 +08:00 [INF] Request finished HTTP/1.1 POST http://localhost:5180/api/v1/work-orders/5/hold - 200 null application/json; charset=utf-8 110.4946ms
2026-05-26 14:18:14.964 +08:00 [INF] Request starting HTTP/1.1 POST http://localhost:5180/api/v1/work-orders/5/resume - application/json 0
2026-05-26 14:18:14.968 +08:00 [INF] Executing endpoint 'MES.Api.Controllers.WorkOrderController.Resume (MES.Api)'
2026-05-26 14:18:14.976 +08:00 [INF] Route matched with {action = "Resume", controller = "WorkOrder"}. Executing controller action with signature System.Threading.Tasks.Task`1[Microsoft.AspNetCore.Mvc.IActionResult] Resume(Int64) on controller MES.Api.Controllers.WorkOrderController (MES.Api).
2026-05-26 14:18:14.988 +08:00 [INF] Executed DbCommand (1ms) [Parameters=[@p='?' (DbType = Int64)], CommandType='"Text"', CommandTimeout='30']
SELECT m.id, m.actual_end_time, m.actual_start_time, m.assignee, m.completed_qty, m.created_at, m.created_by, m.factory_id, m.is_deleted, m.line_id, m.material_id, m.order_no, m.plan_end_time, m.plan_start_time, m.planned_qty, m.priority, m.remark, m.rework_from_id, m.routing_id, m.scrap_qty, m.source_ref, m.source_type, m.status, m.updated_at, m.updated_by, m.workshop_id
FROM mes_work_order AS m
WHERE NOT (m.is_deleted) AND m.id = @p
LIMIT 1
2026-05-26 14:18:14.995 +08:00 [INF] Executed DbCommand (3ms) [Parameters=[@p25='?' (DbType = Int64), @p0='?' (DbType = DateTime), @p1='?' (DbType = DateTime), @p2='?' (DbType = Int64), @p3='?' (DbType = Decimal), @p4='?' (DbType = DateTime), @p5='?' (DbType = Int64), @p6='?' (DbType = Int64), @p7='?' (DbType = Boolean), @p8='?' (DbType = Int64), @p9='?' (DbType = Int64), @p10='?', @p11='?' (DbType = DateTime), @p12='?' (DbType = DateTime), @p13='?' (DbType = Decimal), @p14='?' (DbType = Int32), @p15='?', @p16='?' (DbType = Int64), @p17='?' (DbType = Int64), @p18='?' (DbType = Decimal), @p19='?', @p20='?' (DbType = Int32), @p21='?' (DbType = Int32), @p22='?' (DbType = DateTime), @p23='?' (DbType = Int64), @p24='?' (DbType = Int64)], CommandType='"Text"', CommandTimeout='30']
UPDATE mes_work_order SET actual_end_time = @p0, actual_start_time = @p1, assignee = @p2, completed_qty = @p3, created_at = @p4, created_by = @p5, factory_id = @p6, is_deleted = @p7, line_id = @p8, material_id = @p9, order_no = @p10, plan_end_time = @p11, plan_start_time = @p12, planned_qty = @p13, priority = @p14, remark = @p15, rework_from_id = @p16, routing_id = @p17, scrap_qty = @p18, source_ref = @p19, source_type = @p20, status = @p21, updated_at = @p22, updated_by = @p23, workshop_id = @p24
WHERE id = @p25;
2026-05-26 14:18:14.998 +08:00 [INF] Executing OkObjectResult, writing value of type 'MES.Api.Middleware.ApiResponse'.
2026-05-26 14:18:15.000 +08:00 [INF] Executed action MES.Api.Controllers.WorkOrderController.Resume (MES.Api) in 23.1878ms
2026-05-26 14:18:15.001 +08:00 [INF] Executed endpoint 'MES.Api.Controllers.WorkOrderController.Resume (MES.Api)'
2026-05-26 14:18:15.003 +08:00 [INF] POST /api/v1/work-orders/5/resume responded 200 in 35ms
2026-05-26 14:18:15.005 +08:00 [INF] Request finished HTTP/1.1 POST http://localhost:5180/api/v1/work-orders/5/resume - 200 null application/json; charset=utf-8 41.5438ms
2026-05-26 14:18:15.029 +08:00 [INF] Request starting HTTP/1.1 GET http://localhost:5180/api/v1/work-orders - application/json null
2026-05-26 14:18:15.033 +08:00 [INF] Executing endpoint 'MES.Api.Controllers.WorkOrderController.GetAll (MES.Api)'
2026-05-26 14:18:15.034 +08:00 [INF] Route matched with {action = "GetAll", controller = "WorkOrder"}. Executing controller action with signature System.Threading.Tasks.Task`1[Microsoft.AspNetCore.Mvc.IActionResult] GetAll() on controller MES.Api.Controllers.WorkOrderController (MES.Api).
2026-05-26 14:18:15.040 +08:00 [INF] Executed DbCommand (1ms) [Parameters=[], CommandType='"Text"', CommandTimeout='30']
SELECT m.id, m.actual_end_time, m.actual_start_time, m.assignee, m.completed_qty, m.created_at, m.created_by, m.factory_id, m.is_deleted, m.line_id, m.material_id, m.order_no, m.plan_end_time, m.plan_start_time, m.planned_qty, m.priority, m.remark, m.rework_from_id, m.routing_id, m.scrap_qty, m.source_ref, m.source_type, m.status, m.updated_at, m.updated_by, m.workshop_id
FROM mes_work_order AS m
WHERE NOT (m.is_deleted)
2026-05-26 14:18:15.043 +08:00 [INF] Executing OkObjectResult, writing value of type 'MES.Api.Middleware.ApiResponse'.
2026-05-26 14:18:15.045 +08:00 [INF] Executed action MES.Api.Controllers.WorkOrderController.GetAll (MES.Api) in 8.3089ms
2026-05-26 14:18:15.046 +08:00 [INF] Executed endpoint 'MES.Api.Controllers.WorkOrderController.GetAll (MES.Api)'
2026-05-26 14:18:15.048 +08:00 [INF] GET /api/v1/work-orders responded 200 in 15ms
2026-05-26 14:18:15.050 +08:00 [INF] Request finished HTTP/1.1 GET http://localhost:5180/api/v1/work-orders - 200 null application/json; charset=utf-8 20.5546ms
2026-05-26 14:18:15.086 +08:00 [INF] Request starting HTTP/1.1 GET http://localhost:5180/api/v1/work-orders - application/json null
2026-05-26 14:18:15.091 +08:00 [INF] Executing endpoint 'MES.Api.Controllers.WorkOrderController.GetAll (MES.Api)'
2026-05-26 14:18:15.093 +08:00 [INF] Route matched with {action = "GetAll", controller = "WorkOrder"}. Executing controller action with signature System.Threading.Tasks.Task`1[Microsoft.AspNetCore.Mvc.IActionResult] GetAll() on controller MES.Api.Controllers.WorkOrderController (MES.Api).
2026-05-26 14:18:15.097 +08:00 [INF] Executed DbCommand (1ms) [Parameters=[], CommandType='"Text"', CommandTimeout='30']
SELECT m.id, m.actual_end_time, m.actual_start_time, m.assignee, m.completed_qty, m.created_at, m.created_by, m.factory_id, m.is_deleted, m.line_id, m.material_id, m.order_no, m.plan_end_time, m.plan_start_time, m.planned_qty, m.priority, m.remark, m.rework_from_id, m.routing_id, m.scrap_qty, m.source_ref, m.source_type, m.status, m.updated_at, m.updated_by, m.workshop_id
FROM mes_work_order AS m
WHERE NOT (m.is_deleted)
2026-05-26 14:18:15.100 +08:00 [INF] Executing OkObjectResult, writing value of type 'MES.Api.Middleware.ApiResponse'.
2026-05-26 14:18:15.102 +08:00 [INF] Executed action MES.Api.Controllers.WorkOrderController.GetAll (MES.Api) in 7.0585ms
2026-05-26 14:18:15.103 +08:00 [INF] Executed endpoint 'MES.Api.Controllers.WorkOrderController.GetAll (MES.Api)'
2026-05-26 14:18:15.105 +08:00 [INF] GET /api/v1/work-orders responded 200 in 15ms
2026-05-26 14:18:15.107 +08:00 [INF] Request finished HTTP/1.1 GET http://localhost:5180/api/v1/work-orders - 200 null application/json; charset=utf-8 21.3472ms
2026-05-26 14:18:15.148 +08:00 [INF] Request starting HTTP/1.1 GET http://localhost:5180/api/v1/work-orders - application/json null
2026-05-26 14:18:15.151 +08:00 [INF] Executing endpoint 'MES.Api.Controllers.WorkOrderController.GetAll (MES.Api)'
2026-05-26 14:18:15.152 +08:00 [INF] Route matched with {action = "GetAll", controller = "WorkOrder"}. Executing controller action with signature System.Threading.Tasks.Task`1[Microsoft.AspNetCore.Mvc.IActionResult] GetAll() on controller MES.Api.Controllers.WorkOrderController (MES.Api).
2026-05-26 14:18:15.156 +08:00 [INF] Executed DbCommand (1ms) [Parameters=[], CommandType='"Text"', CommandTimeout='30']
SELECT m.id, m.actual_end_time, m.actual_start_time, m.assignee, m.completed_qty, m.created_at, m.created_by, m.factory_id, m.is_deleted, m.line_id, m.material_id, m.order_no, m.plan_end_time, m.plan_start_time, m.planned_qty, m.priority, m.remark, m.rework_from_id, m.routing_id, m.scrap_qty, m.source_ref, m.source_type, m.status, m.updated_at, m.updated_by, m.workshop_id
FROM mes_work_order AS m
WHERE NOT (m.is_deleted)
2026-05-26 14:18:15.159 +08:00 [INF] Executing OkObjectResult, writing value of type 'MES.Api.Middleware.ApiResponse'.
2026-05-26 14:18:15.160 +08:00 [INF] Executed action MES.Api.Controllers.WorkOrderController.GetAll (MES.Api) in 6.3916ms
2026-05-26 14:18:15.161 +08:00 [INF] Executed endpoint 'MES.Api.Controllers.WorkOrderController.GetAll (MES.Api)'
2026-05-26 14:18:15.162 +08:00 [INF] GET /api/v1/work-orders responded 200 in 12ms
2026-05-26 14:18:15.165 +08:00 [INF] Request finished HTTP/1.1 GET http://localhost:5180/api/v1/work-orders - 200 null application/json; charset=utf-8 17.3013ms
2026-05-26 14:18:15.198 +08:00 [INF] Request starting HTTP/1.1 GET http://localhost:5180/api/v1/work-orders - application/json null
2026-05-26 14:18:15.201 +08:00 [INF] Executing endpoint 'MES.Api.Controllers.WorkOrderController.GetAll (MES.Api)'
2026-05-26 14:18:15.203 +08:00 [INF] Route matched with {action = "GetAll", controller = "WorkOrder"}. Executing controller action with signature System.Threading.Tasks.Task`1[Microsoft.AspNetCore.Mvc.IActionResult] GetAll() on controller MES.Api.Controllers.WorkOrderController (MES.Api).
2026-05-26 14:18:15.208 +08:00 [INF] Executed DbCommand (1ms) [Parameters=[], CommandType='"Text"', CommandTimeout='30']
SELECT m.id, m.actual_end_time, m.actual_start_time, m.assignee, m.completed_qty, m.created_at, m.created_by, m.factory_id, m.is_deleted, m.line_id, m.material_id, m.order_no, m.plan_end_time, m.plan_start_time, m.planned_qty, m.priority, m.remark, m.rework_from_id, m.routing_id, m.scrap_qty, m.source_ref, m.source_type, m.status, m.updated_at, m.updated_by, m.workshop_id
FROM mes_work_order AS m
WHERE NOT (m.is_deleted)
2026-05-26 14:18:15.210 +08:00 [INF] Executing OkObjectResult, writing value of type 'MES.Api.Middleware.ApiResponse'.
2026-05-26 14:18:15.211 +08:00 [INF] Executed action MES.Api.Controllers.WorkOrderController.GetAll (MES.Api) in 6.0077ms
2026-05-26 14:18:15.213 +08:00 [INF] Executed endpoint 'MES.Api.Controllers.WorkOrderController.GetAll (MES.Api)'
2026-05-26 14:18:15.213 +08:00 [INF] GET /api/v1/work-orders responded 200 in 12ms
2026-05-26 14:18:15.215 +08:00 [INF] Request finished HTTP/1.1 GET http://localhost:5180/api/v1/work-orders - 200 null application/json; charset=utf-8 17.2135ms
2026-05-26 14:18:15.271 +08:00 [INF] Request starting HTTP/1.1 POST http://localhost:5180/api/v1/work-reports/pda-scan - application/json 145
2026-05-26 14:18:15.274 +08:00 [INF] Executing endpoint 'MES.Api.Controllers.WorkReportController.PdaScan (MES.Api)'
2026-05-26 14:18:15.281 +08:00 [INF] Route matched with {action = "PdaScan", controller = "WorkReport"}. Executing controller action with signature System.Threading.Tasks.Task`1[Microsoft.AspNetCore.Mvc.IActionResult] PdaScan(MES.Application.Services.PdaScanReportRequest) on controller MES.Api.Controllers.WorkReportController (MES.Api).
2026-05-26 14:18:15.451 +08:00 [INF] Executed DbCommand (1ms) [Parameters=[@request_ScanCode='?'], CommandType='"Text"', CommandTimeout='30']
SELECT m.id, m.actual_end_time, m.actual_start_time, m.assignee, m.completed_qty, m.created_at, m.created_by, m.factory_id, m.is_deleted, m.line_id, m.material_id, m.order_no, m.plan_end_time, m.plan_start_time, m.planned_qty, m.priority, m.remark, m.rework_from_id, m.routing_id, m.scrap_qty, m.source_ref, m.source_type, m.status, m.updated_at, m.updated_by, m.workshop_id
FROM mes_work_order AS m
WHERE NOT (m.is_deleted) AND m.order_no = @request_ScanCode
2026-05-26 14:18:15.459 +08:00 [INF] Executed DbCommand (1ms) [Parameters=[@request_WorkstationCode='?'], CommandType='"Text"', CommandTimeout='30']
SELECT m.id, m.code, m.created_at, m.created_by, m.is_deleted, m.line_id, m.name, m.seq_no, m.status, m.updated_at, m.updated_by
FROM mes_workstation AS m
WHERE NOT (m.is_deleted) AND m.code = @request_WorkstationCode
2026-05-26 14:18:15.466 +08:00 [INF] Executed DbCommand (1ms) [Parameters=[@request_OperatorCode='?'], CommandType='"Text"', CommandTimeout='30']
SELECT m.id, m.created_at, m.created_by, m.display_name, m.email, m.is_deleted, m.last_login_time, m.password_hash, m.phone, m.status, m.updated_at, m.updated_by, m.username
FROM mes_user AS m
WHERE NOT (m.is_deleted) AND m.username = @request_OperatorCode
2026-05-26 14:18:15.477 +08:00 [INF] Executed DbCommand (2ms) [Parameters=[@wo_Id='?' (DbType = Int64), @request_StepName='?'], CommandType='"Text"', CommandTimeout='30']
SELECT m.id, m.completed_qty, m.created_at, m.created_by, m.is_deleted, m.plan_end_time, m.plan_start_time, m.planned_qty, m.scrap_qty, m.status, m.step_name, m.step_no, m.updated_at, m.updated_by, m.work_order_id, m.workstation_id
FROM mes_work_order_step AS m
WHERE m.work_order_id = @wo_Id AND m.step_name = @request_StepName
2026-05-26 14:18:15.505 +08:00 [INF] Executed DbCommand (2ms) [Parameters=[@p25='?' (DbType = Int64), @p0='?' (DbType = DateTime), @p1='?' (DbType = DateTime), @p2='?' (DbType = Int64), @p3='?' (DbType = Decimal), @p4='?' (DbType = DateTime), @p5='?' (DbType = Int64), @p6='?' (DbType = Int64), @p7='?' (DbType = Boolean), @p8='?' (DbType = Int64), @p9='?' (DbType = Int64), @p10='?', @p11='?' (DbType = DateTime), @p12='?' (DbType = DateTime), @p13='?' (DbType = Decimal), @p14='?' (DbType = Int32), @p15='?', @p16='?' (DbType = Int64), @p17='?' (DbType = Int64), @p18='?' (DbType = Decimal), @p19='?', @p20='?' (DbType = Int32), @p21='?' (DbType = Int32), @p22='?' (DbType = DateTime), @p23='?' (DbType = Int64), @p24='?' (DbType = Int64)], CommandType='"Text"', CommandTimeout='30']
UPDATE mes_work_order SET actual_end_time = @p0, actual_start_time = @p1, assignee = @p2, completed_qty = @p3, created_at = @p4, created_by = @p5, factory_id = @p6, is_deleted = @p7, line_id = @p8, material_id = @p9, order_no = @p10, plan_end_time = @p11, plan_start_time = @p12, planned_qty = @p13, priority = @p14, remark = @p15, rework_from_id = @p16, routing_id = @p17, scrap_qty = @p18, source_ref = @p19, source_type = @p20, status = @p21, updated_at = @p22, updated_by = @p23, workshop_id = @p24
WHERE id = @p25;
2026-05-26 14:18:15.581 +08:00 [INF] Executed DbCommand (7ms) [Parameters=[@p0='?', @p1='?' (DbType = DateTime), @p2='?' (DbType = Int64), @p3='?' (DbType = Int32), @p4='?' (DbType = Decimal), @p5='?' (DbType = Boolean), @p6='?' (DbType = Int64), @p7='?', @p8='?', @p9='?' (DbType = DateTime), @p10='?' (DbType = Decimal), @p11='?' (DbType = Int64), @p12='?' (DbType = DateTime), @p13='?' (DbType = Int64), @p14='?' (DbType = Int64), @p15='?' (DbType = Int64)], CommandType='"Text"', CommandTimeout='30']
INSERT INTO mes_work_report (batch_no, created_at, created_by, duration_min, good_qty, is_deleted, operator_id, remark, report_no, report_time, scrap_qty, step_id, updated_at, updated_by, work_order_id, workstation_id)
VALUES (@p0, @p1, @p2, @p3, @p4, @p5, @p6, @p7, @p8, @p9, @p10, @p11, @p12, @p13, @p14, @p15)
RETURNING id, report_type, rework_qty;
2026-05-26 14:18:15.596 +08:00 [INF] Executing OkObjectResult, writing value of type 'MES.Api.Middleware.ApiResponse'.
2026-05-26 14:18:15.604 +08:00 [INF] Executed action MES.Api.Controllers.WorkReportController.PdaScan (MES.Api) in 321.5823ms
2026-05-26 14:18:15.605 +08:00 [INF] Executed endpoint 'MES.Api.Controllers.WorkReportController.PdaScan (MES.Api)'
2026-05-26 14:18:15.606 +08:00 [INF] POST /api/v1/work-reports/pda-scan responded 200 in 332ms
2026-05-26 14:18:15.607 +08:00 [INF] Request finished HTTP/1.1 POST http://localhost:5180/api/v1/work-reports/pda-scan - 200 null application/json; charset=utf-8 336.2474ms
2026-05-26 14:18:15.626 +08:00 [INF] Request starting HTTP/1.1 POST http://localhost:5180/api/v1/qc/inspections - application/json 134
2026-05-26 14:18:15.628 +08:00 [INF] Executing endpoint 'MES.Api.Controllers.QcController.CreateInspection (MES.Api)'
2026-05-26 14:18:15.632 +08:00 [INF] Route matched with {action = "CreateInspection", controller = "Qc"}. Executing controller action with signature System.Threading.Tasks.Task`1[Microsoft.AspNetCore.Mvc.IActionResult] CreateInspection(MES.Domain.Entities.QcInspection) on controller MES.Api.Controllers.QcController (MES.Api).
2026-05-26 14:18:15.693 +08:00 [INF] Executed DbCommand (4ms) [Parameters=[@p0='?' (DbType = DateTime), @p1='?' (DbType = Int64), @p2='?' (DbType = DateTime), @p3='?', @p4='?', @p5='?', @p6='?' (DbType = Int32), @p7='?' (DbType = DateTime), @p8='?' (DbType = Int64), @p9='?' (DbType = Boolean), @p10='?' (DbType = Int64), @p11='?', @p12='?', @p13='?' (DbType = DateTime), @p14='?' (DbType = Int64), @p15='?' (DbType = Int64)], CommandType='"Text"', CommandTimeout='30']
INSERT INTO mes_qc_inspection (created_at, created_by, handled_at, handling_action, handling_remark, inspect_no, inspect_result, inspect_time, inspector, is_deleted, material_id, remark, source_ref, updated_at, updated_by, work_order_id)
VALUES (@p0, @p1, @p2, @p3, @p4, @p5, @p6, @p7, @p8, @p9, @p10, @p11, @p12, @p13, @p14, @p15)
RETURNING id, source_type;
2026-05-26 14:18:15.699 +08:00 [INF] Executing OkObjectResult, writing value of type 'MES.Api.Middleware.ApiResponse'.
2026-05-26 14:18:15.704 +08:00 [INF] Executed action MES.Api.Controllers.QcController.CreateInspection (MES.Api) in 70.1873ms
2026-05-26 14:18:15.705 +08:00 [INF] Executed endpoint 'MES.Api.Controllers.QcController.CreateInspection (MES.Api)'
2026-05-26 14:18:15.705 +08:00 [INF] POST /api/v1/qc/inspections responded 200 in 78ms
2026-05-26 14:18:15.707 +08:00 [INF] Request finished HTTP/1.1 POST http://localhost:5180/api/v1/qc/inspections - 200 null application/json; charset=utf-8 80.8177ms
2026-05-26 14:18:15.721 +08:00 [INF] Request starting HTTP/1.1 POST http://localhost:5180/api/v1/qc/inspections/10/verify - application/json 17
2026-05-26 14:18:15.724 +08:00 [INF] Executing endpoint 'MES.Api.Controllers.QcController.VerifyInspection (MES.Api)'
2026-05-26 14:18:15.729 +08:00 [INF] Route matched with {action = "VerifyInspection", controller = "Qc"}. Executing controller action with signature System.Threading.Tasks.Task`1[Microsoft.AspNetCore.Mvc.IActionResult] VerifyInspection(Int64, MES.Api.Controllers.VerifyRequest) on controller MES.Api.Controllers.QcController (MES.Api).
2026-05-26 14:18:15.741 +08:00 [INF] Executed DbCommand (1ms) [Parameters=[@p='?' (DbType = Int64)], CommandType='"Text"', CommandTimeout='30']
SELECT m.id, m.created_at, m.created_by, m.handled_at, m.handling_action, m.handling_remark, m.inspect_no, m.inspect_result, m.inspect_time, m.inspector, m.is_deleted, m.material_id, m.remark, m.source_ref, m.source_type, m.updated_at, m.updated_by, m.work_order_id
FROM mes_qc_inspection AS m
WHERE m.id = @p
LIMIT 1
2026-05-26 14:18:15.747 +08:00 [INF] Executed DbCommand (2ms) [Parameters=[@p17='?' (DbType = Int64), @p0='?' (DbType = DateTime), @p1='?' (DbType = Int64), @p2='?' (DbType = DateTime), @p3='?', @p4='?', @p5='?', @p6='?' (DbType = Int32), @p7='?' (DbType = DateTime), @p8='?' (DbType = Int64), @p9='?' (DbType = Boolean), @p10='?' (DbType = Int64), @p11='?', @p12='?', @p13='?' (DbType = Int32), @p14='?' (DbType = DateTime), @p15='?' (DbType = Int64), @p16='?' (DbType = Int64)], CommandType='"Text"', CommandTimeout='30']
UPDATE mes_qc_inspection SET created_at = @p0, created_by = @p1, handled_at = @p2, handling_action = @p3, handling_remark = @p4, inspect_no = @p5, inspect_result = @p6, inspect_time = @p7, inspector = @p8, is_deleted = @p9, material_id = @p10, remark = @p11, source_ref = @p12, source_type = @p13, updated_at = @p14, updated_by = @p15, work_order_id = @p16
WHERE id = @p17;
2026-05-26 14:18:15.749 +08:00 [INF] Executing OkObjectResult, writing value of type 'MES.Api.Middleware.ApiResponse'.
2026-05-26 14:18:15.750 +08:00 [INF] Executed action MES.Api.Controllers.QcController.VerifyInspection (MES.Api) in 19.8798ms
2026-05-26 14:18:15.751 +08:00 [INF] Executed endpoint 'MES.Api.Controllers.QcController.VerifyInspection (MES.Api)'
2026-05-26 14:18:15.751 +08:00 [INF] POST /api/v1/qc/inspections/10/verify responded 200 in 27ms
2026-05-26 14:18:15.753 +08:00 [INF] Request finished HTTP/1.1 POST http://localhost:5180/api/v1/qc/inspections/10/verify - 200 null application/json; charset=utf-8 31.5249ms
2026-05-26 14:18:15.768 +08:00 [INF] Request starting HTTP/1.1 POST http://localhost:5180/api/v1/qc/inspections/10/items - application/json 65
2026-05-26 14:18:15.770 +08:00 [INF] Executing endpoint 'MES.Api.Controllers.QcController.AddItem (MES.Api)'
2026-05-26 14:18:15.775 +08:00 [INF] Route matched with {action = "AddItem", controller = "Qc"}. Executing controller action with signature System.Threading.Tasks.Task`1[Microsoft.AspNetCore.Mvc.IActionResult] AddItem(Int64, MES.Domain.Entities.QcInspectionItem) on controller MES.Api.Controllers.QcController (MES.Api).
2026-05-26 14:18:15.783 +08:00 [INF] Executed DbCommand (1ms) [Parameters=[@p='?' (DbType = Int64)], CommandType='"Text"', CommandTimeout='30']
SELECT m.id, m.created_at, m.created_by, m.handled_at, m.handling_action, m.handling_remark, m.inspect_no, m.inspect_result, m.inspect_time, m.inspector, m.is_deleted, m.material_id, m.remark, m.source_ref, m.source_type, m.updated_at, m.updated_by, m.work_order_id
FROM mes_qc_inspection AS m
WHERE m.id = @p
LIMIT 1
2026-05-26 14:18:15.809 +08:00 [INF] Executed DbCommand (4ms) [Parameters=[@p0='?', @p1='?' (DbType = DateTime), @p2='?' (DbType = Int64), @p3='?' (DbType = Int64), @p4='?' (DbType = Boolean), @p5='?', @p6='?', @p7='?' (DbType = DateTime), @p8='?' (DbType = Int64)], CommandType='"Text"', CommandTimeout='30']
INSERT INTO mes_qc_inspection_item (actual_value, created_at, created_by, inspection_id, is_deleted, item_name, spec_value, updated_at, updated_by)
VALUES (@p0, @p1, @p2, @p3, @p4, @p5, @p6, @p7, @p8)
RETURNING id, result;
2026-05-26 14:18:15.815 +08:00 [INF] Executing OkObjectResult, writing value of type 'MES.Api.Middleware.ApiResponse'.
2026-05-26 14:18:15.816 +08:00 [INF] Executed action MES.Api.Controllers.QcController.AddItem (MES.Api) in 39.5494ms
2026-05-26 14:18:15.817 +08:00 [INF] Executed endpoint 'MES.Api.Controllers.QcController.AddItem (MES.Api)'
2026-05-26 14:18:15.818 +08:00 [INF] POST /api/v1/qc/inspections/10/items responded 200 in 47ms
2026-05-26 14:18:15.820 +08:00 [INF] Request finished HTTP/1.1 POST http://localhost:5180/api/v1/qc/inspections/10/items - 200 null application/json; charset=utf-8 51.9287ms
2026-05-26 14:18:15.834 +08:00 [INF] Request starting HTTP/1.1 POST http://localhost:5180/api/v1/qc/inspections - application/json 139
2026-05-26 14:18:15.836 +08:00 [INF] Executing endpoint 'MES.Api.Controllers.QcController.CreateInspection (MES.Api)'
2026-05-26 14:18:15.838 +08:00 [INF] Route matched with {action = "CreateInspection", controller = "Qc"}. Executing controller action with signature System.Threading.Tasks.Task`1[Microsoft.AspNetCore.Mvc.IActionResult] CreateInspection(MES.Domain.Entities.QcInspection) on controller MES.Api.Controllers.QcController (MES.Api).
2026-05-26 14:18:15.845 +08:00 [INF] Executed DbCommand (4ms) [Parameters=[@p0='?' (DbType = DateTime), @p1='?' (DbType = Int64), @p2='?' (DbType = DateTime), @p3='?', @p4='?', @p5='?', @p6='?' (DbType = Int32), @p7='?' (DbType = DateTime), @p8='?' (DbType = Int64), @p9='?' (DbType = Boolean), @p10='?' (DbType = Int64), @p11='?', @p12='?', @p13='?' (DbType = DateTime), @p14='?' (DbType = Int64), @p15='?' (DbType = Int64)], CommandType='"Text"', CommandTimeout='30']
INSERT INTO mes_qc_inspection (created_at, created_by, handled_at, handling_action, handling_remark, inspect_no, inspect_result, inspect_time, inspector, is_deleted, material_id, remark, source_ref, updated_at, updated_by, work_order_id)
VALUES (@p0, @p1, @p2, @p3, @p4, @p5, @p6, @p7, @p8, @p9, @p10, @p11, @p12, @p13, @p14, @p15)
RETURNING id, source_type;
2026-05-26 14:18:15.847 +08:00 [INF] Executing OkObjectResult, writing value of type 'MES.Api.Middleware.ApiResponse'.
2026-05-26 14:18:15.848 +08:00 [INF] Executed action MES.Api.Controllers.QcController.CreateInspection (MES.Api) in 8.8183ms
2026-05-26 14:18:15.849 +08:00 [INF] Executed endpoint 'MES.Api.Controllers.QcController.CreateInspection (MES.Api)'
2026-05-26 14:18:15.850 +08:00 [INF] POST /api/v1/qc/inspections responded 200 in 13ms
2026-05-26 14:18:15.851 +08:00 [INF] Request finished HTTP/1.1 POST http://localhost:5180/api/v1/qc/inspections - 200 null application/json; charset=utf-8 17.0629ms
2026-05-26 14:18:15.866 +08:00 [INF] Request starting HTTP/1.1 POST http://localhost:5180/api/v1/qc/inspections/11/verify - application/json 17
2026-05-26 14:18:15.868 +08:00 [INF] Executing endpoint 'MES.Api.Controllers.QcController.VerifyInspection (MES.Api)'
2026-05-26 14:18:15.868 +08:00 [INF] Route matched with {action = "VerifyInspection", controller = "Qc"}. Executing controller action with signature System.Threading.Tasks.Task`1[Microsoft.AspNetCore.Mvc.IActionResult] VerifyInspection(Int64, MES.Api.Controllers.VerifyRequest) on controller MES.Api.Controllers.QcController (MES.Api).
2026-05-26 14:18:15.872 +08:00 [INF] Executed DbCommand (1ms) [Parameters=[@p='?' (DbType = Int64)], CommandType='"Text"', CommandTimeout='30']
SELECT m.id, m.created_at, m.created_by, m.handled_at, m.handling_action, m.handling_remark, m.inspect_no, m.inspect_result, m.inspect_time, m.inspector, m.is_deleted, m.material_id, m.remark, m.source_ref, m.source_type, m.updated_at, m.updated_by, m.work_order_id
FROM mes_qc_inspection AS m
WHERE m.id = @p
LIMIT 1
2026-05-26 14:18:15.877 +08:00 [INF] Executed DbCommand (3ms) [Parameters=[@p17='?' (DbType = Int64), @p0='?' (DbType = DateTime), @p1='?' (DbType = Int64), @p2='?' (DbType = DateTime), @p3='?', @p4='?', @p5='?', @p6='?' (DbType = Int32), @p7='?' (DbType = DateTime), @p8='?' (DbType = Int64), @p9='?' (DbType = Boolean), @p10='?' (DbType = Int64), @p11='?', @p12='?', @p13='?' (DbType = Int32), @p14='?' (DbType = DateTime), @p15='?' (DbType = Int64), @p16='?' (DbType = Int64)], CommandType='"Text"', CommandTimeout='30']
UPDATE mes_qc_inspection SET created_at = @p0, created_by = @p1, handled_at = @p2, handling_action = @p3, handling_remark = @p4, inspect_no = @p5, inspect_result = @p6, inspect_time = @p7, inspector = @p8, is_deleted = @p9, material_id = @p10, remark = @p11, source_ref = @p12, source_type = @p13, updated_at = @p14, updated_by = @p15, work_order_id = @p16
WHERE id = @p17;
2026-05-26 14:18:15.885 +08:00 [INF] Executed DbCommand (1ms) [Parameters=[@inspection_WorkOrderId_Value='?' (DbType = Int64)], CommandType='"Text"', CommandTimeout='30']
SELECT m.id, m.completed_qty, m.created_at, m.created_by, m.is_deleted, m.plan_end_time, m.plan_start_time, m.planned_qty, m.scrap_qty, m.status, m.step_name, m.step_no, m.updated_at, m.updated_by, m.work_order_id, m.workstation_id
FROM mes_work_order_step AS m
WHERE m.work_order_id = @inspection_WorkOrderId_Value
2026-05-26 14:18:15.886 +08:00 [INF] Executing OkObjectResult, writing value of type 'MES.Api.Middleware.ApiResponse'.
2026-05-26 14:18:15.888 +08:00 [INF] Executed action MES.Api.Controllers.QcController.VerifyInspection (MES.Api) in 17.7503ms
2026-05-26 14:18:15.888 +08:00 [INF] Executed endpoint 'MES.Api.Controllers.QcController.VerifyInspection (MES.Api)'
2026-05-26 14:18:15.889 +08:00 [INF] POST /api/v1/qc/inspections/11/verify responded 200 in 21ms
2026-05-26 14:18:15.890 +08:00 [INF] Request finished HTTP/1.1 POST http://localhost:5180/api/v1/qc/inspections/11/verify - 200 null application/json; charset=utf-8 24.5834ms
2026-05-26 14:18:15.904 +08:00 [INF] Request starting HTTP/1.1 POST http://localhost:5180/api/v1/qc/inspections/11/handle-nonconforming - application/json 37
2026-05-26 14:18:15.906 +08:00 [INF] Executing endpoint 'MES.Api.Controllers.QcController.HandleNonconforming (MES.Api)'
2026-05-26 14:18:15.911 +08:00 [INF] Route matched with {action = "HandleNonconforming", controller = "Qc"}. Executing controller action with signature System.Threading.Tasks.Task`1[Microsoft.AspNetCore.Mvc.IActionResult] HandleNonconforming(Int64, MES.Api.Controllers.HandleNonconformingRequest) on controller MES.Api.Controllers.QcController (MES.Api).
2026-05-26 14:18:15.917 +08:00 [INF] Executed DbCommand (1ms) [Parameters=[@p='?' (DbType = Int64)], CommandType='"Text"', CommandTimeout='30']
SELECT m.id, m.created_at, m.created_by, m.handled_at, m.handling_action, m.handling_remark, m.inspect_no, m.inspect_result, m.inspect_time, m.inspector, m.is_deleted, m.material_id, m.remark, m.source_ref, m.source_type, m.updated_at, m.updated_by, m.work_order_id
FROM mes_qc_inspection AS m
WHERE m.id = @p
LIMIT 1
2026-05-26 14:18:15.920 +08:00 [INF] Executed DbCommand (1ms) [Parameters=[@p='?' (DbType = Int64)], CommandType='"Text"', CommandTimeout='30']
SELECT m.id, m.actual_end_time, m.actual_start_time, m.assignee, m.completed_qty, m.created_at, m.created_by, m.factory_id, m.is_deleted, m.line_id, m.material_id, m.order_no, m.plan_end_time, m.plan_start_time, m.planned_qty, m.priority, m.remark, m.rework_from_id, m.routing_id, m.scrap_qty, m.source_ref, m.source_type, m.status, m.updated_at, m.updated_by, m.workshop_id
FROM mes_work_order AS m
WHERE NOT (m.is_deleted) AND m.id = @p
LIMIT 1
2026-05-26 14:18:15.925 +08:00 [INF] Executed DbCommand (2ms) [Parameters=[@p17='?' (DbType = Int64), @p0='?' (DbType = DateTime), @p1='?' (DbType = Int64), @p2='?' (DbType = DateTime), @p3='?', @p4='?', @p5='?', @p6='?' (DbType = Int32), @p7='?' (DbType = DateTime), @p8='?' (DbType = Int64), @p9='?' (DbType = Boolean), @p10='?' (DbType = Int64), @p11='?', @p12='?', @p13='?' (DbType = Int32), @p14='?' (DbType = DateTime), @p15='?' (DbType = Int64), @p16='?' (DbType = Int64)], CommandType='"Text"', CommandTimeout='30']
UPDATE mes_qc_inspection SET created_at = @p0, created_by = @p1, handled_at = @p2, handling_action = @p3, handling_remark = @p4, inspect_no = @p5, inspect_result = @p6, inspect_time = @p7, inspector = @p8, is_deleted = @p9, material_id = @p10, remark = @p11, source_ref = @p12, source_type = @p13, updated_at = @p14, updated_by = @p15, work_order_id = @p16
WHERE id = @p17;
2026-05-26 14:18:15.927 +08:00 [INF] Executing OkObjectResult, writing value of type 'MES.Api.Middleware.ApiResponse'.
2026-05-26 14:18:15.928 +08:00 [INF] Executed action MES.Api.Controllers.QcController.HandleNonconforming (MES.Api) in 15.4094ms
2026-05-26 14:18:15.929 +08:00 [INF] Executed endpoint 'MES.Api.Controllers.QcController.HandleNonconforming (MES.Api)'
2026-05-26 14:18:15.930 +08:00 [INF] POST /api/v1/qc/inspections/11/handle-nonconforming responded 200 in 23ms
2026-05-26 14:18:15.931 +08:00 [INF] Request finished HTTP/1.1 POST http://localhost:5180/api/v1/qc/inspections/11/handle-nonconforming - 200 null application/json; charset=utf-8 26.6674ms
2026-05-26 14:18:15.946 +08:00 [INF] Request starting HTTP/1.1 GET http://localhost:5180/api/v1/dashboard/orders/today - application/json null
2026-05-26 14:18:15.948 +08:00 [INF] Executing endpoint 'MES.Api.Controllers.DashboardController.TodayOrders (MES.Api)'
2026-05-26 14:18:15.952 +08:00 [INF] Route matched with {action = "TodayOrders", controller = "Dashboard"}. Executing controller action with signature System.Threading.Tasks.Task`1[Microsoft.AspNetCore.Mvc.IActionResult] TodayOrders() on controller MES.Api.Controllers.DashboardController (MES.Api).
2026-05-26 14:18:15.962 +08:00 [INF] Executed DbCommand (1ms) [Parameters=[@today='?' (DbType = DateTime)], CommandType='"Text"', CommandTimeout='30']
SELECT m.id, m.actual_end_time, m.actual_start_time, m.assignee, m.completed_qty, m.created_at, m.created_by, m.factory_id, m.is_deleted, m.line_id, m.material_id, m.order_no, m.plan_end_time, m.plan_start_time, m.planned_qty, m.priority, m.remark, m.rework_from_id, m.routing_id, m.scrap_qty, m.source_ref, m.source_type, m.status, m.updated_at, m.updated_by, m.workshop_id
FROM mes_work_order AS m
WHERE NOT (m.is_deleted) AND m.created_at >= @today
2026-05-26 14:18:15.964 +08:00 [INF] Executing OkObjectResult, writing value of type 'MES.Api.Middleware.ApiResponse'.
2026-05-26 14:18:15.969 +08:00 [INF] Executed action MES.Api.Controllers.DashboardController.TodayOrders (MES.Api) in 14.7191ms
2026-05-26 14:18:15.970 +08:00 [INF] Executed endpoint 'MES.Api.Controllers.DashboardController.TodayOrders (MES.Api)'
2026-05-26 14:18:15.971 +08:00 [INF] GET /api/v1/dashboard/orders/today responded 200 in 23ms
2026-05-26 14:18:15.972 +08:00 [INF] Request finished HTTP/1.1 GET http://localhost:5180/api/v1/dashboard/orders/today - 200 null application/json; charset=utf-8 26.4068ms
2026-05-26 14:18:15.986 +08:00 [INF] Request starting HTTP/1.1 GET http://localhost:5180/api/v1/dashboard/orders/status - application/json null
2026-05-26 14:18:15.989 +08:00 [INF] Executing endpoint 'MES.Api.Controllers.DashboardController.OrderStatus (MES.Api)'
2026-05-26 14:18:15.994 +08:00 [INF] Route matched with {action = "OrderStatus", controller = "Dashboard"}. Executing controller action with signature System.Threading.Tasks.Task`1[Microsoft.AspNetCore.Mvc.IActionResult] OrderStatus() on controller MES.Api.Controllers.DashboardController (MES.Api).
2026-05-26 14:18:15.997 +08:00 [INF] Executed DbCommand (1ms) [Parameters=[], CommandType='"Text"', CommandTimeout='30']
SELECT m.id, m.actual_end_time, m.actual_start_time, m.assignee, m.completed_qty, m.created_at, m.created_by, m.factory_id, m.is_deleted, m.line_id, m.material_id, m.order_no, m.plan_end_time, m.plan_start_time, m.planned_qty, m.priority, m.remark, m.rework_from_id, m.routing_id, m.scrap_qty, m.source_ref, m.source_type, m.status, m.updated_at, m.updated_by, m.workshop_id
FROM mes_work_order AS m
WHERE NOT (m.is_deleted)
2026-05-26 14:18:16.000 +08:00 [INF] Executing OkObjectResult, writing value of type 'MES.Api.Middleware.ApiResponse'.
2026-05-26 14:18:16.005 +08:00 [INF] Executed action MES.Api.Controllers.DashboardController.OrderStatus (MES.Api) in 10.5587ms
2026-05-26 14:18:16.006 +08:00 [INF] Executed endpoint 'MES.Api.Controllers.DashboardController.OrderStatus (MES.Api)'
2026-05-26 14:18:16.007 +08:00 [INF] GET /api/v1/dashboard/orders/status responded 200 in 18ms
2026-05-26 14:18:16.008 +08:00 [INF] Request finished HTTP/1.1 GET http://localhost:5180/api/v1/dashboard/orders/status - 200 null application/json; charset=utf-8 22.3426ms
2026-05-26 14:18:16.022 +08:00 [INF] Request starting HTTP/1.1 GET http://localhost:5180/api/v1/dashboard/output - application/json null
2026-05-26 14:18:16.024 +08:00 [INF] Executing endpoint 'MES.Api.Controllers.DashboardController.Output (MES.Api)'
2026-05-26 14:18:16.029 +08:00 [INF] Route matched with {action = "Output", controller = "Dashboard"}. Executing controller action with signature System.Threading.Tasks.Task`1[Microsoft.AspNetCore.Mvc.IActionResult] Output() on controller MES.Api.Controllers.DashboardController (MES.Api).
2026-05-26 14:18:16.034 +08:00 [INF] Executed DbCommand (1ms) [Parameters=[@today='?' (DbType = DateTime)], CommandType='"Text"', CommandTimeout='30']
SELECT m.id, m.actual_end_time, m.actual_start_time, m.assignee, m.completed_qty, m.created_at, m.created_by, m.factory_id, m.is_deleted, m.line_id, m.material_id, m.order_no, m.plan_end_time, m.plan_start_time, m.planned_qty, m.priority, m.remark, m.rework_from_id, m.routing_id, m.scrap_qty, m.source_ref, m.source_type, m.status, m.updated_at, m.updated_by, m.workshop_id
FROM mes_work_order AS m
WHERE NOT (m.is_deleted) AND m.created_at >= @today
2026-05-26 14:18:16.037 +08:00 [INF] Executing OkObjectResult, writing value of type 'MES.Api.Middleware.ApiResponse'.
2026-05-26 14:18:16.039 +08:00 [INF] Executed action MES.Api.Controllers.DashboardController.Output (MES.Api) in 9.0105ms
2026-05-26 14:18:16.040 +08:00 [INF] Executed endpoint 'MES.Api.Controllers.DashboardController.Output (MES.Api)'
2026-05-26 14:18:16.041 +08:00 [INF] GET /api/v1/dashboard/output responded 200 in 17ms
2026-05-26 14:18:16.042 +08:00 [INF] Request finished HTTP/1.1 GET http://localhost:5180/api/v1/dashboard/output - 200 null application/json; charset=utf-8 19.6541ms
2026-05-26 14:18:16.056 +08:00 [INF] Request starting HTTP/1.1 GET http://localhost:5180/api/v1/dashboard/equipment - application/json null
2026-05-26 14:18:16.058 +08:00 [INF] Executing endpoint 'MES.Api.Controllers.DashboardController.Equipment (MES.Api)'
2026-05-26 14:18:16.063 +08:00 [INF] Route matched with {action = "Equipment", controller = "Dashboard"}. Executing controller action with signature System.Threading.Tasks.Task`1[Microsoft.AspNetCore.Mvc.IActionResult] Equipment() on controller MES.Api.Controllers.DashboardController (MES.Api).
2026-05-26 14:18:16.073 +08:00 [INF] Executed DbCommand (2ms) [Parameters=[], CommandType='"Text"', CommandTimeout='30']
SELECT m.id, m.code, m.created_at, m.created_by, m.factory_id, m.install_date, m.is_deleted, m.last_maintain_date, m.line_id, m.maintain_cycle, m.model, m.name, m.next_maintain_date, m.planned_run_time, m.status, m.theoretical_cycle_time, m.updated_at, m.updated_by, m.workshop_id
FROM mes_equipment AS m
WHERE NOT (m.is_deleted)
2026-05-26 14:18:16.075 +08:00 [INF] Executing OkObjectResult, writing value of type 'MES.Api.Middleware.ApiResponse'.
2026-05-26 14:18:16.078 +08:00 [INF] Executed action MES.Api.Controllers.DashboardController.Equipment (MES.Api) in 13.3256ms
2026-05-26 14:18:16.078 +08:00 [INF] Executed endpoint 'MES.Api.Controllers.DashboardController.Equipment (MES.Api)'
2026-05-26 14:18:16.079 +08:00 [INF] GET /api/v1/dashboard/equipment responded 200 in 21ms
2026-05-26 14:18:16.080 +08:00 [INF] Request finished HTTP/1.1 GET http://localhost:5180/api/v1/dashboard/equipment - 200 null application/json; charset=utf-8 23.9589ms
2026-05-26 14:18:16.095 +08:00 [INF] Request starting HTTP/1.1 GET http://localhost:5180/api/v1/work-reports - application/json null
2026-05-26 14:18:16.096 +08:00 [INF] Executing endpoint 'MES.Api.Controllers.WorkReportController.GetAll (MES.Api)'
2026-05-26 14:18:16.101 +08:00 [INF] Route matched with {action = "GetAll", controller = "WorkReport"}. Executing controller action with signature System.Threading.Tasks.Task`1[Microsoft.AspNetCore.Mvc.IActionResult] GetAll() on controller MES.Api.Controllers.WorkReportController (MES.Api).
2026-05-26 14:18:16.111 +08:00 [INF] Executed DbCommand (1ms) [Parameters=[], CommandType='"Text"', CommandTimeout='30']
SELECT m.id, m.batch_no, m.created_at, m.created_by, m.duration_min, m.good_qty, m.is_deleted, m.operator_id, m.remark, m.report_no, m.report_time, m.report_type, m.rework_qty, m.scrap_qty, m.step_id, m.updated_at, m.updated_by, m.work_order_id, m.workstation_id
FROM mes_work_report AS m
2026-05-26 14:18:16.113 +08:00 [INF] Executing OkObjectResult, writing value of type 'MES.Api.Middleware.ApiResponse'.
2026-05-26 14:18:16.115 +08:00 [INF] Executed action MES.Api.Controllers.WorkReportController.GetAll (MES.Api) in 12.2228ms
2026-05-26 14:18:16.116 +08:00 [INF] Executed endpoint 'MES.Api.Controllers.WorkReportController.GetAll (MES.Api)'
2026-05-26 14:18:16.116 +08:00 [INF] GET /api/v1/work-reports responded 200 in 20ms
2026-05-26 14:18:16.117 +08:00 [INF] Request finished HTTP/1.1 GET http://localhost:5180/api/v1/work-reports - 200 null application/json; charset=utf-8 22.4469ms
2026-05-26 14:18:16.134 +08:00 [INF] Request starting HTTP/1.1 GET http://localhost:5180/api/v1/trace/by-batch/BAT20260511-0001 - application/json null
2026-05-26 14:18:16.136 +08:00 [INF] Executing endpoint 'MES.Api.Controllers.TraceController.ByBatch (MES.Api)'
2026-05-26 14:18:16.141 +08:00 [INF] Route matched with {action = "ByBatch", controller = "Trace"}. Executing controller action with signature System.Threading.Tasks.Task`1[Microsoft.AspNetCore.Mvc.IActionResult] ByBatch(System.String) on controller MES.Api.Controllers.TraceController (MES.Api).
2026-05-26 14:18:16.154 +08:00 [INF] Executed DbCommand (3ms) [Parameters=[@batchNo='?'], CommandType='"Text"', CommandTimeout='30']
SELECT m.id, m.batch_no, m.created_at, m.created_by, m.direction, m.is_deleted, m.material_id, m.operate_time, m.operator, m.qty, m.remark, m.serial_no, m.src_work_order_id, m.updated_at, m.updated_by, m.work_order_id
FROM mes_material_trace AS m
WHERE m.batch_no = @batchNo
2026-05-26 14:18:16.156 +08:00 [INF] Executing OkObjectResult, writing value of type 'MES.Api.Middleware.ApiResponse'.
2026-05-26 14:18:16.159 +08:00 [INF] Executed action MES.Api.Controllers.TraceController.ByBatch (MES.Api) in 16.1321ms
2026-05-26 14:18:16.160 +08:00 [INF] Executed endpoint 'MES.Api.Controllers.TraceController.ByBatch (MES.Api)'
2026-05-26 14:18:16.160 +08:00 [INF] GET /api/v1/trace/by-batch/BAT20260511-0001 responded 200 in 24ms
2026-05-26 14:18:16.162 +08:00 [INF] Request finished HTTP/1.1 GET http://localhost:5180/api/v1/trace/by-batch/BAT20260511-0001 - 200 null application/json; charset=utf-8 27.5607ms
2026-05-26 14:18:16.176 +08:00 [INF] Request starting HTTP/1.1 POST http://localhost:5180/api/v1/scheduling/auto-schedule - application/json 0
2026-05-26 14:18:16.178 +08:00 [INF] Executing endpoint 'MES.Api.Controllers.SchedulingController.AutoSchedule (MES.Api)'
2026-05-26 14:18:16.182 +08:00 [INF] Route matched with {action = "AutoSchedule", controller = "Scheduling"}. Executing controller action with signature System.Threading.Tasks.Task`1[Microsoft.AspNetCore.Mvc.IActionResult] AutoSchedule() on controller MES.Api.Controllers.SchedulingController (MES.Api).
2026-05-26 14:18:16.195 +08:00 [INF] Executed DbCommand (1ms) [Parameters=[], CommandType='"Text"', CommandTimeout='30']
SELECT m.id, m.actual_end_time, m.actual_start_time, m.assignee, m.completed_qty, m.created_at, m.created_by, m.factory_id, m.is_deleted, m.line_id, m.material_id, m.order_no, m.plan_end_time, m.plan_start_time, m.planned_qty, m.priority, m.remark, m.rework_from_id, m.routing_id, m.scrap_qty, m.source_ref, m.source_type, m.status, m.updated_at, m.updated_by, m.workshop_id
FROM mes_work_order AS m
WHERE NOT (m.is_deleted) AND m.status = 1 AND m.line_id IS NULL
2026-05-26 14:18:16.198 +08:00 [INF] Executing OkObjectResult, writing value of type 'MES.Api.Middleware.ApiResponse'.
2026-05-26 14:18:16.199 +08:00 [INF] Executed action MES.Api.Controllers.SchedulingController.AutoSchedule (MES.Api) in 15.4417ms
2026-05-26 14:18:16.200 +08:00 [INF] Executed endpoint 'MES.Api.Controllers.SchedulingController.AutoSchedule (MES.Api)'
2026-05-26 14:18:16.201 +08:00 [INF] POST /api/v1/scheduling/auto-schedule responded 200 in 23ms
2026-05-26 14:18:16.202 +08:00 [INF] Request finished HTTP/1.1 POST http://localhost:5180/api/v1/scheduling/auto-schedule - 200 null application/json; charset=utf-8 25.7306ms
2026-05-26 14:18:16.216 +08:00 [INF] Request starting HTTP/1.1 GET http://localhost:5180/api/v1/scheduling/line/5/scheduled-orders - application/json null
2026-05-26 14:18:16.218 +08:00 [INF] Executing endpoint 'MES.Api.Controllers.SchedulingController.GetLineScheduledOrders (MES.Api)'
2026-05-26 14:18:16.223 +08:00 [INF] Route matched with {action = "GetLineScheduledOrders", controller = "Scheduling"}. Executing controller action with signature System.Threading.Tasks.Task`1[Microsoft.AspNetCore.Mvc.IActionResult] GetLineScheduledOrders(Int64) on controller MES.Api.Controllers.SchedulingController (MES.Api).
2026-05-26 14:18:16.241 +08:00 [INF] Executed DbCommand (1ms) [Parameters=[@lineId='?' (DbType = Int64)], CommandType='"Text"', CommandTimeout='30']
SELECT m.id, m.actual_end_time, m.actual_start_time, m.assignee, m.completed_qty, m.created_at, m.created_by, m.factory_id, m.is_deleted, m.line_id, m.material_id, m.order_no, m.plan_end_time, m.plan_start_time, m.planned_qty, m.priority, m.remark, m.rework_from_id, m.routing_id, m.scrap_qty, m.source_ref, m.source_type, m.status, m.updated_at, m.updated_by, m.workshop_id
FROM mes_work_order AS m
WHERE NOT (m.is_deleted) AND m.line_id = @lineId AND m.status IN (2, 3)
2026-05-26 14:18:16.249 +08:00 [INF] Executed DbCommand (1ms) [Parameters=[@wo_Id='?' (DbType = Int64)], CommandType='"Text"', CommandTimeout='30']
SELECT m.id, m.completed_qty, m.created_at, m.created_by, m.is_deleted, m.plan_end_time, m.plan_start_time, m.planned_qty, m.scrap_qty, m.status, m.step_name, m.step_no, m.updated_at, m.updated_by, m.work_order_id, m.workstation_id
FROM mes_work_order_step AS m
WHERE m.work_order_id = @wo_Id
2026-05-26 14:18:16.250 +08:00 [INF] Executing OkObjectResult, writing value of type 'MES.Api.Middleware.ApiResponse'.
2026-05-26 14:18:16.252 +08:00 [INF] Executed action MES.Api.Controllers.SchedulingController.GetLineScheduledOrders (MES.Api) in 27.4431ms
2026-05-26 14:18:16.253 +08:00 [INF] Executed endpoint 'MES.Api.Controllers.SchedulingController.GetLineScheduledOrders (MES.Api)'
2026-05-26 14:18:16.255 +08:00 [INF] GET /api/v1/scheduling/line/5/scheduled-orders responded 200 in 36ms
2026-05-26 14:18:16.256 +08:00 [INF] Request finished HTTP/1.1 GET http://localhost:5180/api/v1/scheduling/line/5/scheduled-orders - 200 null application/json; charset=utf-8 40.4044ms
2026-05-26 14:18:16.271 +08:00 [INF] Request starting HTTP/1.1 GET http://localhost:5180/api/v1/andon/events - application/json null
2026-05-26 14:18:16.273 +08:00 [INF] Executing endpoint 'MES.Api.Controllers.AndonController.GetAll (MES.Api)'
2026-05-26 14:18:16.277 +08:00 [INF] Route matched with {action = "GetAll", controller = "Andon"}. Executing controller action with signature System.Threading.Tasks.Task`1[Microsoft.AspNetCore.Mvc.IActionResult] GetAll() on controller MES.Api.Controllers.AndonController (MES.Api).
2026-05-26 14:18:16.280 +08:00 [INF] Executing OkObjectResult, writing value of type 'MES.Api.Middleware.ApiResponse'.
2026-05-26 14:18:16.286 +08:00 [INF] Executed action MES.Api.Controllers.AndonController.GetAll (MES.Api) in 7.6247ms
2026-05-26 14:18:16.287 +08:00 [INF] Executed endpoint 'MES.Api.Controllers.AndonController.GetAll (MES.Api)'
2026-05-26 14:18:16.288 +08:00 [INF] GET /api/v1/andon/events responded 200 in 15ms
2026-05-26 14:18:16.289 +08:00 [INF] Request finished HTTP/1.1 GET http://localhost:5180/api/v1/andon/events - 200 null application/json; charset=utf-8 18.4684ms
2026-05-26 14:18:16.303 +08:00 [INF] Request starting HTTP/1.1 POST http://localhost:5180/api/v1/andon/trigger - application/json 85
2026-05-26 14:18:16.306 +08:00 [INF] Executing endpoint 'MES.Api.Controllers.AndonController.Trigger (MES.Api)'
2026-05-26 14:18:16.312 +08:00 [INF] Route matched with {action = "Trigger", controller = "Andon"}. Executing controller action with signature System.Threading.Tasks.Task`1[Microsoft.AspNetCore.Mvc.IActionResult] Trigger(MES.Api.Controllers.TriggerAndonRequest) on controller MES.Api.Controllers.AndonController (MES.Api).
2026-05-26 14:18:16.317 +08:00 [INF] Executing OkObjectResult, writing value of type 'MES.Api.Middleware.ApiResponse'.
2026-05-26 14:18:16.320 +08:00 [INF] Executed action MES.Api.Controllers.AndonController.Trigger (MES.Api) in 6.648ms
2026-05-26 14:18:16.321 +08:00 [INF] Executed endpoint 'MES.Api.Controllers.AndonController.Trigger (MES.Api)'
2026-05-26 14:18:16.322 +08:00 [INF] POST /api/v1/andon/trigger responded 200 in 15ms
2026-05-26 14:18:16.323 +08:00 [INF] Request finished HTTP/1.1 POST http://localhost:5180/api/v1/andon/trigger - 200 null application/json; charset=utf-8 19.5079ms
2026-05-26 14:18:16.337 +08:00 [INF] Request starting HTTP/1.1 GET http://localhost:5180/api/v1/andon/active - application/json null
2026-05-26 14:18:16.339 +08:00 [INF] Executing endpoint 'MES.Api.Controllers.AndonController.GetActive (MES.Api)'
2026-05-26 14:18:16.344 +08:00 [INF] Route matched with {action = "GetActive", controller = "Andon"}. Executing controller action with signature System.Threading.Tasks.Task`1[Microsoft.AspNetCore.Mvc.IActionResult] GetActive() on controller MES.Api.Controllers.AndonController (MES.Api).
2026-05-26 14:18:16.346 +08:00 [INF] Executing OkObjectResult, writing value of type 'MES.Api.Middleware.ApiResponse'.
2026-05-26 14:18:16.348 +08:00 [INF] Executed action MES.Api.Controllers.AndonController.GetActive (MES.Api) in 2.4637ms
2026-05-26 14:18:16.349 +08:00 [INF] Executed endpoint 'MES.Api.Controllers.AndonController.GetActive (MES.Api)'
2026-05-26 14:18:16.350 +08:00 [INF] GET /api/v1/andon/active responded 200 in 10ms
2026-05-26 14:18:16.351 +08:00 [INF] Request finished HTTP/1.1 GET http://localhost:5180/api/v1/andon/active - 200 null application/json; charset=utf-8 13.7939ms
